{"/Users/patrikluks/Applications/serviskol/backend/middleware/auditLog.js": {"path":"/Users/patrikluks/Applications/serviskol/backend/middleware/auditLog.js","statementMap":{"0":{"start":{"line":1,"column":11},"end":{"line":1,"column":24}},"1":{"start":{"line":2,"column":13},"end":{"line":2,"column":28}},"2":{"start":{"line":3,"column":24},"end":{"line":3,"column":61}},"3":{"start":{"line":6,"column":18},"end":{"line":6,"column":34}},"4":{"start":{"line":7,"column":16},"end":{"line":13,"column":3}},"5":{"start":{"line":14,"column":2},"end":{"line":14,"column":59}},"6":{"start":{"line":19,"column":13},"end":{"line":19,"column":26}},"7":{"start":{"line":20,"column":15},"end":{"line":20,"column":30}},"8":{"start":{"line":21,"column":18},"end":{"line":21,"column":34}},"9":{"start":{"line":22,"column":2},"end":{"line":22,"column":38}},"10":{"start":{"line":22,"column":31},"end":{"line":22,"column":38}},"11":{"start":{"line":23,"column":16},"end":{"line":23,"column":77}},"12":{"start":{"line":24,"column":16},"end":{"line":24,"column":53}},"13":{"start":{"line":25,"column":23},"end":{"line":27,"column":76}},"14":{"start":{"line":25,"column":40},"end":{"line":25,"column":92}},"15":{"start":{"line":25,"column":46},"end":{"line":25,"column":67}},"16":{"start":{"line":25,"column":78},"end":{"line":25,"column":90}},"17":{"start":{"line":27,"column":17},"end":{"line":27,"column":75}},"18":{"start":{"line":28,"column":2},"end":{"line":33,"column":3}},"19":{"start":{"line":29,"column":4},"end":{"line":32,"column":7}},"20":{"start":{"line":36,"column":0},"end":{"line":36,"column":49}}},"fnMap":{"0":{"name":"auditLog","decl":{"start":{"line":5,"column":9},"end":{"line":5,"column":17}},"loc":{"start":{"line":5,"column":46},"end":{"line":15,"column":1}},"line":5},"1":{"name":"checkExportAlerts","decl":{"start":{"line":18,"column":15},"end":{"line":18,"column":32}},"loc":{"start":{"line":18,"column":39},"end":{"line":34,"column":1}},"line":18},"2":{"name":"(anonymous_2)","decl":{"start":{"line":25,"column":33},"end":{"line":25,"column":34}},"loc":{"start":{"line":25,"column":38},"end":{"line":25,"column":94}},"line":25},"3":{"name":"(anonymous_3)","decl":{"start":{"line":27,"column":12},"end":{"line":27,"column":13}},"loc":{"start":{"line":27,"column":17},"end":{"line":27,"column":75}},"line":27}},"branchMap":{"0":{"loc":{"start":{"line":5,"column":32},"end":{"line":5,"column":44}},"type":"default-arg","locations":[{"start":{"line":5,"column":42},"end":{"line":5,"column":44}}],"line":5},"1":{"loc":{"start":{"line":9,"column":12},"end":{"line":9,"column":41}},"type":"binary-expr","locations":[{"start":{"line":9,"column":12},"end":{"line":9,"column":20}},{"start":{"line":9,"column":24},"end":{"line":9,"column":33}},{"start":{"line":9,"column":37},"end":{"line":9,"column":41}}],"line":9},"2":{"loc":{"start":{"line":10,"column":11},"end":{"line":10,"column":30}},"type":"binary-expr","locations":[{"start":{"line":10,"column":11},"end":{"line":10,"column":22}},{"start":{"line":10,"column":26},"end":{"line":10,"column":30}}],"line":10},"3":{"loc":{"start":{"line":22,"column":2},"end":{"line":22,"column":38}},"type":"if","locations":[{"start":{"line":22,"column":2},"end":{"line":22,"column":38}},{"start":{},"end":{}}],"line":22},"4":{"loc":{"start":{"line":27,"column":17},"end":{"line":27,"column":75}},"type":"binary-expr","locations":[{"start":{"line":27,"column":17},"end":{"line":27,"column":42}},{"start":{"line":27,"column":46},"end":{"line":27,"column":75}}],"line":27},"5":{"loc":{"start":{"line":28,"column":2},"end":{"line":33,"column":3}},"type":"if","locations":[{"start":{"line":28,"column":2},"end":{"line":33,"column":3}},{"start":{},"end":{}}],"line":28}},"s":{"0":2,"1":2,"2":2,"3":1,"4":1,"5":1,"6":4,"7":4,"8":4,"9":4,"10":0,"11":4,"12":4,"13":4,"14":14,"15":14,"16":0,"17":14,"18":4,"19":2,"20":2},"f":{"0":1,"1":4,"2":14,"3":14},"b":{"0":[0],"1":[1,0,0],"2":[1,0],"3":[0,4],"4":[14,14],"5":[2,2]},"_coverageSchema":"1a1c01bbd47fc00a2c39e90264f33305004495a9","hash":"c6ab17c7595ae41ea6a7efe9ffb34cd83cba58d0"}
,"/Users/patrikluks/Applications/serviskol/backend/middleware/auth.js": {"path":"/Users/patrikluks/Applications/serviskol/backend/middleware/auth.js","statementMap":{"0":{"start":{"line":2,"column":12},"end":{"line":2,"column":35}},"1":{"start":{"line":5,"column":21},"end":{"line":5,"column":46}},"2":{"start":{"line":6,"column":2},"end":{"line":8,"column":3}},"3":{"start":{"line":7,"column":4},"end":{"line":7,"column":69}},"4":{"start":{"line":9,"column":16},"end":{"line":9,"column":40}},"5":{"start":{"line":10,"column":2},"end":{"line":16,"column":3}},"6":{"start":{"line":11,"column":20},"end":{"line":11,"column":76}},"7":{"start":{"line":12,"column":4},"end":{"line":12,"column":23}},"8":{"start":{"line":13,"column":4},"end":{"line":13,"column":11}},"9":{"start":{"line":15,"column":4},"end":{"line":15,"column":76}},"10":{"start":{"line":22,"column":2},"end":{"line":24,"column":3}},"11":{"start":{"line":23,"column":4},"end":{"line":23,"column":70}},"12":{"start":{"line":25,"column":2},"end":{"line":25,"column":9}},"13":{"start":{"line":30,"column":2},"end":{"line":35,"column":4}},"14":{"start":{"line":31,"column":4},"end":{"line":33,"column":5}},"15":{"start":{"line":32,"column":6},"end":{"line":32,"column":78}},"16":{"start":{"line":34,"column":4},"end":{"line":34,"column":11}},"17":{"start":{"line":38,"column":0},"end":{"line":42,"column":2}}},"fnMap":{"0":{"name":"auth","decl":{"start":{"line":4,"column":9},"end":{"line":4,"column":13}},"loc":{"start":{"line":4,"column":30},"end":{"line":17,"column":1}},"line":4},"1":{"name":"adminOnly","decl":{"start":{"line":21,"column":9},"end":{"line":21,"column":18}},"loc":{"start":{"line":21,"column":35},"end":{"line":26,"column":1}},"line":21},"2":{"name":"adminRole","decl":{"start":{"line":29,"column":9},"end":{"line":29,"column":18}},"loc":{"start":{"line":29,"column":25},"end":{"line":36,"column":1}},"line":29},"3":{"name":"(anonymous_3)","decl":{"start":{"line":30,"column":9},"end":{"line":30,"column":10}},"loc":{"start":{"line":30,"column":35},"end":{"line":35,"column":3}},"line":30}},"branchMap":{"0":{"loc":{"start":{"line":6,"column":2},"end":{"line":8,"column":3}},"type":"if","locations":[{"start":{"line":6,"column":2},"end":{"line":8,"column":3}},{"start":{},"end":{}}],"line":6},"1":{"loc":{"start":{"line":6,"column":6},"end":{"line":6,"column":54}},"type":"binary-expr","locations":[{"start":{"line":6,"column":6},"end":{"line":6,"column":17}},{"start":{"line":6,"column":21},"end":{"line":6,"column":54}}],"line":6},"2":{"loc":{"start":{"line":11,"column":38},"end":{"line":11,"column":75}},"type":"binary-expr","locations":[{"start":{"line":11,"column":38},"end":{"line":11,"column":60}},{"start":{"line":11,"column":64},"end":{"line":11,"column":75}}],"line":11},"3":{"loc":{"start":{"line":22,"column":2},"end":{"line":24,"column":3}},"type":"if","locations":[{"start":{"line":22,"column":2},"end":{"line":24,"column":3}},{"start":{},"end":{}}],"line":22},"4":{"loc":{"start":{"line":22,"column":6},"end":{"line":22,"column":62}},"type":"binary-expr","locations":[{"start":{"line":22,"column":6},"end":{"line":22,"column":15}},{"start":{"line":22,"column":19},"end":{"line":22,"column":33}},{"start":{"line":22,"column":37},"end":{"line":22,"column":62}}],"line":22},"5":{"loc":{"start":{"line":31,"column":4},"end":{"line":33,"column":5}},"type":"if","locations":[{"start":{"line":31,"column":4},"end":{"line":33,"column":5}},{"start":{},"end":{}}],"line":31},"6":{"loc":{"start":{"line":31,"column":8},"end":{"line":31,"column":61}},"type":"binary-expr","locations":[{"start":{"line":31,"column":8},"end":{"line":31,"column":17}},{"start":{"line":31,"column":21},"end":{"line":31,"column":35}},{"start":{"line":31,"column":39},"end":{"line":31,"column":61}}],"line":31}},"s":{"0":1,"1":7,"2":7,"3":1,"4":6,"5":6,"6":6,"7":5,"8":5,"9":1,"10":2,"11":1,"12":1,"13":7,"14":2,"15":1,"16":1,"17":1},"f":{"0":7,"1":2,"2":7,"3":2},"b":{"0":[1,6],"1":[7,6],"2":[6,6],"3":[1,1],"4":[2,2,2],"5":[1,1],"6":[2,2,2]},"_coverageSchema":"1a1c01bbd47fc00a2c39e90264f33305004495a9","hash":"aa26fdf9104d01ac8f565ee2230e65a3057c4fe6"}
,"/Users/patrikluks/Applications/serviskol/backend/middleware/errorHandler.js": {"path":"/Users/patrikluks/Applications/serviskol/backend/middleware/errorHandler.js","statementMap":{"0":{"start":{"line":3,"column":2},"end":{"line":3,"column":27}},"1":{"start":{"line":4,"column":2},"end":{"line":4,"column":73}},"2":{"start":{"line":7,"column":0},"end":{"line":7,"column":30}}},"fnMap":{"0":{"name":"errorHandler","decl":{"start":{"line":2,"column":9},"end":{"line":2,"column":21}},"loc":{"start":{"line":2,"column":43},"end":{"line":5,"column":1}},"line":2}},"branchMap":{},"s":{"0":1,"1":1,"2":1},"f":{"0":1},"b":{},"_coverageSchema":"1a1c01bbd47fc00a2c39e90264f33305004495a9","hash":"eb574c216b851903b6690fce6349c3a416f9832d"}
,"/Users/patrikluks/Applications/serviskol/backend/middleware/validateUser.js": {"path":"/Users/patrikluks/Applications/serviskol/backend/middleware/validateUser.js","statementMap":{"0":{"start":{"line":2,"column":35},"end":{"line":2,"column":63}},"1":{"start":{"line":4,"column":25},"end":{"line":16,"column":1}},"2":{"start":{"line":10,"column":19},"end":{"line":10,"column":40}},"3":{"start":{"line":11,"column":4},"end":{"line":13,"column":5}},"4":{"start":{"line":12,"column":6},"end":{"line":12,"column":62}},"5":{"start":{"line":14,"column":4},"end":{"line":14,"column":11}},"6":{"start":{"line":18,"column":22},"end":{"line":28,"column":1}},"7":{"start":{"line":22,"column":19},"end":{"line":22,"column":40}},"8":{"start":{"line":23,"column":4},"end":{"line":25,"column":5}},"9":{"start":{"line":24,"column":6},"end":{"line":24,"column":62}},"10":{"start":{"line":26,"column":4},"end":{"line":26,"column":11}},"11":{"start":{"line":30,"column":0},"end":{"line":30,"column":53}}},"fnMap":{"0":{"name":"(anonymous_0)","decl":{"start":{"line":9,"column":2},"end":{"line":9,"column":3}},"loc":{"start":{"line":9,"column":22},"end":{"line":15,"column":3}},"line":9},"1":{"name":"(anonymous_1)","decl":{"start":{"line":21,"column":2},"end":{"line":21,"column":3}},"loc":{"start":{"line":21,"column":22},"end":{"line":27,"column":3}},"line":21}},"branchMap":{"0":{"loc":{"start":{"line":11,"column":4},"end":{"line":13,"column":5}},"type":"if","locations":[{"start":{"line":11,"column":4},"end":{"line":13,"column":5}},{"start":{},"end":{}}],"line":11},"1":{"loc":{"start":{"line":23,"column":4},"end":{"line":25,"column":5}},"type":"if","locations":[{"start":{"line":23,"column":4},"end":{"line":25,"column":5}},{"start":{},"end":{}}],"line":23}},"s":{"0":1,"1":1,"2":2,"3":2,"4":1,"5":1,"6":1,"7":2,"8":2,"9":1,"10":1,"11":1},"f":{"0":2,"1":2},"b":{"0":[1,1],"1":[1,1]},"_coverageSchema":"1a1c01bbd47fc00a2c39e90264f33305004495a9","hash":"d5bd8f4f6bddf9fd54655bd12ba5b9155970b678"}
,"/Users/patrikluks/Applications/serviskol/backend/models/Notification.js": {"path":"/Users/patrikluks/Applications/serviskol/backend/models/Notification.js","statementMap":{"0":{"start":{"line":1,"column":17},"end":{"line":1,"column":36}},"1":{"start":{"line":3,"column":27},"end":{"line":10,"column":2}},"2":{"start":{"line":12,"column":0},"end":{"line":12,"column":68}}},"fnMap":{},"branchMap":{},"s":{"0":3,"1":3,"2":3},"f":{},"b":{},"_coverageSchema":"1a1c01bbd47fc00a2c39e90264f33305004495a9","hash":"b4782aba365759795b765cec2c94b51357508db0"}
,"/Users/patrikluks/Applications/serviskol/backend/models/User.js": {"path":"/Users/patrikluks/Applications/serviskol/backend/models/User.js","statementMap":{"0":{"start":{"line":1,"column":17},"end":{"line":1,"column":36}},"1":{"start":{"line":2,"column":15},"end":{"line":2,"column":32}},"2":{"start":{"line":4,"column":19},"end":{"line":41,"column":2}},"3":{"start":{"line":44,"column":0},"end":{"line":70,"column":2}},"4":{"start":{"line":47,"column":2},"end":{"line":49,"column":3}},"5":{"start":{"line":48,"column":4},"end":{"line":48,"column":98}},"6":{"start":{"line":51,"column":2},"end":{"line":53,"column":3}},"7":{"start":{"line":52,"column":4},"end":{"line":52,"column":93}},"8":{"start":{"line":55,"column":2},"end":{"line":57,"column":3}},"9":{"start":{"line":56,"column":4},"end":{"line":56,"column":95}},"10":{"start":{"line":59,"column":2},"end":{"line":61,"column":3}},"11":{"start":{"line":60,"column":4},"end":{"line":60,"column":81}},"12":{"start":{"line":63,"column":2},"end":{"line":67,"column":3}},"13":{"start":{"line":64,"column":20},"end":{"line":64,"column":58}},"14":{"start":{"line":65,"column":17},"end":{"line":65,"column":76}},"15":{"start":{"line":65,"column":43},"end":{"line":65,"column":62}},"16":{"start":{"line":66,"column":4},"end":{"line":66,"column":124}},"17":{"start":{"line":66,"column":21},"end":{"line":66,"column":124}},"18":{"start":{"line":69,"column":2},"end":{"line":69,"column":84}},"19":{"start":{"line":72,"column":0},"end":{"line":83,"column":2}},"20":{"start":{"line":73,"column":2},"end":{"line":73,"column":72}},"21":{"start":{"line":73,"column":31},"end":{"line":73,"column":72}},"22":{"start":{"line":75,"column":2},"end":{"line":77,"column":3}},"23":{"start":{"line":76,"column":4},"end":{"line":76,"column":33}},"24":{"start":{"line":79,"column":18},"end":{"line":79,"column":56}},"25":{"start":{"line":80,"column":15},"end":{"line":80,"column":74}},"26":{"start":{"line":80,"column":41},"end":{"line":80,"column":60}},"27":{"start":{"line":81,"column":2},"end":{"line":81,"column":67}},"28":{"start":{"line":81,"column":19},"end":{"line":81,"column":67}},"29":{"start":{"line":82,"column":2},"end":{"line":82,"column":43}},"30":{"start":{"line":86,"column":0},"end":{"line":140,"column":3}},"31":{"start":{"line":88,"column":2},"end":{"line":131,"column":3}},"32":{"start":{"line":89,"column":4},"end":{"line":130,"column":32}},"33":{"start":{"line":90,"column":23},"end":{"line":90,"column":44}},"34":{"start":{"line":91,"column":6},"end":{"line":95,"column":9}},"35":{"start":{"line":97,"column":22},"end":{"line":97,"column":50}},"36":{"start":{"line":98,"column":23},"end":{"line":98,"column":87}},"37":{"start":{"line":99,"column":6},"end":{"line":101,"column":7}},"38":{"start":{"line":100,"column":8},"end":{"line":100,"column":96}},"39":{"start":{"line":103,"column":6},"end":{"line":129,"column":7}},"40":{"start":{"line":104,"column":35},"end":{"line":104,"column":74}},"41":{"start":{"line":105,"column":28},"end":{"line":105,"column":109}},"42":{"start":{"line":106,"column":8},"end":{"line":128,"column":9}},"43":{"start":{"line":108,"column":24},"end":{"line":108,"column":28}},"44":{"start":{"line":109,"column":10},"end":{"line":114,"column":11}},"45":{"start":{"line":110,"column":35},"end":{"line":110,"column":77}},"46":{"start":{"line":110,"column":58},"end":{"line":110,"column":76}},"47":{"start":{"line":111,"column":12},"end":{"line":113,"column":13}},"48":{"start":{"line":112,"column":14},"end":{"line":112,"column":90}},"49":{"start":{"line":116,"column":26},"end":{"line":116,"column":79}},"50":{"start":{"line":117,"column":10},"end":{"line":126,"column":11}},"51":{"start":{"line":118,"column":33},"end":{"line":118,"column":66}},"52":{"start":{"line":119,"column":12},"end":{"line":125,"column":15}},"53":{"start":{"line":132,"column":2},"end":{"line":132,"column":54}},"54":{"start":{"line":132,"column":40},"end":{"line":132,"column":54}},"55":{"start":{"line":133,"column":2},"end":{"line":139,"column":3}},"56":{"start":{"line":134,"column":17},"end":{"line":134,"column":41}},"57":{"start":{"line":135,"column":4},"end":{"line":135,"column":67}},"58":{"start":{"line":136,"column":4},"end":{"line":136,"column":11}},"59":{"start":{"line":138,"column":4},"end":{"line":138,"column":14}},"60":{"start":{"line":142,"column":0},"end":{"line":142,"column":52}}},"fnMap":{"0":{"name":"(anonymous_0)","decl":{"start":{"line":44,"column":41},"end":{"line":44,"column":42}},"loc":{"start":{"line":44,"column":56},"end":{"line":70,"column":1}},"line":44},"1":{"name":"(anonymous_1)","decl":{"start":{"line":65,"column":32},"end":{"line":65,"column":33}},"loc":{"start":{"line":65,"column":43},"end":{"line":65,"column":62}},"line":65},"2":{"name":"(anonymous_2)","decl":{"start":{"line":72,"column":40},"end":{"line":72,"column":41}},"loc":{"start":{"line":72,"column":55},"end":{"line":83,"column":1}},"line":72},"3":{"name":"(anonymous_3)","decl":{"start":{"line":80,"column":30},"end":{"line":80,"column":31}},"loc":{"start":{"line":80,"column":41},"end":{"line":80,"column":60}},"line":80},"4":{"name":"(anonymous_4)","decl":{"start":{"line":86,"column":23},"end":{"line":86,"column":24}},"loc":{"start":{"line":86,"column":45},"end":{"line":140,"column":1}},"line":86},"5":{"name":"(anonymous_5)","decl":{"start":{"line":110,"column":53},"end":{"line":110,"column":54}},"loc":{"start":{"line":110,"column":58},"end":{"line":110,"column":76}},"line":110}},"branchMap":{"0":{"loc":{"start":{"line":47,"column":2},"end":{"line":49,"column":3}},"type":"if","locations":[{"start":{"line":47,"column":2},"end":{"line":49,"column":3}},{"start":{},"end":{}}],"line":47},"1":{"loc":{"start":{"line":47,"column":6},"end":{"line":47,"column":123}},"type":"binary-expr","locations":[{"start":{"line":47,"column":6},"end":{"line":47,"column":27}},{"start":{"line":47,"column":31},"end":{"line":47,"column":53}},{"start":{"line":47,"column":57},"end":{"line":47,"column":123}}],"line":47},"2":{"loc":{"start":{"line":51,"column":2},"end":{"line":53,"column":3}},"type":"if","locations":[{"start":{"line":51,"column":2},"end":{"line":53,"column":3}},{"start":{},"end":{}}],"line":51},"3":{"loc":{"start":{"line":51,"column":6},"end":{"line":51,"column":133}},"type":"binary-expr","locations":[{"start":{"line":51,"column":6},"end":{"line":51,"column":14}},{"start":{"line":51,"column":18},"end":{"line":51,"column":31}},{"start":{"line":51,"column":35},"end":{"line":51,"column":57}},{"start":{"line":51,"column":61},"end":{"line":51,"column":133}}],"line":51},"4":{"loc":{"start":{"line":51,"column":62},"end":{"line":51,"column":94}},"type":"binary-expr","locations":[{"start":{"line":51,"column":62},"end":{"line":51,"column":89}},{"start":{"line":51,"column":93},"end":{"line":51,"column":94}}],"line":51},"5":{"loc":{"start":{"line":51,"column":99},"end":{"line":51,"column":132}},"type":"binary-expr","locations":[{"start":{"line":51,"column":99},"end":{"line":51,"column":127}},{"start":{"line":51,"column":131},"end":{"line":51,"column":132}}],"line":51},"6":{"loc":{"start":{"line":55,"column":2},"end":{"line":57,"column":3}},"type":"if","locations":[{"start":{"line":55,"column":2},"end":{"line":57,"column":3}},{"start":{},"end":{}}],"line":55},"7":{"loc":{"start":{"line":55,"column":6},"end":{"line":55,"column":133}},"type":"binary-expr","locations":[{"start":{"line":55,"column":6},"end":{"line":55,"column":14}},{"start":{"line":55,"column":18},"end":{"line":55,"column":31}},{"start":{"line":55,"column":35},"end":{"line":55,"column":57}},{"start":{"line":55,"column":61},"end":{"line":55,"column":133}}],"line":55},"8":{"loc":{"start":{"line":55,"column":62},"end":{"line":55,"column":95}},"type":"binary-expr","locations":[{"start":{"line":55,"column":62},"end":{"line":55,"column":90}},{"start":{"line":55,"column":94},"end":{"line":55,"column":95}}],"line":55},"9":{"loc":{"start":{"line":55,"column":100},"end":{"line":55,"column":132}},"type":"binary-expr","locations":[{"start":{"line":55,"column":100},"end":{"line":55,"column":127}},{"start":{"line":55,"column":131},"end":{"line":55,"column":132}}],"line":55},"10":{"loc":{"start":{"line":59,"column":2},"end":{"line":61,"column":3}},"type":"if","locations":[{"start":{"line":59,"column":2},"end":{"line":61,"column":3}},{"start":{},"end":{}}],"line":59},"11":{"loc":{"start":{"line":59,"column":6},"end":{"line":59,"column":207}},"type":"binary-expr","locations":[{"start":{"line":59,"column":6},"end":{"line":59,"column":29}},{"start":{"line":59,"column":33},"end":{"line":59,"column":55}},{"start":{"line":59,"column":59},"end":{"line":59,"column":207}}],"line":59},"12":{"loc":{"start":{"line":59,"column":60},"end":{"line":59,"column":93}},"type":"binary-expr","locations":[{"start":{"line":59,"column":60},"end":{"line":59,"column":88}},{"start":{"line":59,"column":92},"end":{"line":59,"column":93}}],"line":59},"13":{"loc":{"start":{"line":59,"column":106},"end":{"line":59,"column":139}},"type":"binary-expr","locations":[{"start":{"line":59,"column":106},"end":{"line":59,"column":134}},{"start":{"line":59,"column":138},"end":{"line":59,"column":139}}],"line":59},"14":{"loc":{"start":{"line":59,"column":141},"end":{"line":59,"column":173}},"type":"binary-expr","locations":[{"start":{"line":59,"column":141},"end":{"line":59,"column":168}},{"start":{"line":59,"column":172},"end":{"line":59,"column":173}}],"line":59},"15":{"loc":{"start":{"line":59,"column":175},"end":{"line":59,"column":206}},"type":"binary-expr","locations":[{"start":{"line":59,"column":175},"end":{"line":59,"column":201}},{"start":{"line":59,"column":205},"end":{"line":59,"column":206}}],"line":59},"16":{"loc":{"start":{"line":63,"column":2},"end":{"line":67,"column":3}},"type":"if","locations":[{"start":{"line":63,"column":2},"end":{"line":67,"column":3}},{"start":{},"end":{}}],"line":63},"17":{"loc":{"start":{"line":65,"column":43},"end":{"line":65,"column":62}},"type":"cond-expr","locations":[{"start":{"line":65,"column":57},"end":{"line":65,"column":58}},{"start":{"line":65,"column":61},"end":{"line":65,"column":62}}],"line":65},"18":{"loc":{"start":{"line":66,"column":4},"end":{"line":66,"column":124}},"type":"if","locations":[{"start":{"line":66,"column":4},"end":{"line":66,"column":124}},{"start":{},"end":{}}],"line":66},"19":{"loc":{"start":{"line":66,"column":39},"end":{"line":66,"column":79}},"type":"cond-expr","locations":[{"start":{"line":66,"column":61},"end":{"line":66,"column":69}},{"start":{"line":66,"column":72},"end":{"line":66,"column":79}}],"line":66},"20":{"loc":{"start":{"line":69,"column":20},"end":{"line":69,"column":53}},"type":"binary-expr","locations":[{"start":{"line":69,"column":20},"end":{"line":69,"column":41}},{"start":{"line":69,"column":45},"end":{"line":69,"column":53}}],"line":69},"21":{"loc":{"start":{"line":73,"column":2},"end":{"line":73,"column":72}},"type":"if","locations":[{"start":{"line":73,"column":2},"end":{"line":73,"column":72}},{"start":{},"end":{}}],"line":73},"22":{"loc":{"start":{"line":73,"column":38},"end":{"line":73,"column":71}},"type":"binary-expr","locations":[{"start":{"line":73,"column":38},"end":{"line":73,"column":59}},{"start":{"line":73,"column":63},"end":{"line":73,"column":71}}],"line":73},"23":{"loc":{"start":{"line":75,"column":2},"end":{"line":77,"column":3}},"type":"if","locations":[{"start":{"line":75,"column":2},"end":{"line":77,"column":3}},{"start":{},"end":{}}],"line":75},"24":{"loc":{"start":{"line":75,"column":6},"end":{"line":75,"column":97}},"type":"binary-expr","locations":[{"start":{"line":75,"column":6},"end":{"line":75,"column":27}},{"start":{"line":75,"column":31},"end":{"line":75,"column":97}}],"line":75},"25":{"loc":{"start":{"line":80,"column":41},"end":{"line":80,"column":60}},"type":"cond-expr","locations":[{"start":{"line":80,"column":55},"end":{"line":80,"column":56}},{"start":{"line":80,"column":59},"end":{"line":80,"column":60}}],"line":80},"26":{"loc":{"start":{"line":81,"column":2},"end":{"line":81,"column":67}},"type":"if","locations":[{"start":{"line":81,"column":2},"end":{"line":81,"column":67}},{"start":{},"end":{}}],"line":81},"27":{"loc":{"start":{"line":81,"column":26},"end":{"line":81,"column":66}},"type":"cond-expr","locations":[{"start":{"line":81,"column":48},"end":{"line":81,"column":56}},{"start":{"line":81,"column":59},"end":{"line":81,"column":66}}],"line":81},"28":{"loc":{"start":{"line":82,"column":9},"end":{"line":82,"column":42}},"type":"binary-expr","locations":[{"start":{"line":82,"column":9},"end":{"line":82,"column":30}},{"start":{"line":82,"column":34},"end":{"line":82,"column":42}}],"line":82},"29":{"loc":{"start":{"line":88,"column":2},"end":{"line":131,"column":3}},"type":"if","locations":[{"start":{"line":88,"column":2},"end":{"line":131,"column":3}},{"start":{},"end":{}}],"line":88},"30":{"loc":{"start":{"line":88,"column":6},"end":{"line":88,"column":49}},"type":"binary-expr","locations":[{"start":{"line":88,"column":6},"end":{"line":88,"column":34}},{"start":{"line":88,"column":38},"end":{"line":88,"column":49}}],"line":88},"31":{"loc":{"start":{"line":103,"column":6},"end":{"line":129,"column":7}},"type":"if","locations":[{"start":{"line":103,"column":6},"end":{"line":129,"column":7}},{"start":{},"end":{}}],"line":103},"32":{"loc":{"start":{"line":109,"column":10},"end":{"line":114,"column":11}},"type":"if","locations":[{"start":{"line":109,"column":10},"end":{"line":114,"column":11}},{"start":{},"end":{}}],"line":109},"33":{"loc":{"start":{"line":109,"column":14},"end":{"line":109,"column":64}},"type":"binary-expr","locations":[{"start":{"line":109,"column":14},"end":{"line":109,"column":39}},{"start":{"line":109,"column":43},"end":{"line":109,"column":64}}],"line":109},"34":{"loc":{"start":{"line":111,"column":12},"end":{"line":113,"column":13}},"type":"if","locations":[{"start":{"line":111,"column":12},"end":{"line":113,"column":13}},{"start":{},"end":{}}],"line":111},"35":{"loc":{"start":{"line":116,"column":26},"end":{"line":116,"column":79}},"type":"cond-expr","locations":[{"start":{"line":116,"column":36},"end":{"line":116,"column":59}},{"start":{"line":116,"column":62},"end":{"line":116,"column":79}}],"line":116},"36":{"loc":{"start":{"line":117,"column":10},"end":{"line":126,"column":11}},"type":"if","locations":[{"start":{"line":117,"column":10},"end":{"line":126,"column":11}},{"start":{},"end":{}}],"line":117},"37":{"loc":{"start":{"line":132,"column":2},"end":{"line":132,"column":54}},"type":"if","locations":[{"start":{"line":132,"column":2},"end":{"line":132,"column":54}},{"start":{},"end":{}}],"line":132}},"s":{"0":4,"1":4,"2":4,"3":4,"4":0,"5":0,"6":0,"7":0,"8":0,"9":0,"10":0,"11":0,"12":0,"13":0,"14":0,"15":0,"16":0,"17":0,"18":0,"19":4,"20":0,"21":0,"22":0,"23":0,"24":0,"25":0,"26":0,"27":0,"28":0,"29":0,"30":4,"31":0,"32":0,"33":0,"34":0,"35":0,"36":0,"37":0,"38":0,"39":0,"40":0,"41":0,"42":0,"43":0,"44":0,"45":0,"46":0,"47":0,"48":0,"49":0,"50":0,"51":0,"52":0,"53":0,"54":0,"55":0,"56":0,"57":0,"58":0,"59":0,"60":4},"f":{"0":0,"1":0,"2":0,"3":0,"4":0,"5":0},"b":{"0":[0,0],"1":[0,0,0],"2":[0,0],"3":[0,0,0,0],"4":[0,0],"5":[0,0],"6":[0,0],"7":[0,0,0,0],"8":[0,0],"9":[0,0],"10":[0,0],"11":[0,0,0],"12":[0,0],"13":[0,0],"14":[0,0],"15":[0,0],"16":[0,0],"17":[0,0],"18":[0,0],"19":[0,0],"20":[0,0],"21":[0,0],"22":[0,0],"23":[0,0],"24":[0,0],"25":[0,0],"26":[0,0],"27":[0,0],"28":[0,0],"29":[0,0],"30":[0,0],"31":[0,0],"32":[0,0],"33":[0,0],"34":[0,0],"35":[0,0],"36":[0,0],"37":[0,0]},"_coverageSchema":"1a1c01bbd47fc00a2c39e90264f33305004495a9","hash":"5e015bb8e1074f713e4c79103adf8a0eb5f66242"}
,"/Users/patrikluks/Applications/serviskol/backend/routes/healthRoutes.js": {"path":"/Users/patrikluks/Applications/serviskol/backend/routes/healthRoutes.js","statementMap":{"0":{"start":{"line":1,"column":16},"end":{"line":1,"column":34}},"1":{"start":{"line":2,"column":15},"end":{"line":2,"column":31}},"2":{"start":{"line":3,"column":17},"end":{"line":3,"column":36}},"3":{"start":{"line":6,"column":0},"end":{"line":13,"column":3}},"4":{"start":{"line":7,"column":18},"end":{"line":7,"column":48}},"5":{"start":{"line":8,"column":2},"end":{"line":12,"column":5}},"6":{"start":{"line":15,"column":0},"end":{"line":15,"column":24}}},"fnMap":{"0":{"name":"(anonymous_0)","decl":{"start":{"line":6,"column":22},"end":{"line":6,"column":23}},"loc":{"start":{"line":6,"column":36},"end":{"line":13,"column":1}},"line":6}},"branchMap":{"0":{"loc":{"start":{"line":10,"column":8},"end":{"line":10,"column":52}},"type":"cond-expr","locations":[{"start":{"line":10,"column":24},"end":{"line":10,"column":35}},{"start":{"line":10,"column":38},"end":{"line":10,"column":52}}],"line":10}},"s":{"0":1,"1":1,"2":1,"3":1,"4":1,"5":1,"6":1},"f":{"0":1},"b":{"0":[0,1]},"_coverageSchema":"1a1c01bbd47fc00a2c39e90264f33305004495a9","hash":"0e6b25109c42901fa0eb6aa37849516d5abb230f"}
,"/Users/patrikluks/Applications/serviskol/backend/utils/notificationUtils.js": {"path":"/Users/patrikluks/Applications/serviskol/backend/utils/notificationUtils.js","statementMap":{"0":{"start":{"line":2,"column":21},"end":{"line":2,"column":54}},"1":{"start":{"line":5,"column":13},"end":{"line":5,"column":38}},"2":{"start":{"line":6,"column":18},"end":{"line":6,"column":40}},"3":{"start":{"line":7,"column":33},"end":{"line":7,"column":55}},"4":{"start":{"line":10,"column":2},"end":{"line":10,"column":63}},"5":{"start":{"line":15,"column":17},"end":{"line":15,"column":51}},"6":{"start":{"line":16,"column":2},"end":{"line":28,"column":3}},"7":{"start":{"line":18,"column":4},"end":{"line":20,"column":5}},"8":{"start":{"line":19,"column":6},"end":{"line":19,"column":58}},"9":{"start":{"line":22,"column":4},"end":{"line":22,"column":57}},"10":{"start":{"line":24,"column":15},"end":{"line":24,"column":28}},"11":{"start":{"line":25,"column":17},"end":{"line":25,"column":32}},"12":{"start":{"line":26,"column":20},"end":{"line":26,"column":36}},"13":{"start":{"line":27,"column":4},"end":{"line":27,"column":144}},"14":{"start":{"line":31,"column":0},"end":{"line":31,"column":53}}},"fnMap":{"0":{"name":"createNotification","decl":{"start":{"line":9,"column":15},"end":{"line":9,"column":33}},"loc":{"start":{"line":9,"column":79},"end":{"line":11,"column":1}},"line":9},"1":{"name":"alertAdmins","decl":{"start":{"line":13,"column":15},"end":{"line":13,"column":26}},"loc":{"start":{"line":13,"column":62},"end":{"line":29,"column":1}},"line":13}},"branchMap":{"0":{"loc":{"start":{"line":9,"column":57},"end":{"line":9,"column":75}},"type":"default-arg","locations":[{"start":{"line":9,"column":67},"end":{"line":9,"column":75}}],"line":9},"1":{"loc":{"start":{"line":13,"column":44},"end":{"line":13,"column":58}},"type":"default-arg","locations":[{"start":{"line":13,"column":51},"end":{"line":13,"column":58}}],"line":13},"2":{"loc":{"start":{"line":18,"column":4},"end":{"line":20,"column":5}},"type":"if","locations":[{"start":{"line":18,"column":4},"end":{"line":20,"column":5}},{"start":{},"end":{}}],"line":18}},"s":{"0":3,"1":3,"2":3,"3":3,"4":1,"5":1,"6":1,"7":2,"8":2,"9":2,"10":2,"11":2,"12":2,"13":2,"14":3},"f":{"0":1,"1":1},"b":{"0":[1],"1":[1],"2":[2,0]},"_coverageSchema":"1a1c01bbd47fc00a2c39e90264f33305004495a9","hash":"f9538e421793312c4cca901822a85755582fc6dd"}
,"/Users/patrikluks/Applications/serviskol/backend/utils/pushUtils.js": {"path":"/Users/patrikluks/Applications/serviskol/backend/utils/pushUtils.js","statementMap":{"0":{"start":{"line":1,"column":14},"end":{"line":1,"column":39}},"1":{"start":{"line":2,"column":13},"end":{"line":2,"column":38}},"2":{"start":{"line":3,"column":11},"end":{"line":3,"column":24}},"3":{"start":{"line":4,"column":13},"end":{"line":4,"column":28}},"4":{"start":{"line":14,"column":15},"end":{"line":14,"column":42}},"5":{"start":{"line":15,"column":2},"end":{"line":15,"column":78}},"6":{"start":{"line":15,"column":71},"end":{"line":15,"column":78}},"7":{"start":{"line":16,"column":18},"end":{"line":20,"column":3}},"8":{"start":{"line":21,"column":18},"end":{"line":21,"column":58}},"9":{"start":{"line":22,"column":2},"end":{"line":37,"column":3}},"10":{"start":{"line":23,"column":4},"end":{"line":23,"column":42}},"11":{"start":{"line":24,"column":4},"end":{"line":24,"column":105}},"12":{"start":{"line":26,"column":4},"end":{"line":26,"column":122}},"13":{"start":{"line":28,"column":4},"end":{"line":36,"column":5}},"14":{"start":{"line":30,"column":24},"end":{"line":30,"column":46}},"15":{"start":{"line":31,"column":6},"end":{"line":35,"column":9}},"16":{"start":{"line":40,"column":0},"end":{"line":40,"column":42}}},"fnMap":{"0":{"name":"sendPushNotification","decl":{"start":{"line":13,"column":15},"end":{"line":13,"column":35}},"loc":{"start":{"line":13,"column":57},"end":{"line":38,"column":1}},"line":13}},"branchMap":{"0":{"loc":{"start":{"line":15,"column":2},"end":{"line":15,"column":78}},"type":"if","locations":[{"start":{"line":15,"column":2},"end":{"line":15,"column":78}},{"start":{},"end":{}}],"line":15},"1":{"loc":{"start":{"line":15,"column":6},"end":{"line":15,"column":69}},"type":"binary-expr","locations":[{"start":{"line":15,"column":6},"end":{"line":15,"column":11}},{"start":{"line":15,"column":15},"end":{"line":15,"column":30}},{"start":{"line":15,"column":34},"end":{"line":15,"column":69}}],"line":15},"2":{"loc":{"start":{"line":24,"column":70},"end":{"line":24,"column":90}},"type":"binary-expr","locations":[{"start":{"line":24,"column":70},"end":{"line":24,"column":80}},{"start":{"line":24,"column":84},"end":{"line":24,"column":90}}],"line":24},"3":{"loc":{"start":{"line":26,"column":72},"end":{"line":26,"column":92}},"type":"binary-expr","locations":[{"start":{"line":26,"column":72},"end":{"line":26,"column":82}},{"start":{"line":26,"column":86},"end":{"line":26,"column":92}}],"line":26},"4":{"loc":{"start":{"line":28,"column":4},"end":{"line":36,"column":5}},"type":"if","locations":[{"start":{"line":28,"column":4},"end":{"line":36,"column":5}},{"start":{},"end":{}}],"line":28}},"s":{"0":3,"1":3,"2":3,"3":3,"4":4,"5":4,"6":2,"7":2,"8":2,"9":2,"10":2,"11":1,"12":1,"13":1,"14":1,"15":1,"16":3},"f":{"0":4},"b":{"0":[2,2],"1":[4,3,2],"2":[1,0],"3":[1,0],"4":[1,0]},"_coverageSchema":"1a1c01bbd47fc00a2c39e90264f33305004495a9","hash":"79e2a64bd3e50cf122b58a3332636af498a50717"}
,"/Users/patrikluks/Applications/serviskol/backend/utils/sendEmail.js": {"path":"/Users/patrikluks/Applications/serviskol/backend/utils/sendEmail.js","statementMap":{"0":{"start":{"line":1,"column":19},"end":{"line":1,"column":40}},"1":{"start":{"line":3,"column":20},"end":{"line":10,"column":2}},"2":{"start":{"line":22,"column":2},"end":{"line":28,"column":5}},"3":{"start":{"line":31,"column":0},"end":{"line":31,"column":27}}},"fnMap":{"0":{"name":"sendEmail","decl":{"start":{"line":21,"column":15},"end":{"line":21,"column":24}},"loc":{"start":{"line":21,"column":61},"end":{"line":29,"column":1}},"line":21}},"branchMap":{"0":{"loc":{"start":{"line":4,"column":8},"end":{"line":4,"column":54}},"type":"binary-expr","locations":[{"start":{"line":4,"column":8},"end":{"line":4,"column":29}},{"start":{"line":4,"column":33},"end":{"line":4,"column":54}}],"line":4},"1":{"loc":{"start":{"line":5,"column":8},"end":{"line":5,"column":36}},"type":"binary-expr","locations":[{"start":{"line":5,"column":8},"end":{"line":5,"column":29}},{"start":{"line":5,"column":33},"end":{"line":5,"column":36}}],"line":5},"2":{"loc":{"start":{"line":7,"column":10},"end":{"line":7,"column":56}},"type":"binary-expr","locations":[{"start":{"line":7,"column":10},"end":{"line":7,"column":31}},{"start":{"line":7,"column":35},"end":{"line":7,"column":56}}],"line":7},"3":{"loc":{"start":{"line":8,"column":10},"end":{"line":8,"column":41}},"type":"binary-expr","locations":[{"start":{"line":8,"column":10},"end":{"line":8,"column":31}},{"start":{"line":8,"column":35},"end":{"line":8,"column":41}}],"line":8}},"s":{"0":2,"1":2,"2":0,"3":2},"f":{"0":0},"b":{"0":[2,2],"1":[2,2],"2":[2,2],"3":[2,2]},"_coverageSchema":"1a1c01bbd47fc00a2c39e90264f33305004495a9","hash":"36750fd5f9d8c1d9ce7adce2c90869719a4d620f"}
}
