{"/Users/patrikluks/Applications/serviskol/backend/server.js": {"path":"/Users/patrikluks/Applications/serviskol/backend/server.js","statementMap":{"0":{"start":{"line":2,"column":16},"end":{"line":2,"column":34}},"1":{"start":{"line":3,"column":18},"end":{"line":3,"column":40}},"2":{"start":{"line":4,"column":15},"end":{"line":4,"column":32}},"3":{"start":{"line":5,"column":13},"end":{"line":5,"column":28}},"4":{"start":{"line":6,"column":18},"end":{"line":6,"column":47}},"5":{"start":{"line":7,"column":13},"end":{"line":7,"column":28}},"6":{"start":{"line":8,"column":0},"end":{"line":8,"column":56}},"7":{"start":{"line":9,"column":15},"end":{"line":9,"column":38}},"8":{"start":{"line":11,"column":12},"end":{"line":11,"column":21}},"9":{"start":{"line":14,"column":0},"end":{"line":18,"column":3}},"10":{"start":{"line":22,"column":0},"end":{"line":22,"column":18}},"11":{"start":{"line":23,"column":0},"end":{"line":23,"column":16}},"12":{"start":{"line":24,"column":0},"end":{"line":24,"column":114}},"13":{"start":{"line":25,"column":0},"end":{"line":25,"column":24}},"14":{"start":{"line":26,"column":0},"end":{"line":26,"column":69}},"15":{"start":{"line":29,"column":0},"end":{"line":29,"column":12}},"16":{"start":{"line":32,"column":0},"end":{"line":34,"column":3}},"17":{"start":{"line":33,"column":2},"end":{"line":33,"column":38}},"18":{"start":{"line":38,"column":19},"end":{"line":38,"column":49}},"19":{"start":{"line":39,"column":0},"end":{"line":39,"column":34}},"20":{"start":{"line":41,"column":19},"end":{"line":41,"column":49}},"21":{"start":{"line":42,"column":0},"end":{"line":42,"column":34}},"22":{"start":{"line":44,"column":21},"end":{"line":44,"column":53}},"23":{"start":{"line":45,"column":0},"end":{"line":45,"column":37}},"24":{"start":{"line":47,"column":19},"end":{"line":47,"column":49}},"25":{"start":{"line":48,"column":0},"end":{"line":48,"column":33}},"26":{"start":{"line":50,"column":22},"end":{"line":50,"column":55}},"27":{"start":{"line":51,"column":0},"end":{"line":51,"column":39}},"28":{"start":{"line":53,"column":21},"end":{"line":53,"column":53}},"29":{"start":{"line":54,"column":0},"end":{"line":54,"column":37}},"30":{"start":{"line":55,"column":27},"end":{"line":55,"column":65}},"31":{"start":{"line":56,"column":0},"end":{"line":56,"column":49}},"32":{"start":{"line":58,"column":24},"end":{"line":58,"column":59}},"33":{"start":{"line":59,"column":0},"end":{"line":59,"column":43}},"34":{"start":{"line":61,"column":23},"end":{"line":61,"column":57}},"35":{"start":{"line":62,"column":0},"end":{"line":62,"column":41}},"36":{"start":{"line":64,"column":27},"end":{"line":64,"column":65}},"37":{"start":{"line":65,"column":0},"end":{"line":65,"column":50}},"38":{"start":{"line":67,"column":19},"end":{"line":67,"column":49}},"39":{"start":{"line":68,"column":0},"end":{"line":68,"column":34}},"40":{"start":{"line":70,"column":20},"end":{"line":70,"column":51}},"41":{"start":{"line":71,"column":0},"end":{"line":71,"column":35}},"42":{"start":{"line":73,"column":27},"end":{"line":73,"column":65}},"43":{"start":{"line":74,"column":0},"end":{"line":74,"column":42}},"44":{"start":{"line":76,"column":19},"end":{"line":76,"column":49}},"45":{"start":{"line":77,"column":0},"end":{"line":77,"column":33}},"46":{"start":{"line":79,"column":24},"end":{"line":79,"column":59}},"47":{"start":{"line":80,"column":0},"end":{"line":80,"column":38}},"48":{"start":{"line":82,"column":20},"end":{"line":82,"column":51}},"49":{"start":{"line":83,"column":0},"end":{"line":83,"column":33}},"50":{"start":{"line":85,"column":21},"end":{"line":85,"column":53}},"51":{"start":{"line":86,"column":0},"end":{"line":86,"column":37}},"52":{"start":{"line":88,"column":27},"end":{"line":88,"column":65}},"53":{"start":{"line":89,"column":0},"end":{"line":89,"column":49}},"54":{"start":{"line":91,"column":21},"end":{"line":91,"column":53}},"55":{"start":{"line":92,"column":0},"end":{"line":92,"column":43}},"56":{"start":{"line":94,"column":22},"end":{"line":94,"column":55}},"57":{"start":{"line":95,"column":0},"end":{"line":95,"column":40}},"58":{"start":{"line":99,"column":21},"end":{"line":99,"column":57}},"59":{"start":{"line":100,"column":0},"end":{"line":100,"column":22}},"60":{"start":{"line":102,"column":13},"end":{"line":102,"column":37}},"61":{"start":{"line":103,"column":0},"end":{"line":103,"column":31}},"62":{"start":{"line":104,"column":0},"end":{"line":104,"column":68}},"63":{"start":{"line":104,"column":23},"end":{"line":104,"column":66}},"64":{"start":{"line":105,"column":0},"end":{"line":105,"column":29}},"65":{"start":{"line":107,"column":0},"end":{"line":107,"column":21}}},"fnMap":{"0":{"name":"(anonymous_0)","decl":{"start":{"line":32,"column":13},"end":{"line":32,"column":14}},"loc":{"start":{"line":32,"column":27},"end":{"line":34,"column":1}},"line":32},"1":{"name":"(anonymous_1)","decl":{"start":{"line":104,"column":17},"end":{"line":104,"column":18}},"loc":{"start":{"line":104,"column":23},"end":{"line":104,"column":66}},"line":104}},"branchMap":{"0":{"loc":{"start":{"line":17,"column":15},"end":{"line":17,"column":52}},"type":"binary-expr","locations":[{"start":{"line":17,"column":15},"end":{"line":17,"column":35}},{"start":{"line":17,"column":39},"end":{"line":17,"column":52}}],"line":17},"1":{"loc":{"start":{"line":102,"column":13},"end":{"line":102,"column":37}},"type":"binary-expr","locations":[{"start":{"line":102,"column":13},"end":{"line":102,"column":29}},{"start":{"line":102,"column":33},"end":{"line":102,"column":37}}],"line":102}},"s":{"0":1,"1":1,"2":1,"3":1,"4":1,"5":1,"6":1,"7":1,"8":1,"9":1,"10":1,"11":1,"12":1,"13":1,"14":1,"15":1,"16":1,"17":0,"18":1,"19":1,"20":1,"21":1,"22":1,"23":1,"24":1,"25":1,"26":1,"27":1,"28":1,"29":1,"30":1,"31":1,"32":1,"33":1,"34":1,"35":1,"36":1,"37":1,"38":1,"39":1,"40":1,"41":1,"42":1,"43":1,"44":1,"45":1,"46":1,"47":1,"48":1,"49":1,"50":1,"51":1,"52":1,"53":1,"54":1,"55":1,"56":1,"57":1,"58":1,"59":1,"60":1,"61":1,"62":1,"63":1,"64":1,"65":1},"f":{"0":0,"1":1},"b":{"0":[1,0],"1":[1,0]},"_coverageSchema":"1a1c01bbd47fc00a2c39e90264f33305004495a9","hash":"49f88c06c2b6db3616699e86009688216fd02192"}
,"/Users/patrikluks/Applications/serviskol/backend/config/db.js": {"path":"/Users/patrikluks/Applications/serviskol/backend/config/db.js","statementMap":{"0":{"start":{"line":2,"column":17},"end":{"line":2,"column":36}},"1":{"start":{"line":4,"column":18},"end":{"line":12,"column":1}},"2":{"start":{"line":5,"column":2},"end":{"line":11,"column":3}},"3":{"start":{"line":6,"column":4},"end":{"line":6,"column":93}},"4":{"start":{"line":7,"column":4},"end":{"line":7,"column":37}},"5":{"start":{"line":9,"column":4},"end":{"line":9,"column":61}},"6":{"start":{"line":10,"column":4},"end":{"line":10,"column":20}},"7":{"start":{"line":14,"column":0},"end":{"line":14,"column":27}}},"fnMap":{"0":{"name":"(anonymous_0)","decl":{"start":{"line":4,"column":18},"end":{"line":4,"column":19}},"loc":{"start":{"line":4,"column":30},"end":{"line":12,"column":1}},"line":4}},"branchMap":{"0":{"loc":{"start":{"line":6,"column":27},"end":{"line":6,"column":91}},"type":"binary-expr","locations":[{"start":{"line":6,"column":27},"end":{"line":6,"column":50}},{"start":{"line":6,"column":54},"end":{"line":6,"column":91}}],"line":6}},"s":{"0":1,"1":1,"2":1,"3":1,"4":1,"5":0,"6":0,"7":1},"f":{"0":1},"b":{"0":[1,0]},"_coverageSchema":"1a1c01bbd47fc00a2c39e90264f33305004495a9","hash":"c6c034ca997cbda8443a36994d884414eaf8ee12"}
,"/Users/patrikluks/Applications/serviskol/backend/controllers/userController.js": {"path":"/Users/patrikluks/Applications/serviskol/backend/controllers/userController.js","statementMap":{"0":{"start":{"line":1,"column":13},"end":{"line":1,"column":38}},"1":{"start":{"line":2,"column":15},"end":{"line":2,"column":34}},"2":{"start":{"line":3,"column":12},"end":{"line":3,"column":35}},"3":{"start":{"line":4,"column":21},"end":{"line":4,"column":54}},"4":{"start":{"line":6,"column":0},"end":{"line":18,"column":2}},"5":{"start":{"line":7,"column":2},"end":{"line":17,"column":3}},"6":{"start":{"line":8,"column":44},"end":{"line":8,"column":52}},"7":{"start":{"line":9,"column":25},"end":{"line":9,"column":54}},"8":{"start":{"line":10,"column":4},"end":{"line":10,"column":85}},"9":{"start":{"line":10,"column":22},"end":{"line":10,"column":85}},"10":{"start":{"line":11,"column":25},"end":{"line":11,"column":56}},"11":{"start":{"line":12,"column":17},"end":{"line":12,"column":62}},"12":{"start":{"line":13,"column":4},"end":{"line":13,"column":22}},"13":{"start":{"line":14,"column":4},"end":{"line":14,"column":57}},"14":{"start":{"line":16,"column":4},"end":{"line":16,"column":52}},"15":{"start":{"line":21,"column":0},"end":{"line":49,"column":2}},"16":{"start":{"line":22,"column":2},"end":{"line":48,"column":3}},"17":{"start":{"line":23,"column":32},"end":{"line":23,"column":40}},"18":{"start":{"line":24,"column":4},"end":{"line":27,"column":5}},"19":{"start":{"line":25,"column":6},"end":{"line":25,"column":57}},"20":{"start":{"line":26,"column":6},"end":{"line":26,"column":70}},"21":{"start":{"line":28,"column":17},"end":{"line":28,"column":46}},"22":{"start":{"line":29,"column":4},"end":{"line":32,"column":5}},"23":{"start":{"line":30,"column":6},"end":{"line":30,"column":66}},"24":{"start":{"line":31,"column":6},"end":{"line":31,"column":74}},"25":{"start":{"line":33,"column":20},"end":{"line":33,"column":69}},"26":{"start":{"line":34,"column":4},"end":{"line":37,"column":5}},"27":{"start":{"line":35,"column":6},"end":{"line":35,"column":61}},"28":{"start":{"line":36,"column":6},"end":{"line":36,"column":74}},"29":{"start":{"line":38,"column":4},"end":{"line":41,"column":5}},"30":{"start":{"line":40,"column":6},"end":{"line":40,"column":81}},"31":{"start":{"line":42,"column":18},"end":{"line":42,"column":121}},"32":{"start":{"line":43,"column":4},"end":{"line":43,"column":49}},"33":{"start":{"line":44,"column":4},"end":{"line":44,"column":142}},"34":{"start":{"line":46,"column":4},"end":{"line":46,"column":54}},"35":{"start":{"line":47,"column":4},"end":{"line":47,"column":52}},"36":{"start":{"line":52,"column":0},"end":{"line":75,"column":2}},"37":{"start":{"line":53,"column":2},"end":{"line":74,"column":3}},"38":{"start":{"line":54,"column":39},"end":{"line":54,"column":47}},"39":{"start":{"line":55,"column":17},"end":{"line":55,"column":46}},"40":{"start":{"line":56,"column":4},"end":{"line":56,"column":83}},"41":{"start":{"line":56,"column":15},"end":{"line":56,"column":83}},"42":{"start":{"line":57,"column":20},"end":{"line":57,"column":69}},"43":{"start":{"line":58,"column":4},"end":{"line":58,"column":86}},"44":{"start":{"line":58,"column":18},"end":{"line":58,"column":86}},"45":{"start":{"line":59,"column":4},"end":{"line":59,"column":115}},"46":{"start":{"line":59,"column":57},"end":{"line":59,"column":115}},"47":{"start":{"line":60,"column":21},"end":{"line":64,"column":6}},"48":{"start":{"line":65,"column":4},"end":{"line":68,"column":5}},"49":{"start":{"line":66,"column":6},"end":{"line":66,"column":73}},"50":{"start":{"line":67,"column":6},"end":{"line":67,"column":64}},"51":{"start":{"line":69,"column":21},"end":{"line":69,"column":124}},"52":{"start":{"line":70,"column":4},"end":{"line":70,"column":55}},"53":{"start":{"line":71,"column":4},"end":{"line":71,"column":152}},"54":{"start":{"line":73,"column":4},"end":{"line":73,"column":52}},"55":{"start":{"line":78,"column":0},"end":{"line":95,"column":2}},"56":{"start":{"line":79,"column":2},"end":{"line":94,"column":3}},"57":{"start":{"line":80,"column":32},"end":{"line":80,"column":40}},"58":{"start":{"line":81,"column":4},"end":{"line":81,"column":104}},"59":{"start":{"line":81,"column":35},"end":{"line":81,"column":104}},"60":{"start":{"line":82,"column":4},"end":{"line":82,"column":115}},"61":{"start":{"line":82,"column":60},"end":{"line":82,"column":115}},"62":{"start":{"line":83,"column":17},"end":{"line":83,"column":44}},"63":{"start":{"line":84,"column":4},"end":{"line":84,"column":75}},"64":{"start":{"line":84,"column":15},"end":{"line":84,"column":75}},"65":{"start":{"line":85,"column":20},"end":{"line":85,"column":29}},"66":{"start":{"line":86,"column":4},"end":{"line":86,"column":24}},"67":{"start":{"line":87,"column":4},"end":{"line":87,"column":22}},"68":{"start":{"line":88,"column":28},"end":{"line":88,"column":65}},"69":{"start":{"line":89,"column":4},"end":{"line":89,"column":131}},"70":{"start":{"line":90,"column":4},"end":{"line":90,"column":67}},"71":{"start":{"line":91,"column":4},"end":{"line":91,"column":39}},"72":{"start":{"line":93,"column":4},"end":{"line":93,"column":52}}},"fnMap":{"0":{"name":"(anonymous_0)","decl":{"start":{"line":6,"column":19},"end":{"line":6,"column":20}},"loc":{"start":{"line":6,"column":39},"end":{"line":18,"column":1}},"line":6},"1":{"name":"(anonymous_1)","decl":{"start":{"line":21,"column":16},"end":{"line":21,"column":17}},"loc":{"start":{"line":21,"column":36},"end":{"line":49,"column":1}},"line":21},"2":{"name":"(anonymous_2)","decl":{"start":{"line":52,"column":19},"end":{"line":52,"column":20}},"loc":{"start":{"line":52,"column":39},"end":{"line":75,"column":1}},"line":52},"3":{"name":"(anonymous_3)","decl":{"start":{"line":78,"column":25},"end":{"line":78,"column":26}},"loc":{"start":{"line":78,"column":45},"end":{"line":95,"column":1}},"line":78}},"branchMap":{"0":{"loc":{"start":{"line":10,"column":4},"end":{"line":10,"column":85}},"type":"if","locations":[{"start":{"line":10,"column":4},"end":{"line":10,"column":85}},{"start":{},"end":{}}],"line":10},"1":{"loc":{"start":{"line":24,"column":4},"end":{"line":27,"column":5}},"type":"if","locations":[{"start":{"line":24,"column":4},"end":{"line":27,"column":5}},{"start":{},"end":{}}],"line":24},"2":{"loc":{"start":{"line":24,"column":8},"end":{"line":24,"column":27}},"type":"binary-expr","locations":[{"start":{"line":24,"column":8},"end":{"line":24,"column":14}},{"start":{"line":24,"column":18},"end":{"line":24,"column":27}}],"line":24},"3":{"loc":{"start":{"line":29,"column":4},"end":{"line":32,"column":5}},"type":"if","locations":[{"start":{"line":29,"column":4},"end":{"line":32,"column":5}},{"start":{},"end":{}}],"line":29},"4":{"loc":{"start":{"line":34,"column":4},"end":{"line":37,"column":5}},"type":"if","locations":[{"start":{"line":34,"column":4},"end":{"line":37,"column":5}},{"start":{},"end":{}}],"line":34},"5":{"loc":{"start":{"line":38,"column":4},"end":{"line":41,"column":5}},"type":"if","locations":[{"start":{"line":38,"column":4},"end":{"line":41,"column":5}},{"start":{},"end":{}}],"line":38},"6":{"loc":{"start":{"line":42,"column":62},"end":{"line":42,"column":99}},"type":"binary-expr","locations":[{"start":{"line":42,"column":62},"end":{"line":42,"column":84}},{"start":{"line":42,"column":88},"end":{"line":42,"column":99}}],"line":42},"7":{"loc":{"start":{"line":56,"column":4},"end":{"line":56,"column":83}},"type":"if","locations":[{"start":{"line":56,"column":4},"end":{"line":56,"column":83}},{"start":{},"end":{}}],"line":56},"8":{"loc":{"start":{"line":58,"column":4},"end":{"line":58,"column":86}},"type":"if","locations":[{"start":{"line":58,"column":4},"end":{"line":58,"column":86}},{"start":{},"end":{}}],"line":58},"9":{"loc":{"start":{"line":59,"column":4},"end":{"line":59,"column":115}},"type":"if","locations":[{"start":{"line":59,"column":4},"end":{"line":59,"column":115}},{"start":{},"end":{}}],"line":59},"10":{"loc":{"start":{"line":59,"column":8},"end":{"line":59,"column":55}},"type":"binary-expr","locations":[{"start":{"line":59,"column":8},"end":{"line":59,"column":30}},{"start":{"line":59,"column":34},"end":{"line":59,"column":55}}],"line":59},"11":{"loc":{"start":{"line":65,"column":4},"end":{"line":68,"column":5}},"type":"if","locations":[{"start":{"line":65,"column":4},"end":{"line":68,"column":5}},{"start":{},"end":{}}],"line":65},"12":{"loc":{"start":{"line":69,"column":65},"end":{"line":69,"column":102}},"type":"binary-expr","locations":[{"start":{"line":69,"column":65},"end":{"line":69,"column":87}},{"start":{"line":69,"column":91},"end":{"line":69,"column":102}}],"line":69},"13":{"loc":{"start":{"line":81,"column":4},"end":{"line":81,"column":104}},"type":"if","locations":[{"start":{"line":81,"column":4},"end":{"line":81,"column":104}},{"start":{},"end":{}}],"line":81},"14":{"loc":{"start":{"line":82,"column":4},"end":{"line":82,"column":115}},"type":"if","locations":[{"start":{"line":82,"column":4},"end":{"line":82,"column":115}},{"start":{},"end":{}}],"line":82},"15":{"loc":{"start":{"line":84,"column":4},"end":{"line":84,"column":75}},"type":"if","locations":[{"start":{"line":84,"column":4},"end":{"line":84,"column":75}},{"start":{},"end":{}}],"line":84}},"s":{"0":1,"1":1,"2":1,"3":1,"4":1,"5":11,"6":11,"7":11,"8":11,"9":1,"10":10,"11":10,"12":10,"13":10,"14":0,"15":1,"16":11,"17":11,"18":11,"19":0,"20":0,"21":11,"22":11,"23":1,"24":1,"25":10,"26":10,"27":1,"28":1,"29":9,"30":2,"31":7,"32":7,"33":7,"34":0,"35":0,"36":1,"37":2,"38":2,"39":2,"40":2,"41":0,"42":2,"43":2,"44":0,"45":2,"46":0,"47":2,"48":2,"49":1,"50":1,"51":1,"52":1,"53":1,"54":0,"55":1,"56":4,"57":4,"58":4,"59":1,"60":3,"61":1,"62":2,"63":2,"64":1,"65":1,"66":1,"67":1,"68":1,"69":1,"70":1,"71":1,"72":0},"f":{"0":11,"1":11,"2":2,"3":4},"b":{"0":[1,10],"1":[0,11],"2":[11,11],"3":[1,10],"4":[1,9],"5":[2,7],"6":[7,0],"7":[0,2],"8":[0,2],"9":[0,2],"10":[2,2],"11":[1,1],"12":[1,0],"13":[1,3],"14":[1,2],"15":[1,1]},"_coverageSchema":"1a1c01bbd47fc00a2c39e90264f33305004495a9","hash":"2bc6228a9d1d89fbcb6eac702842fb10d22ebd8b"}
,"/Users/patrikluks/Applications/serviskol/backend/middleware/auditLog.js": {"path":"/Users/patrikluks/Applications/serviskol/backend/middleware/auditLog.js","statementMap":{"0":{"start":{"line":1,"column":11},"end":{"line":1,"column":24}},"1":{"start":{"line":2,"column":13},"end":{"line":2,"column":28}},"2":{"start":{"line":3,"column":24},"end":{"line":3,"column":61}},"3":{"start":{"line":6,"column":18},"end":{"line":6,"column":59}},"4":{"start":{"line":7,"column":16},"end":{"line":13,"column":3}},"5":{"start":{"line":14,"column":2},"end":{"line":14,"column":59}},"6":{"start":{"line":19,"column":13},"end":{"line":19,"column":26}},"7":{"start":{"line":20,"column":15},"end":{"line":20,"column":30}},"8":{"start":{"line":21,"column":18},"end":{"line":21,"column":59}},"9":{"start":{"line":22,"column":2},"end":{"line":22,"column":38}},"10":{"start":{"line":22,"column":31},"end":{"line":22,"column":38}},"11":{"start":{"line":23,"column":16},"end":{"line":23,"column":77}},"12":{"start":{"line":24,"column":16},"end":{"line":24,"column":53}},"13":{"start":{"line":25,"column":23},"end":{"line":27,"column":76}},"14":{"start":{"line":25,"column":40},"end":{"line":25,"column":92}},"15":{"start":{"line":25,"column":46},"end":{"line":25,"column":67}},"16":{"start":{"line":25,"column":78},"end":{"line":25,"column":90}},"17":{"start":{"line":27,"column":17},"end":{"line":27,"column":75}},"18":{"start":{"line":28,"column":2},"end":{"line":33,"column":3}},"19":{"start":{"line":29,"column":4},"end":{"line":32,"column":7}},"20":{"start":{"line":36,"column":0},"end":{"line":36,"column":49}}},"fnMap":{"0":{"name":"auditLog","decl":{"start":{"line":5,"column":9},"end":{"line":5,"column":17}},"loc":{"start":{"line":5,"column":46},"end":{"line":15,"column":1}},"line":5},"1":{"name":"checkExportAlerts","decl":{"start":{"line":18,"column":15},"end":{"line":18,"column":32}},"loc":{"start":{"line":18,"column":39},"end":{"line":34,"column":1}},"line":18},"2":{"name":"(anonymous_2)","decl":{"start":{"line":25,"column":33},"end":{"line":25,"column":34}},"loc":{"start":{"line":25,"column":38},"end":{"line":25,"column":94}},"line":25},"3":{"name":"(anonymous_3)","decl":{"start":{"line":27,"column":12},"end":{"line":27,"column":13}},"loc":{"start":{"line":27,"column":17},"end":{"line":27,"column":75}},"line":27}},"branchMap":{"0":{"loc":{"start":{"line":5,"column":32},"end":{"line":5,"column":44}},"type":"default-arg","locations":[{"start":{"line":5,"column":42},"end":{"line":5,"column":44}}],"line":5},"1":{"loc":{"start":{"line":9,"column":12},"end":{"line":9,"column":41}},"type":"binary-expr","locations":[{"start":{"line":9,"column":12},"end":{"line":9,"column":20}},{"start":{"line":9,"column":24},"end":{"line":9,"column":33}},{"start":{"line":9,"column":37},"end":{"line":9,"column":41}}],"line":9},"2":{"loc":{"start":{"line":10,"column":11},"end":{"line":10,"column":30}},"type":"binary-expr","locations":[{"start":{"line":10,"column":11},"end":{"line":10,"column":22}},{"start":{"line":10,"column":26},"end":{"line":10,"column":30}}],"line":10},"3":{"loc":{"start":{"line":22,"column":2},"end":{"line":22,"column":38}},"type":"if","locations":[{"start":{"line":22,"column":2},"end":{"line":22,"column":38}},{"start":{},"end":{}}],"line":22},"4":{"loc":{"start":{"line":27,"column":17},"end":{"line":27,"column":75}},"type":"binary-expr","locations":[{"start":{"line":27,"column":17},"end":{"line":27,"column":42}},{"start":{"line":27,"column":46},"end":{"line":27,"column":75}}],"line":27},"5":{"loc":{"start":{"line":28,"column":2},"end":{"line":33,"column":3}},"type":"if","locations":[{"start":{"line":28,"column":2},"end":{"line":33,"column":3}},{"start":{},"end":{}}],"line":28}},"s":{"0":1,"1":1,"2":1,"3":0,"4":0,"5":0,"6":2,"7":2,"8":2,"9":2,"10":0,"11":2,"12":2,"13":2,"14":7,"15":7,"16":0,"17":7,"18":2,"19":1,"20":1},"f":{"0":0,"1":2,"2":7,"3":7},"b":{"0":[0],"1":[0,0,0],"2":[0,0],"3":[0,2],"4":[7,7],"5":[1,1]},"_coverageSchema":"1a1c01bbd47fc00a2c39e90264f33305004495a9","hash":"d4e88957dbf5da71e2df15d3acd8e1f81a84a68d"}
,"/Users/patrikluks/Applications/serviskol/backend/middleware/auth.js": {"path":"/Users/patrikluks/Applications/serviskol/backend/middleware/auth.js","statementMap":{"0":{"start":{"line":2,"column":12},"end":{"line":2,"column":35}},"1":{"start":{"line":5,"column":21},"end":{"line":5,"column":46}},"2":{"start":{"line":6,"column":2},"end":{"line":8,"column":3}},"3":{"start":{"line":7,"column":4},"end":{"line":7,"column":69}},"4":{"start":{"line":9,"column":16},"end":{"line":9,"column":40}},"5":{"start":{"line":10,"column":2},"end":{"line":16,"column":3}},"6":{"start":{"line":11,"column":20},"end":{"line":11,"column":76}},"7":{"start":{"line":12,"column":4},"end":{"line":12,"column":23}},"8":{"start":{"line":13,"column":4},"end":{"line":13,"column":11}},"9":{"start":{"line":15,"column":4},"end":{"line":15,"column":76}},"10":{"start":{"line":19,"column":0},"end":{"line":19,"column":22}}},"fnMap":{"0":{"name":"auth","decl":{"start":{"line":4,"column":9},"end":{"line":4,"column":13}},"loc":{"start":{"line":4,"column":30},"end":{"line":17,"column":1}},"line":4}},"branchMap":{"0":{"loc":{"start":{"line":6,"column":2},"end":{"line":8,"column":3}},"type":"if","locations":[{"start":{"line":6,"column":2},"end":{"line":8,"column":3}},{"start":{},"end":{}}],"line":6},"1":{"loc":{"start":{"line":6,"column":6},"end":{"line":6,"column":54}},"type":"binary-expr","locations":[{"start":{"line":6,"column":6},"end":{"line":6,"column":17}},{"start":{"line":6,"column":21},"end":{"line":6,"column":54}}],"line":6},"2":{"loc":{"start":{"line":11,"column":38},"end":{"line":11,"column":75}},"type":"binary-expr","locations":[{"start":{"line":11,"column":38},"end":{"line":11,"column":60}},{"start":{"line":11,"column":64},"end":{"line":11,"column":75}}],"line":11}},"s":{"0":1,"1":15,"2":15,"3":4,"4":11,"5":11,"6":11,"7":11,"8":11,"9":0,"10":1},"f":{"0":15},"b":{"0":[4,11],"1":[15,11],"2":[11,0]},"_coverageSchema":"1a1c01bbd47fc00a2c39e90264f33305004495a9","hash":"59e6f55c6899efb7075cd8ed09ff647e332d600d"}
,"/Users/patrikluks/Applications/serviskol/backend/middleware/errorHandler.js": {"path":"/Users/patrikluks/Applications/serviskol/backend/middleware/errorHandler.js","statementMap":{"0":{"start":{"line":3,"column":2},"end":{"line":3,"column":27}},"1":{"start":{"line":4,"column":2},"end":{"line":4,"column":73}},"2":{"start":{"line":7,"column":0},"end":{"line":7,"column":30}}},"fnMap":{"0":{"name":"errorHandler","decl":{"start":{"line":2,"column":9},"end":{"line":2,"column":21}},"loc":{"start":{"line":2,"column":43},"end":{"line":5,"column":1}},"line":2}},"branchMap":{},"s":{"0":0,"1":0,"2":1},"f":{"0":0},"b":{},"_coverageSchema":"1a1c01bbd47fc00a2c39e90264f33305004495a9","hash":"eb574c216b851903b6690fce6349c3a416f9832d"}
,"/Users/patrikluks/Applications/serviskol/backend/middleware/validateUser.js": {"path":"/Users/patrikluks/Applications/serviskol/backend/middleware/validateUser.js","statementMap":{"0":{"start":{"line":2,"column":35},"end":{"line":2,"column":63}},"1":{"start":{"line":4,"column":25},"end":{"line":16,"column":1}},"2":{"start":{"line":10,"column":19},"end":{"line":10,"column":40}},"3":{"start":{"line":11,"column":4},"end":{"line":13,"column":5}},"4":{"start":{"line":12,"column":6},"end":{"line":12,"column":62}},"5":{"start":{"line":14,"column":4},"end":{"line":14,"column":11}},"6":{"start":{"line":18,"column":22},"end":{"line":28,"column":1}},"7":{"start":{"line":22,"column":19},"end":{"line":22,"column":40}},"8":{"start":{"line":23,"column":4},"end":{"line":25,"column":5}},"9":{"start":{"line":24,"column":6},"end":{"line":24,"column":62}},"10":{"start":{"line":26,"column":4},"end":{"line":26,"column":11}},"11":{"start":{"line":30,"column":0},"end":{"line":30,"column":53}}},"fnMap":{"0":{"name":"(anonymous_0)","decl":{"start":{"line":9,"column":2},"end":{"line":9,"column":3}},"loc":{"start":{"line":9,"column":22},"end":{"line":15,"column":3}},"line":9},"1":{"name":"(anonymous_1)","decl":{"start":{"line":21,"column":2},"end":{"line":21,"column":3}},"loc":{"start":{"line":21,"column":22},"end":{"line":27,"column":3}},"line":21}},"branchMap":{"0":{"loc":{"start":{"line":11,"column":4},"end":{"line":13,"column":5}},"type":"if","locations":[{"start":{"line":11,"column":4},"end":{"line":13,"column":5}},{"start":{},"end":{}}],"line":11},"1":{"loc":{"start":{"line":23,"column":4},"end":{"line":25,"column":5}},"type":"if","locations":[{"start":{"line":23,"column":4},"end":{"line":25,"column":5}},{"start":{},"end":{}}],"line":23}},"s":{"0":1,"1":1,"2":13,"3":13,"4":2,"5":11,"6":1,"7":11,"8":11,"9":0,"10":11,"11":1},"f":{"0":13,"1":11},"b":{"0":[2,11],"1":[0,11]},"_coverageSchema":"1a1c01bbd47fc00a2c39e90264f33305004495a9","hash":"d5bd8f4f6bddf9fd54655bd12ba5b9155970b678"}
,"/Users/patrikluks/Applications/serviskol/backend/models/Bike.js": {"path":"/Users/patrikluks/Applications/serviskol/backend/models/Bike.js","statementMap":{"0":{"start":{"line":2,"column":17},"end":{"line":2,"column":36}},"1":{"start":{"line":4,"column":24},"end":{"line":10,"column":2}},"2":{"start":{"line":12,"column":19},"end":{"line":24,"column":2}},"3":{"start":{"line":26,"column":0},"end":{"line":26,"column":52}}},"fnMap":{},"branchMap":{},"s":{"0":1,"1":1,"2":1,"3":1},"f":{},"b":{},"_coverageSchema":"1a1c01bbd47fc00a2c39e90264f33305004495a9","hash":"e960d6ed6d29933e6b1975369be0fd114c447517"}
,"/Users/patrikluks/Applications/serviskol/backend/models/Gamification.js": {"path":"/Users/patrikluks/Applications/serviskol/backend/models/Gamification.js","statementMap":{"0":{"start":{"line":2,"column":17},"end":{"line":2,"column":36}},"1":{"start":{"line":4,"column":21},"end":{"line":10,"column":2}},"2":{"start":{"line":12,"column":31},"end":{"line":17,"column":2}},"3":{"start":{"line":19,"column":0},"end":{"line":22,"column":2}}},"fnMap":{},"branchMap":{},"s":{"0":1,"1":1,"2":1,"3":1},"f":{},"b":{},"_coverageSchema":"1a1c01bbd47fc00a2c39e90264f33305004495a9","hash":"a55d06a60a3284b0e42f35ef8a6a1f8fd987e652"}
,"/Users/patrikluks/Applications/serviskol/backend/models/LoyaltyPoints.js": {"path":"/Users/patrikluks/Applications/serviskol/backend/models/LoyaltyPoints.js","statementMap":{"0":{"start":{"line":2,"column":17},"end":{"line":2,"column":36}},"1":{"start":{"line":4,"column":28},"end":{"line":17,"column":2}},"2":{"start":{"line":19,"column":0},"end":{"line":19,"column":70}}},"fnMap":{},"branchMap":{},"s":{"0":1,"1":1,"2":1},"f":{},"b":{},"_coverageSchema":"1a1c01bbd47fc00a2c39e90264f33305004495a9","hash":"517546bb1b34620f59ad5d68dbd9ffaa372210a3"}
,"/Users/patrikluks/Applications/serviskol/backend/models/Message.js": {"path":"/Users/patrikluks/Applications/serviskol/backend/models/Message.js","statementMap":{"0":{"start":{"line":2,"column":17},"end":{"line":2,"column":36}},"1":{"start":{"line":4,"column":22},"end":{"line":10,"column":2}},"2":{"start":{"line":12,"column":0},"end":{"line":12,"column":58}}},"fnMap":{},"branchMap":{},"s":{"0":1,"1":1,"2":1},"f":{},"b":{},"_coverageSchema":"1a1c01bbd47fc00a2c39e90264f33305004495a9","hash":"ae2ec7a6471326be12ebcdaebcb3442736d47e72"}
,"/Users/patrikluks/Applications/serviskol/backend/models/Notification.js": {"path":"/Users/patrikluks/Applications/serviskol/backend/models/Notification.js","statementMap":{"0":{"start":{"line":1,"column":17},"end":{"line":1,"column":36}},"1":{"start":{"line":3,"column":27},"end":{"line":10,"column":2}},"2":{"start":{"line":12,"column":0},"end":{"line":12,"column":68}}},"fnMap":{},"branchMap":{},"s":{"0":2,"1":2,"2":2},"f":{},"b":{},"_coverageSchema":"1a1c01bbd47fc00a2c39e90264f33305004495a9","hash":"b4782aba365759795b765cec2c94b51357508db0"}
,"/Users/patrikluks/Applications/serviskol/backend/models/ServiceRequest.js": {"path":"/Users/patrikluks/Applications/serviskol/backend/models/ServiceRequest.js","statementMap":{"0":{"start":{"line":2,"column":17},"end":{"line":2,"column":36}},"1":{"start":{"line":4,"column":29},"end":{"line":24,"column":2}},"2":{"start":{"line":26,"column":0},"end":{"line":26,"column":72}}},"fnMap":{},"branchMap":{},"s":{"0":1,"1":1,"2":1},"f":{},"b":{},"_coverageSchema":"1a1c01bbd47fc00a2c39e90264f33305004495a9","hash":"b4d8e10e2c9d29725bb5980442171aa7ec3655e7"}
,"/Users/patrikluks/Applications/serviskol/backend/models/User.js": {"path":"/Users/patrikluks/Applications/serviskol/backend/models/User.js","statementMap":{"0":{"start":{"line":2,"column":17},"end":{"line":2,"column":36}},"1":{"start":{"line":4,"column":19},"end":{"line":16,"column":2}},"2":{"start":{"line":18,"column":0},"end":{"line":18,"column":52}}},"fnMap":{},"branchMap":{},"s":{"0":2,"1":2,"2":2},"f":{},"b":{},"_coverageSchema":"1a1c01bbd47fc00a2c39e90264f33305004495a9","hash":"63877beb822c788059cc5470a4294285a28014eb"}
,"/Users/patrikluks/Applications/serviskol/backend/routes/analyticsRoutes.js": {"path":"/Users/patrikluks/Applications/serviskol/backend/routes/analyticsRoutes.js","statementMap":{"0":{"start":{"line":1,"column":16},"end":{"line":1,"column":34}},"1":{"start":{"line":2,"column":15},"end":{"line":2,"column":31}},"2":{"start":{"line":3,"column":13},"end":{"line":3,"column":42}},"3":{"start":{"line":4,"column":13},"end":{"line":4,"column":38}},"4":{"start":{"line":5,"column":13},"end":{"line":5,"column":38}},"5":{"start":{"line":6,"column":23},"end":{"line":6,"column":58}},"6":{"start":{"line":7,"column":16},"end":{"line":7,"column":44}},"7":{"start":{"line":8,"column":56},"end":{"line":8,"column":75}},"8":{"start":{"line":9,"column":20},"end":{"line":9,"column":37}},"9":{"start":{"line":13,"column":14},"end":{"line":13,"column":24}},"10":{"start":{"line":14,"column":17},"end":{"line":14,"column":19}},"11":{"start":{"line":15,"column":2},"end":{"line":23,"column":3}},"12":{"start":{"line":15,"column":15},"end":{"line":15,"column":16}},"13":{"start":{"line":16,"column":17},"end":{"line":16,"column":48}},"14":{"start":{"line":17,"column":15},"end":{"line":17,"column":44}},"15":{"start":{"line":18,"column":18},"end":{"line":18,"column":87}},"16":{"start":{"line":19,"column":4},"end":{"line":22,"column":7}},"17":{"start":{"line":24,"column":2},"end":{"line":24,"column":16}},"18":{"start":{"line":28,"column":0},"end":{"line":55,"column":3}},"19":{"start":{"line":29,"column":2},"end":{"line":54,"column":3}},"20":{"start":{"line":30,"column":4},"end":{"line":32,"column":5}},"21":{"start":{"line":31,"column":6},"end":{"line":31,"column":73}},"22":{"start":{"line":33,"column":22},"end":{"line":33,"column":49}},"23":{"start":{"line":34,"column":22},"end":{"line":34,"column":49}},"24":{"start":{"line":35,"column":25},"end":{"line":35,"column":62}},"25":{"start":{"line":36,"column":25},"end":{"line":36,"column":55}},"26":{"start":{"line":37,"column":24},"end":{"line":37,"column":63}},"27":{"start":{"line":39,"column":23},"end":{"line":39,"column":64}},"28":{"start":{"line":40,"column":23},"end":{"line":40,"column":64}},"29":{"start":{"line":41,"column":26},"end":{"line":41,"column":77}},"30":{"start":{"line":42,"column":4},"end":{"line":51,"column":7}},"31":{"start":{"line":53,"column":4},"end":{"line":53,"column":52}},"32":{"start":{"line":58,"column":0},"end":{"line":76,"column":3}},"33":{"start":{"line":59,"column":2},"end":{"line":75,"column":3}},"34":{"start":{"line":60,"column":4},"end":{"line":62,"column":5}},"35":{"start":{"line":61,"column":6},"end":{"line":61,"column":73}},"36":{"start":{"line":63,"column":23},"end":{"line":63,"column":64}},"37":{"start":{"line":64,"column":23},"end":{"line":64,"column":64}},"38":{"start":{"line":65,"column":26},"end":{"line":65,"column":77}},"39":{"start":{"line":66,"column":14},"end":{"line":66,"column":46}},"40":{"start":{"line":67,"column":4},"end":{"line":69,"column":5}},"41":{"start":{"line":67,"column":17},"end":{"line":67,"column":18}},"42":{"start":{"line":68,"column":6},"end":{"line":68,"column":112}},"43":{"start":{"line":70,"column":4},"end":{"line":70,"column":46}},"44":{"start":{"line":71,"column":4},"end":{"line":71,"column":80}},"45":{"start":{"line":72,"column":4},"end":{"line":72,"column":18}},"46":{"start":{"line":74,"column":4},"end":{"line":74,"column":52}},"47":{"start":{"line":79,"column":0},"end":{"line":114,"column":3}},"48":{"start":{"line":80,"column":2},"end":{"line":113,"column":3}},"49":{"start":{"line":81,"column":4},"end":{"line":83,"column":5}},"50":{"start":{"line":82,"column":6},"end":{"line":82,"column":73}},"51":{"start":{"line":84,"column":41},"end":{"line":84,"column":50}},"52":{"start":{"line":85,"column":19},"end":{"line":85,"column":21}},"53":{"start":{"line":86,"column":4},"end":{"line":90,"column":5}},"54":{"start":{"line":87,"column":6},"end":{"line":87,"column":28}},"55":{"start":{"line":88,"column":6},"end":{"line":88,"column":55}},"56":{"start":{"line":88,"column":16},"end":{"line":88,"column":55}},"57":{"start":{"line":89,"column":6},"end":{"line":89,"column":51}},"58":{"start":{"line":89,"column":14},"end":{"line":89,"column":51}},"59":{"start":{"line":91,"column":4},"end":{"line":91,"column":33}},"60":{"start":{"line":91,"column":14},"end":{"line":91,"column":33}},"61":{"start":{"line":92,"column":4},"end":{"line":92,"column":47}},"62":{"start":{"line":92,"column":18},"end":{"line":92,"column":47}},"63":{"start":{"line":93,"column":21},"end":{"line":93,"column":91}},"64":{"start":{"line":95,"column":16},"end":{"line":95,"column":33}},"65":{"start":{"line":96,"column":4},"end":{"line":96,"column":53}},"66":{"start":{"line":97,"column":4},"end":{"line":97,"column":89}},"67":{"start":{"line":98,"column":4},"end":{"line":98,"column":18}},"68":{"start":{"line":99,"column":4},"end":{"line":99,"column":78}},"69":{"start":{"line":100,"column":4},"end":{"line":100,"column":19}},"70":{"start":{"line":101,"column":4},"end":{"line":101,"column":63}},"71":{"start":{"line":102,"column":4},"end":{"line":102,"column":19}},"72":{"start":{"line":103,"column":4},"end":{"line":109,"column":7}},"73":{"start":{"line":104,"column":6},"end":{"line":104,"column":97}},"74":{"start":{"line":105,"column":6},"end":{"line":105,"column":92}},"75":{"start":{"line":106,"column":6},"end":{"line":106,"column":101}},"76":{"start":{"line":107,"column":6},"end":{"line":107,"column":45}},"77":{"start":{"line":108,"column":6},"end":{"line":108,"column":21}},"78":{"start":{"line":110,"column":4},"end":{"line":110,"column":14}},"79":{"start":{"line":112,"column":4},"end":{"line":112,"column":59}},"80":{"start":{"line":117,"column":0},"end":{"line":145,"column":3}},"81":{"start":{"line":118,"column":2},"end":{"line":144,"column":3}},"82":{"start":{"line":119,"column":41},"end":{"line":119,"column":50}},"83":{"start":{"line":120,"column":19},"end":{"line":120,"column":21}},"84":{"start":{"line":121,"column":4},"end":{"line":125,"column":5}},"85":{"start":{"line":122,"column":6},"end":{"line":122,"column":28}},"86":{"start":{"line":123,"column":6},"end":{"line":123,"column":55}},"87":{"start":{"line":123,"column":16},"end":{"line":123,"column":55}},"88":{"start":{"line":124,"column":6},"end":{"line":124,"column":51}},"89":{"start":{"line":124,"column":14},"end":{"line":124,"column":51}},"90":{"start":{"line":126,"column":4},"end":{"line":126,"column":33}},"91":{"start":{"line":126,"column":14},"end":{"line":126,"column":33}},"92":{"start":{"line":127,"column":4},"end":{"line":127,"column":47}},"93":{"start":{"line":127,"column":18},"end":{"line":127,"column":47}},"94":{"start":{"line":128,"column":21},"end":{"line":128,"column":54}},"95":{"start":{"line":130,"column":18},"end":{"line":130,"column":33}},"96":{"start":{"line":131,"column":21},"end":{"line":134,"column":10}},"97":{"start":{"line":132,"column":6},"end":{"line":132,"column":47}},"98":{"start":{"line":133,"column":6},"end":{"line":133,"column":17}},"99":{"start":{"line":135,"column":23},"end":{"line":135,"column":25}},"100":{"start":{"line":136,"column":4},"end":{"line":140,"column":7}},"101":{"start":{"line":137,"column":6},"end":{"line":139,"column":7}},"102":{"start":{"line":138,"column":8},"end":{"line":138,"column":71}},"103":{"start":{"line":141,"column":4},"end":{"line":141,"column":46}},"104":{"start":{"line":143,"column":4},"end":{"line":143,"column":52}},"105":{"start":{"line":148,"column":0},"end":{"line":187,"column":3}},"106":{"start":{"line":149,"column":2},"end":{"line":186,"column":3}},"107":{"start":{"line":150,"column":4},"end":{"line":152,"column":5}},"108":{"start":{"line":151,"column":6},"end":{"line":151,"column":73}},"109":{"start":{"line":154,"column":15},"end":{"line":154,"column":28}},"110":{"start":{"line":155,"column":17},"end":{"line":155,"column":32}},"111":{"start":{"line":156,"column":20},"end":{"line":156,"column":61}},"112":{"start":{"line":157,"column":4},"end":{"line":157,"column":114}},"113":{"start":{"line":157,"column":33},"end":{"line":157,"column":114}},"114":{"start":{"line":158,"column":18},"end":{"line":158,"column":79}},"115":{"start":{"line":159,"column":17},"end":{"line":159,"column":111}},"116":{"start":{"line":159,"column":37},"end":{"line":159,"column":92}},"117":{"start":{"line":159,"column":43},"end":{"line":159,"column":67}},"118":{"start":{"line":159,"column":78},"end":{"line":159,"column":90}},"119":{"start":{"line":161,"column":16},"end":{"line":161,"column":26}},"120":{"start":{"line":162,"column":17},"end":{"line":165,"column":16}},"121":{"start":{"line":163,"column":16},"end":{"line":163,"column":29}},"122":{"start":{"line":163,"column":31},"end":{"line":163,"column":60}},"123":{"start":{"line":164,"column":6},"end":{"line":164,"column":42}},"124":{"start":{"line":166,"column":21},"end":{"line":166,"column":90}},"125":{"start":{"line":166,"column":37},"end":{"line":166,"column":89}},"126":{"start":{"line":166,"column":54},"end":{"line":166,"column":81}},"127":{"start":{"line":168,"column":18},"end":{"line":171,"column":16}},"128":{"start":{"line":169,"column":16},"end":{"line":169,"column":29}},"129":{"start":{"line":169,"column":31},"end":{"line":169,"column":64}},"130":{"start":{"line":170,"column":6},"end":{"line":170,"column":42}},"131":{"start":{"line":172,"column":22},"end":{"line":176,"column":6}},"132":{"start":{"line":173,"column":23},"end":{"line":173,"column":60}},"133":{"start":{"line":173,"column":40},"end":{"line":173,"column":59}},"134":{"start":{"line":174,"column":20},"end":{"line":174,"column":56}},"135":{"start":{"line":174,"column":46},"end":{"line":174,"column":54}},"136":{"start":{"line":175,"column":6},"end":{"line":175,"column":24}},"137":{"start":{"line":178,"column":24},"end":{"line":178,"column":74}},"138":{"start":{"line":178,"column":41},"end":{"line":178,"column":66}},"139":{"start":{"line":180,"column":25},"end":{"line":180,"column":27}},"140":{"start":{"line":181,"column":4},"end":{"line":181,"column":87}},"141":{"start":{"line":181,"column":24},"end":{"line":181,"column":83}},"142":{"start":{"line":182,"column":23},"end":{"line":182,"column":91}},"143":{"start":{"line":182,"column":67},"end":{"line":182,"column":78}},"144":{"start":{"line":183,"column":4},"end":{"line":183,"column":63}},"145":{"start":{"line":185,"column":4},"end":{"line":185,"column":52}},"146":{"start":{"line":189,"column":0},"end":{"line":189,"column":24}}},"fnMap":{"0":{"name":"getMonthlyTrends","decl":{"start":{"line":12,"column":15},"end":{"line":12,"column":31}},"loc":{"start":{"line":12,"column":64},"end":{"line":25,"column":1}},"line":12},"1":{"name":"(anonymous_1)","decl":{"start":{"line":28,"column":22},"end":{"line":28,"column":23}},"loc":{"start":{"line":28,"column":42},"end":{"line":55,"column":1}},"line":28},"2":{"name":"(anonymous_2)","decl":{"start":{"line":58,"column":28},"end":{"line":58,"column":29}},"loc":{"start":{"line":58,"column":48},"end":{"line":76,"column":1}},"line":58},"3":{"name":"(anonymous_3)","decl":{"start":{"line":79,"column":32},"end":{"line":79,"column":33}},"loc":{"start":{"line":79,"column":52},"end":{"line":114,"column":1}},"line":79},"4":{"name":"(anonymous_4)","decl":{"start":{"line":103,"column":21},"end":{"line":103,"column":22}},"loc":{"start":{"line":103,"column":31},"end":{"line":109,"column":5}},"line":103},"5":{"name":"(anonymous_5)","decl":{"start":{"line":117,"column":30},"end":{"line":117,"column":31}},"loc":{"start":{"line":117,"column":50},"end":{"line":145,"column":1}},"line":117},"6":{"name":"(anonymous_6)","decl":{"start":{"line":131,"column":37},"end":{"line":131,"column":38}},"loc":{"start":{"line":131,"column":49},"end":{"line":134,"column":5}},"line":131},"7":{"name":"(anonymous_7)","decl":{"start":{"line":136,"column":21},"end":{"line":136,"column":22}},"loc":{"start":{"line":136,"column":26},"end":{"line":140,"column":5}},"line":136},"8":{"name":"(anonymous_8)","decl":{"start":{"line":148,"column":34},"end":{"line":148,"column":35}},"loc":{"start":{"line":148,"column":54},"end":{"line":187,"column":1}},"line":148},"9":{"name":"(anonymous_9)","decl":{"start":{"line":159,"column":27},"end":{"line":159,"column":28}},"loc":{"start":{"line":159,"column":35},"end":{"line":159,"column":94}},"line":159},"10":{"name":"(anonymous_10)","decl":{"start":{"line":162,"column":44},"end":{"line":162,"column":45}},"loc":{"start":{"line":162,"column":54},"end":{"line":165,"column":5}},"line":162},"11":{"name":"(anonymous_11)","decl":{"start":{"line":166,"column":30},"end":{"line":166,"column":31}},"loc":{"start":{"line":166,"column":37},"end":{"line":166,"column":89}},"line":166},"12":{"name":"(anonymous_12)","decl":{"start":{"line":166,"column":49},"end":{"line":166,"column":50}},"loc":{"start":{"line":166,"column":54},"end":{"line":166,"column":81}},"line":166},"13":{"name":"(anonymous_13)","decl":{"start":{"line":168,"column":44},"end":{"line":168,"column":45}},"loc":{"start":{"line":168,"column":54},"end":{"line":171,"column":5}},"line":168},"14":{"name":"(anonymous_14)","decl":{"start":{"line":172,"column":32},"end":{"line":172,"column":33}},"loc":{"start":{"line":172,"column":40},"end":{"line":176,"column":5}},"line":172},"15":{"name":"(anonymous_15)","decl":{"start":{"line":173,"column":35},"end":{"line":173,"column":36}},"loc":{"start":{"line":173,"column":40},"end":{"line":173,"column":59}},"line":173},"16":{"name":"(anonymous_16)","decl":{"start":{"line":174,"column":41},"end":{"line":174,"column":42}},"loc":{"start":{"line":174,"column":46},"end":{"line":174,"column":54}},"line":174},"17":{"name":"(anonymous_17)","decl":{"start":{"line":178,"column":36},"end":{"line":178,"column":37}},"loc":{"start":{"line":178,"column":41},"end":{"line":178,"column":66}},"line":178},"18":{"name":"(anonymous_18)","decl":{"start":{"line":181,"column":17},"end":{"line":181,"column":18}},"loc":{"start":{"line":181,"column":22},"end":{"line":181,"column":85}},"line":181},"19":{"name":"(anonymous_19)","decl":{"start":{"line":182,"column":57},"end":{"line":182,"column":58}},"loc":{"start":{"line":182,"column":67},"end":{"line":182,"column":78}},"line":182}},"branchMap":{"0":{"loc":{"start":{"line":12,"column":39},"end":{"line":12,"column":62}},"type":"default-arg","locations":[{"start":{"line":12,"column":51},"end":{"line":12,"column":62}}],"line":12},"1":{"loc":{"start":{"line":30,"column":4},"end":{"line":32,"column":5}},"type":"if","locations":[{"start":{"line":30,"column":4},"end":{"line":32,"column":5}},{"start":{},"end":{}}],"line":30},"2":{"loc":{"start":{"line":30,"column":8},"end":{"line":30,"column":65}},"type":"binary-expr","locations":[{"start":{"line":30,"column":8},"end":{"line":30,"column":33}},{"start":{"line":30,"column":37},"end":{"line":30,"column":65}}],"line":30},"3":{"loc":{"start":{"line":60,"column":4},"end":{"line":62,"column":5}},"type":"if","locations":[{"start":{"line":60,"column":4},"end":{"line":62,"column":5}},{"start":{},"end":{}}],"line":60},"4":{"loc":{"start":{"line":60,"column":8},"end":{"line":60,"column":65}},"type":"binary-expr","locations":[{"start":{"line":60,"column":8},"end":{"line":60,"column":33}},{"start":{"line":60,"column":37},"end":{"line":60,"column":65}}],"line":60},"5":{"loc":{"start":{"line":81,"column":4},"end":{"line":83,"column":5}},"type":"if","locations":[{"start":{"line":81,"column":4},"end":{"line":83,"column":5}},{"start":{},"end":{}}],"line":81},"6":{"loc":{"start":{"line":81,"column":8},"end":{"line":81,"column":65}},"type":"binary-expr","locations":[{"start":{"line":81,"column":8},"end":{"line":81,"column":33}},{"start":{"line":81,"column":37},"end":{"line":81,"column":65}}],"line":81},"7":{"loc":{"start":{"line":86,"column":4},"end":{"line":90,"column":5}},"type":"if","locations":[{"start":{"line":86,"column":4},"end":{"line":90,"column":5}},{"start":{},"end":{}}],"line":86},"8":{"loc":{"start":{"line":86,"column":8},"end":{"line":86,"column":18}},"type":"binary-expr","locations":[{"start":{"line":86,"column":8},"end":{"line":86,"column":12}},{"start":{"line":86,"column":16},"end":{"line":86,"column":18}}],"line":86},"9":{"loc":{"start":{"line":88,"column":6},"end":{"line":88,"column":55}},"type":"if","locations":[{"start":{"line":88,"column":6},"end":{"line":88,"column":55}},{"start":{},"end":{}}],"line":88},"10":{"loc":{"start":{"line":89,"column":6},"end":{"line":89,"column":51}},"type":"if","locations":[{"start":{"line":89,"column":6},"end":{"line":89,"column":51}},{"start":{},"end":{}}],"line":89},"11":{"loc":{"start":{"line":91,"column":4},"end":{"line":91,"column":33}},"type":"if","locations":[{"start":{"line":91,"column":4},"end":{"line":91,"column":33}},{"start":{},"end":{}}],"line":91},"12":{"loc":{"start":{"line":92,"column":4},"end":{"line":92,"column":47}},"type":"if","locations":[{"start":{"line":92,"column":4},"end":{"line":92,"column":47}},{"start":{},"end":{}}],"line":92},"13":{"loc":{"start":{"line":104,"column":47},"end":{"line":104,"column":68}},"type":"binary-expr","locations":[{"start":{"line":104,"column":47},"end":{"line":104,"column":62}},{"start":{"line":104,"column":66},"end":{"line":104,"column":68}}],"line":104},"14":{"loc":{"start":{"line":104,"column":72},"end":{"line":104,"column":93}},"type":"binary-expr","locations":[{"start":{"line":104,"column":72},"end":{"line":104,"column":87}},{"start":{"line":104,"column":91},"end":{"line":104,"column":93}}],"line":104},"15":{"loc":{"start":{"line":105,"column":29},"end":{"line":105,"column":49}},"type":"binary-expr","locations":[{"start":{"line":105,"column":29},"end":{"line":105,"column":43}},{"start":{"line":105,"column":47},"end":{"line":105,"column":49}}],"line":105},"16":{"loc":{"start":{"line":105,"column":64},"end":{"line":105,"column":88}},"type":"binary-expr","locations":[{"start":{"line":105,"column":64},"end":{"line":105,"column":82}},{"start":{"line":105,"column":86},"end":{"line":105,"column":88}}],"line":105},"17":{"loc":{"start":{"line":121,"column":4},"end":{"line":125,"column":5}},"type":"if","locations":[{"start":{"line":121,"column":4},"end":{"line":125,"column":5}},{"start":{},"end":{}}],"line":121},"18":{"loc":{"start":{"line":121,"column":8},"end":{"line":121,"column":18}},"type":"binary-expr","locations":[{"start":{"line":121,"column":8},"end":{"line":121,"column":12}},{"start":{"line":121,"column":16},"end":{"line":121,"column":18}}],"line":121},"19":{"loc":{"start":{"line":123,"column":6},"end":{"line":123,"column":55}},"type":"if","locations":[{"start":{"line":123,"column":6},"end":{"line":123,"column":55}},{"start":{},"end":{}}],"line":123},"20":{"loc":{"start":{"line":124,"column":6},"end":{"line":124,"column":51}},"type":"if","locations":[{"start":{"line":124,"column":6},"end":{"line":124,"column":51}},{"start":{},"end":{}}],"line":124},"21":{"loc":{"start":{"line":126,"column":4},"end":{"line":126,"column":33}},"type":"if","locations":[{"start":{"line":126,"column":4},"end":{"line":126,"column":33}},{"start":{},"end":{}}],"line":126},"22":{"loc":{"start":{"line":127,"column":4},"end":{"line":127,"column":47}},"type":"if","locations":[{"start":{"line":127,"column":4},"end":{"line":127,"column":47}},{"start":{},"end":{}}],"line":127},"23":{"loc":{"start":{"line":132,"column":23},"end":{"line":132,"column":41}},"type":"binary-expr","locations":[{"start":{"line":132,"column":23},"end":{"line":132,"column":36}},{"start":{"line":132,"column":40},"end":{"line":132,"column":41}}],"line":132},"24":{"loc":{"start":{"line":137,"column":6},"end":{"line":139,"column":7}},"type":"if","locations":[{"start":{"line":137,"column":6},"end":{"line":139,"column":7}},{"start":{},"end":{}}],"line":137},"25":{"loc":{"start":{"line":138,"column":36},"end":{"line":138,"column":65}},"type":"binary-expr","locations":[{"start":{"line":138,"column":36},"end":{"line":138,"column":60}},{"start":{"line":138,"column":64},"end":{"line":138,"column":65}}],"line":138},"26":{"loc":{"start":{"line":150,"column":4},"end":{"line":152,"column":5}},"type":"if","locations":[{"start":{"line":150,"column":4},"end":{"line":152,"column":5}},{"start":{},"end":{}}],"line":150},"27":{"loc":{"start":{"line":150,"column":8},"end":{"line":150,"column":65}},"type":"binary-expr","locations":[{"start":{"line":150,"column":8},"end":{"line":150,"column":33}},{"start":{"line":150,"column":37},"end":{"line":150,"column":65}}],"line":150},"28":{"loc":{"start":{"line":157,"column":4},"end":{"line":157,"column":114}},"type":"if","locations":[{"start":{"line":157,"column":4},"end":{"line":157,"column":114}},{"start":{},"end":{}}],"line":157},"29":{"loc":{"start":{"line":181,"column":50},"end":{"line":181,"column":77}},"type":"binary-expr","locations":[{"start":{"line":181,"column":50},"end":{"line":181,"column":72}},{"start":{"line":181,"column":76},"end":{"line":181,"column":77}}],"line":181}},"s":{"0":1,"1":1,"2":1,"3":1,"4":1,"5":1,"6":1,"7":1,"8":1,"9":0,"10":0,"11":0,"12":0,"13":0,"14":0,"15":0,"16":0,"17":0,"18":1,"19":0,"20":0,"21":0,"22":0,"23":0,"24":0,"25":0,"26":0,"27":0,"28":0,"29":0,"30":0,"31":0,"32":1,"33":0,"34":0,"35":0,"36":0,"37":0,"38":0,"39":0,"40":0,"41":0,"42":0,"43":0,"44":0,"45":0,"46":0,"47":1,"48":0,"49":0,"50":0,"51":0,"52":0,"53":0,"54":0,"55":0,"56":0,"57":0,"58":0,"59":0,"60":0,"61":0,"62":0,"63":0,"64":0,"65":0,"66":0,"67":0,"68":0,"69":0,"70":0,"71":0,"72":0,"73":0,"74":0,"75":0,"76":0,"77":0,"78":0,"79":0,"80":1,"81":0,"82":0,"83":0,"84":0,"85":0,"86":0,"87":0,"88":0,"89":0,"90":0,"91":0,"92":0,"93":0,"94":0,"95":0,"96":0,"97":0,"98":0,"99":0,"100":0,"101":0,"102":0,"103":0,"104":0,"105":1,"106":0,"107":0,"108":0,"109":0,"110":0,"111":0,"112":0,"113":0,"114":0,"115":0,"116":0,"117":0,"118":0,"119":0,"120":0,"121":0,"122":0,"123":0,"124":0,"125":0,"126":0,"127":0,"128":0,"129":0,"130":0,"131":0,"132":0,"133":0,"134":0,"135":0,"136":0,"137":0,"138":0,"139":0,"140":0,"141":0,"142":0,"143":0,"144":0,"145":0,"146":1},"f":{"0":0,"1":0,"2":0,"3":0,"4":0,"5":0,"6":0,"7":0,"8":0,"9":0,"10":0,"11":0,"12":0,"13":0,"14":0,"15":0,"16":0,"17":0,"18":0,"19":0},"b":{"0":[0],"1":[0,0],"2":[0,0],"3":[0,0],"4":[0,0],"5":[0,0],"6":[0,0],"7":[0,0],"8":[0,0],"9":[0,0],"10":[0,0],"11":[0,0],"12":[0,0],"13":[0,0],"14":[0,0],"15":[0,0],"16":[0,0],"17":[0,0],"18":[0,0],"19":[0,0],"20":[0,0],"21":[0,0],"22":[0,0],"23":[0,0],"24":[0,0],"25":[0,0],"26":[0,0],"27":[0,0],"28":[0,0],"29":[0,0]},"_coverageSchema":"1a1c01bbd47fc00a2c39e90264f33305004495a9","hash":"cccf9def816f1dee16e5d3a772e839aa27f710e9"}
,"/Users/patrikluks/Applications/serviskol/backend/routes/auditLogViewRoutes.js": {"path":"/Users/patrikluks/Applications/serviskol/backend/routes/auditLogViewRoutes.js","statementMap":{"0":{"start":{"line":1,"column":16},"end":{"line":1,"column":34}},"1":{"start":{"line":2,"column":15},"end":{"line":2,"column":31}},"2":{"start":{"line":3,"column":11},"end":{"line":3,"column":24}},"3":{"start":{"line":4,"column":13},"end":{"line":4,"column":28}},"4":{"start":{"line":5,"column":13},"end":{"line":5,"column":42}},"5":{"start":{"line":8,"column":0},"end":{"line":17,"column":3}},"6":{"start":{"line":9,"column":2},"end":{"line":9,"column":91}},"7":{"start":{"line":9,"column":33},"end":{"line":9,"column":91}},"8":{"start":{"line":10,"column":18},"end":{"line":10,"column":59}},"9":{"start":{"line":11,"column":2},"end":{"line":11,"column":51}},"10":{"start":{"line":11,"column":31},"end":{"line":11,"column":51}},"11":{"start":{"line":12,"column":16},"end":{"line":12,"column":77}},"12":{"start":{"line":13,"column":15},"end":{"line":15,"column":20}},"13":{"start":{"line":14,"column":4},"end":{"line":14,"column":59}},"14":{"start":{"line":14,"column":10},"end":{"line":14,"column":34}},"15":{"start":{"line":14,"column":45},"end":{"line":14,"column":57}},"16":{"start":{"line":16,"column":2},"end":{"line":16,"column":39}},"17":{"start":{"line":19,"column":0},"end":{"line":19,"column":24}}},"fnMap":{"0":{"name":"(anonymous_0)","decl":{"start":{"line":8,"column":26},"end":{"line":8,"column":27}},"loc":{"start":{"line":8,"column":40},"end":{"line":17,"column":1}},"line":8},"1":{"name":"(anonymous_1)","decl":{"start":{"line":13,"column":25},"end":{"line":13,"column":26}},"loc":{"start":{"line":13,"column":33},"end":{"line":15,"column":3}},"line":13}},"branchMap":{"0":{"loc":{"start":{"line":9,"column":2},"end":{"line":9,"column":91}},"type":"if","locations":[{"start":{"line":9,"column":2},"end":{"line":9,"column":91}},{"start":{},"end":{}}],"line":9},"1":{"loc":{"start":{"line":11,"column":2},"end":{"line":11,"column":51}},"type":"if","locations":[{"start":{"line":11,"column":2},"end":{"line":11,"column":51}},{"start":{},"end":{}}],"line":11}},"s":{"0":1,"1":1,"2":1,"3":1,"4":1,"5":1,"6":0,"7":0,"8":0,"9":0,"10":0,"11":0,"12":0,"13":0,"14":0,"15":0,"16":0,"17":1},"f":{"0":0,"1":0},"b":{"0":[0,0],"1":[0,0]},"_coverageSchema":"1a1c01bbd47fc00a2c39e90264f33305004495a9","hash":"6bb32c4d83a6e4b479c6d42a934e7af2158404c1"}
,"/Users/patrikluks/Applications/serviskol/backend/routes/auditRoutes.js": {"path":"/Users/patrikluks/Applications/serviskol/backend/routes/auditRoutes.js","statementMap":{"0":{"start":{"line":1,"column":16},"end":{"line":1,"column":34}},"1":{"start":{"line":2,"column":15},"end":{"line":2,"column":31}},"2":{"start":{"line":3,"column":13},"end":{"line":3,"column":42}},"3":{"start":{"line":4,"column":17},"end":{"line":4,"column":50}},"4":{"start":{"line":7,"column":0},"end":{"line":10,"column":3}},"5":{"start":{"line":8,"column":2},"end":{"line":8,"column":51}},"6":{"start":{"line":9,"column":2},"end":{"line":9,"column":30}},"7":{"start":{"line":12,"column":0},"end":{"line":12,"column":24}}},"fnMap":{"0":{"name":"(anonymous_0)","decl":{"start":{"line":7,"column":29},"end":{"line":7,"column":30}},"loc":{"start":{"line":7,"column":43},"end":{"line":10,"column":1}},"line":7}},"branchMap":{},"s":{"0":1,"1":1,"2":1,"3":1,"4":1,"5":0,"6":0,"7":1},"f":{"0":0},"b":{},"_coverageSchema":"1a1c01bbd47fc00a2c39e90264f33305004495a9","hash":"f4cfaee99141b868fa5311da0e7c9be8382b9f3e"}
,"/Users/patrikluks/Applications/serviskol/backend/routes/bikeRoutes.js": {"path":"/Users/patrikluks/Applications/serviskol/backend/routes/bikeRoutes.js","statementMap":{"0":{"start":{"line":1,"column":16},"end":{"line":1,"column":34}},"1":{"start":{"line":2,"column":15},"end":{"line":2,"column":31}},"2":{"start":{"line":3,"column":13},"end":{"line":3,"column":42}},"3":{"start":{"line":4,"column":13},"end":{"line":4,"column":38}},"4":{"start":{"line":5,"column":23},"end":{"line":5,"column":58}},"5":{"start":{"line":6,"column":15},"end":{"line":6,"column":32}},"6":{"start":{"line":7,"column":13},"end":{"line":7,"column":28}},"7":{"start":{"line":8,"column":18},"end":{"line":8,"column":47}},"8":{"start":{"line":9,"column":13},"end":{"line":9,"column":38}},"9":{"start":{"line":10,"column":17},"end":{"line":10,"column":50}},"10":{"start":{"line":11,"column":31},"end":{"line":11,"column":68}},"11":{"start":{"line":12,"column":33},"end":{"line":12,"column":62}},"12":{"start":{"line":14,"column":16},"end":{"line":22,"column":2}},"13":{"start":{"line":16,"column":4},"end":{"line":16,"column":49}},"14":{"start":{"line":19,"column":25},"end":{"line":19,"column":75}},"15":{"start":{"line":20,"column":4},"end":{"line":20,"column":53}},"16":{"start":{"line":23,"column":15},"end":{"line":23,"column":34}},"17":{"start":{"line":26,"column":0},"end":{"line":33,"column":3}},"18":{"start":{"line":27,"column":2},"end":{"line":32,"column":3}},"19":{"start":{"line":28,"column":18},"end":{"line":28,"column":59}},"20":{"start":{"line":29,"column":4},"end":{"line":29,"column":20}},"21":{"start":{"line":31,"column":4},"end":{"line":31,"column":52}},"22":{"start":{"line":36,"column":0},"end":{"line":59,"column":3}},"23":{"start":{"line":37,"column":2},"end":{"line":58,"column":3}},"24":{"start":{"line":38,"column":40},"end":{"line":38,"column":48}},"25":{"start":{"line":39,"column":4},"end":{"line":41,"column":5}},"26":{"start":{"line":40,"column":6},"end":{"line":40,"column":76}},"27":{"start":{"line":42,"column":17},"end":{"line":53,"column":6}},"28":{"start":{"line":54,"column":4},"end":{"line":54,"column":22}},"29":{"start":{"line":55,"column":4},"end":{"line":55,"column":31}},"30":{"start":{"line":57,"column":4},"end":{"line":57,"column":52}},"31":{"start":{"line":62,"column":0},"end":{"line":71,"column":3}},"32":{"start":{"line":63,"column":2},"end":{"line":70,"column":3}},"33":{"start":{"line":64,"column":17},"end":{"line":65,"column":33}},"34":{"start":{"line":66,"column":4},"end":{"line":66,"column":77}},"35":{"start":{"line":66,"column":15},"end":{"line":66,"column":77}},"36":{"start":{"line":67,"column":4},"end":{"line":67,"column":19}},"37":{"start":{"line":69,"column":4},"end":{"line":69,"column":52}},"38":{"start":{"line":74,"column":0},"end":{"line":97,"column":3}},"39":{"start":{"line":75,"column":2},"end":{"line":96,"column":3}},"40":{"start":{"line":76,"column":42},"end":{"line":76,"column":50}},"41":{"start":{"line":77,"column":4},"end":{"line":79,"column":5}},"42":{"start":{"line":78,"column":6},"end":{"line":78,"column":74}},"43":{"start":{"line":80,"column":17},"end":{"line":80,"column":81}},"44":{"start":{"line":81,"column":4},"end":{"line":81,"column":77}},"45":{"start":{"line":81,"column":15},"end":{"line":81,"column":77}},"46":{"start":{"line":82,"column":20},"end":{"line":89,"column":6}},"47":{"start":{"line":90,"column":4},"end":{"line":90,"column":25}},"48":{"start":{"line":91,"column":4},"end":{"line":91,"column":42}},"49":{"start":{"line":92,"column":4},"end":{"line":92,"column":22}},"50":{"start":{"line":93,"column":4},"end":{"line":93,"column":34}},"51":{"start":{"line":95,"column":4},"end":{"line":95,"column":52}},"52":{"start":{"line":100,"column":0},"end":{"line":177,"column":3}},"53":{"start":{"line":101,"column":2},"end":{"line":176,"column":3}},"54":{"start":{"line":102,"column":34},"end":{"line":102,"column":44}},"55":{"start":{"line":103,"column":20},"end":{"line":103,"column":76}},"56":{"start":{"line":104,"column":4},"end":{"line":104,"column":85}},"57":{"start":{"line":104,"column":18},"end":{"line":104,"column":85}},"58":{"start":{"line":106,"column":4},"end":{"line":108,"column":5}},"59":{"start":{"line":107,"column":6},"end":{"line":107,"column":64}},"60":{"start":{"line":109,"column":26},"end":{"line":109,"column":105}},"61":{"start":{"line":110,"column":4},"end":{"line":112,"column":7}},"62":{"start":{"line":111,"column":6},"end":{"line":111,"column":74}},"63":{"start":{"line":111,"column":41},"end":{"line":111,"column":74}},"64":{"start":{"line":113,"column":21},"end":{"line":113,"column":26}},"65":{"start":{"line":114,"column":25},"end":{"line":114,"column":30}},"66":{"start":{"line":115,"column":22},"end":{"line":115,"column":26}},"67":{"start":{"line":116,"column":23},"end":{"line":116,"column":25}},"68":{"start":{"line":118,"column":4},"end":{"line":125,"column":5}},"69":{"start":{"line":119,"column":6},"end":{"line":119,"column":39}},"70":{"start":{"line":120,"column":6},"end":{"line":120,"column":58}},"71":{"start":{"line":121,"column":6},"end":{"line":121,"column":109}},"72":{"start":{"line":122,"column":6},"end":{"line":122,"column":24}},"73":{"start":{"line":123,"column":6},"end":{"line":123,"column":42}},"74":{"start":{"line":124,"column":6},"end":{"line":124,"column":63}},"75":{"start":{"line":127,"column":4},"end":{"line":132,"column":5}},"76":{"start":{"line":128,"column":6},"end":{"line":128,"column":47}},"77":{"start":{"line":129,"column":6},"end":{"line":129,"column":28}},"78":{"start":{"line":130,"column":6},"end":{"line":130,"column":41}},"79":{"start":{"line":131,"column":6},"end":{"line":131,"column":68}},"80":{"start":{"line":133,"column":4},"end":{"line":133,"column":25}},"81":{"start":{"line":135,"column":4},"end":{"line":137,"column":5}},"82":{"start":{"line":136,"column":6},"end":{"line":136,"column":52}},"83":{"start":{"line":139,"column":4},"end":{"line":155,"column":5}},"84":{"start":{"line":140,"column":22},"end":{"line":140,"column":57}},"85":{"start":{"line":141,"column":6},"end":{"line":154,"column":7}},"86":{"start":{"line":142,"column":8},"end":{"line":146,"column":11}},"87":{"start":{"line":147,"column":8},"end":{"line":151,"column":11}},"88":{"start":{"line":153,"column":8},"end":{"line":153,"column":113}},"89":{"start":{"line":157,"column":4},"end":{"line":172,"column":5}},"90":{"start":{"line":158,"column":26},"end":{"line":158,"column":65}},"91":{"start":{"line":159,"column":6},"end":{"line":171,"column":7}},"92":{"start":{"line":160,"column":8},"end":{"line":164,"column":11}},"93":{"start":{"line":166,"column":8},"end":{"line":170,"column":11}},"94":{"start":{"line":173,"column":4},"end":{"line":173,"column":22}},"95":{"start":{"line":175,"column":4},"end":{"line":175,"column":52}},"96":{"start":{"line":180,"column":0},"end":{"line":199,"column":3}},"97":{"start":{"line":181,"column":2},"end":{"line":198,"column":3}},"98":{"start":{"line":182,"column":34},"end":{"line":182,"column":44}},"99":{"start":{"line":183,"column":20},"end":{"line":183,"column":76}},"100":{"start":{"line":184,"column":4},"end":{"line":184,"column":85}},"101":{"start":{"line":184,"column":18},"end":{"line":184,"column":85}},"102":{"start":{"line":186,"column":4},"end":{"line":188,"column":5}},"103":{"start":{"line":187,"column":6},"end":{"line":187,"column":64}},"104":{"start":{"line":189,"column":4},"end":{"line":189,"column":55}},"105":{"start":{"line":191,"column":4},"end":{"line":194,"column":6}},"106":{"start":{"line":195,"column":4},"end":{"line":195,"column":53}},"107":{"start":{"line":197,"column":4},"end":{"line":197,"column":52}},"108":{"start":{"line":202,"column":0},"end":{"line":217,"column":3}},"109":{"start":{"line":203,"column":2},"end":{"line":216,"column":3}},"110":{"start":{"line":204,"column":71},"end":{"line":204,"column":79}},"111":{"start":{"line":205,"column":4},"end":{"line":207,"column":5}},"112":{"start":{"line":206,"column":6},"end":{"line":206,"column":87}},"113":{"start":{"line":208,"column":17},"end":{"line":208,"column":81}},"114":{"start":{"line":209,"column":4},"end":{"line":209,"column":77}},"115":{"start":{"line":209,"column":15},"end":{"line":209,"column":77}},"116":{"start":{"line":210,"column":22},"end":{"line":210,"column":80}},"117":{"start":{"line":211,"column":4},"end":{"line":211,"column":36}},"118":{"start":{"line":212,"column":4},"end":{"line":212,"column":22}},"119":{"start":{"line":213,"column":4},"end":{"line":213,"column":36}},"120":{"start":{"line":215,"column":4},"end":{"line":215,"column":52}},"121":{"start":{"line":220,"column":0},"end":{"line":235,"column":3}},"122":{"start":{"line":221,"column":2},"end":{"line":234,"column":3}},"123":{"start":{"line":222,"column":71},"end":{"line":222,"column":79}},"124":{"start":{"line":223,"column":17},"end":{"line":223,"column":81}},"125":{"start":{"line":224,"column":4},"end":{"line":224,"column":77}},"126":{"start":{"line":224,"column":15},"end":{"line":224,"column":77}},"127":{"start":{"line":225,"column":16},"end":{"line":225,"column":46}},"128":{"start":{"line":226,"column":4},"end":{"line":228,"column":5}},"129":{"start":{"line":227,"column":6},"end":{"line":227,"column":74}},"130":{"start":{"line":229,"column":4},"end":{"line":229,"column":86}},"131":{"start":{"line":230,"column":4},"end":{"line":230,"column":22}},"132":{"start":{"line":231,"column":4},"end":{"line":231,"column":35}},"133":{"start":{"line":233,"column":4},"end":{"line":233,"column":52}},"134":{"start":{"line":238,"column":0},"end":{"line":252,"column":3}},"135":{"start":{"line":239,"column":2},"end":{"line":251,"column":3}},"136":{"start":{"line":240,"column":17},"end":{"line":240,"column":81}},"137":{"start":{"line":241,"column":4},"end":{"line":241,"column":77}},"138":{"start":{"line":241,"column":15},"end":{"line":241,"column":77}},"139":{"start":{"line":242,"column":16},"end":{"line":242,"column":46}},"140":{"start":{"line":243,"column":4},"end":{"line":245,"column":5}},"141":{"start":{"line":244,"column":6},"end":{"line":244,"column":74}},"142":{"start":{"line":246,"column":4},"end":{"line":246,"column":35}},"143":{"start":{"line":247,"column":4},"end":{"line":247,"column":22}},"144":{"start":{"line":248,"column":4},"end":{"line":248,"column":50}},"145":{"start":{"line":250,"column":4},"end":{"line":250,"column":52}},"146":{"start":{"line":255,"column":0},"end":{"line":272,"column":3}},"147":{"start":{"line":256,"column":2},"end":{"line":271,"column":3}},"148":{"start":{"line":257,"column":34},"end":{"line":257,"column":44}},"149":{"start":{"line":258,"column":20},"end":{"line":258,"column":76}},"150":{"start":{"line":259,"column":4},"end":{"line":259,"column":85}},"151":{"start":{"line":259,"column":18},"end":{"line":259,"column":85}},"152":{"start":{"line":260,"column":4},"end":{"line":262,"column":5}},"153":{"start":{"line":261,"column":6},"end":{"line":261,"column":64}},"154":{"start":{"line":263,"column":4},"end":{"line":263,"column":80}},"155":{"start":{"line":263,"column":19},"end":{"line":263,"column":80}},"156":{"start":{"line":264,"column":21},"end":{"line":264,"column":52}},"157":{"start":{"line":265,"column":4},"end":{"line":265,"column":48}},"158":{"start":{"line":266,"column":4},"end":{"line":266,"column":37}},"159":{"start":{"line":267,"column":4},"end":{"line":267,"column":25}},"160":{"start":{"line":268,"column":4},"end":{"line":268,"column":50}},"161":{"start":{"line":270,"column":4},"end":{"line":270,"column":52}},"162":{"start":{"line":274,"column":0},"end":{"line":274,"column":24}}},"fnMap":{"0":{"name":"(anonymous_0)","decl":{"start":{"line":15,"column":15},"end":{"line":15,"column":16}},"loc":{"start":{"line":15,"column":40},"end":{"line":17,"column":3}},"line":15},"1":{"name":"(anonymous_1)","decl":{"start":{"line":18,"column":12},"end":{"line":18,"column":13}},"loc":{"start":{"line":18,"column":37},"end":{"line":21,"column":3}},"line":18},"2":{"name":"(anonymous_2)","decl":{"start":{"line":26,"column":22},"end":{"line":26,"column":23}},"loc":{"start":{"line":26,"column":42},"end":{"line":33,"column":1}},"line":26},"3":{"name":"(anonymous_3)","decl":{"start":{"line":36,"column":23},"end":{"line":36,"column":24}},"loc":{"start":{"line":36,"column":43},"end":{"line":59,"column":1}},"line":36},"4":{"name":"(anonymous_4)","decl":{"start":{"line":62,"column":25},"end":{"line":62,"column":26}},"loc":{"start":{"line":62,"column":45},"end":{"line":71,"column":1}},"line":62},"5":{"name":"(anonymous_5)","decl":{"start":{"line":74,"column":34},"end":{"line":74,"column":35}},"loc":{"start":{"line":74,"column":54},"end":{"line":97,"column":1}},"line":74},"6":{"name":"(anonymous_6)","decl":{"start":{"line":100,"column":48},"end":{"line":100,"column":49}},"loc":{"start":{"line":100,"column":68},"end":{"line":177,"column":1}},"line":100},"7":{"name":"(anonymous_7)","decl":{"start":{"line":110,"column":26},"end":{"line":110,"column":27}},"loc":{"start":{"line":110,"column":35},"end":{"line":112,"column":5}},"line":110},"8":{"name":"(anonymous_8)","decl":{"start":{"line":180,"column":51},"end":{"line":180,"column":52}},"loc":{"start":{"line":180,"column":71},"end":{"line":199,"column":1}},"line":180},"9":{"name":"(anonymous_9)","decl":{"start":{"line":202,"column":36},"end":{"line":202,"column":37}},"loc":{"start":{"line":202,"column":56},"end":{"line":217,"column":1}},"line":202},"10":{"name":"(anonymous_10)","decl":{"start":{"line":220,"column":42},"end":{"line":220,"column":43}},"loc":{"start":{"line":220,"column":62},"end":{"line":235,"column":1}},"line":220},"11":{"name":"(anonymous_11)","decl":{"start":{"line":238,"column":45},"end":{"line":238,"column":46}},"loc":{"start":{"line":238,"column":65},"end":{"line":252,"column":1}},"line":238},"12":{"name":"(anonymous_12)","decl":{"start":{"line":255,"column":79},"end":{"line":255,"column":80}},"loc":{"start":{"line":255,"column":99},"end":{"line":272,"column":1}},"line":255}},"branchMap":{"0":{"loc":{"start":{"line":39,"column":4},"end":{"line":41,"column":5}},"type":"if","locations":[{"start":{"line":39,"column":4},"end":{"line":41,"column":5}},{"start":{},"end":{}}],"line":39},"1":{"loc":{"start":{"line":39,"column":8},"end":{"line":39,"column":33}},"type":"binary-expr","locations":[{"start":{"line":39,"column":8},"end":{"line":39,"column":14}},{"start":{"line":39,"column":18},"end":{"line":39,"column":24}},{"start":{"line":39,"column":28},"end":{"line":39,"column":33}}],"line":39},"2":{"loc":{"start":{"line":66,"column":4},"end":{"line":66,"column":77}},"type":"if","locations":[{"start":{"line":66,"column":4},"end":{"line":66,"column":77}},{"start":{},"end":{}}],"line":66},"3":{"loc":{"start":{"line":77,"column":4},"end":{"line":79,"column":5}},"type":"if","locations":[{"start":{"line":77,"column":4},"end":{"line":79,"column":5}},{"start":{},"end":{}}],"line":77},"4":{"loc":{"start":{"line":77,"column":8},"end":{"line":77,"column":24}},"type":"binary-expr","locations":[{"start":{"line":77,"column":8},"end":{"line":77,"column":13}},{"start":{"line":77,"column":17},"end":{"line":77,"column":24}}],"line":77},"5":{"loc":{"start":{"line":81,"column":4},"end":{"line":81,"column":77}},"type":"if","locations":[{"start":{"line":81,"column":4},"end":{"line":81,"column":77}},{"start":{},"end":{}}],"line":81},"6":{"loc":{"start":{"line":104,"column":4},"end":{"line":104,"column":85}},"type":"if","locations":[{"start":{"line":104,"column":4},"end":{"line":104,"column":85}},{"start":{},"end":{}}],"line":104},"7":{"loc":{"start":{"line":106,"column":4},"end":{"line":108,"column":5}},"type":"if","locations":[{"start":{"line":106,"column":4},"end":{"line":108,"column":5}},{"start":{},"end":{}}],"line":106},"8":{"loc":{"start":{"line":106,"column":8},"end":{"line":106,"column":110}},"type":"binary-expr","locations":[{"start":{"line":106,"column":8},"end":{"line":106,"column":49}},{"start":{"line":106,"column":53},"end":{"line":106,"column":81}},{"start":{"line":106,"column":85},"end":{"line":106,"column":110}}],"line":106},"9":{"loc":{"start":{"line":111,"column":6},"end":{"line":111,"column":74}},"type":"if","locations":[{"start":{"line":111,"column":6},"end":{"line":111,"column":74}},{"start":{},"end":{}}],"line":111},"10":{"loc":{"start":{"line":118,"column":4},"end":{"line":125,"column":5}},"type":"if","locations":[{"start":{"line":118,"column":4},"end":{"line":125,"column":5}},{"start":{},"end":{}}],"line":118},"11":{"loc":{"start":{"line":118,"column":8},"end":{"line":118,"column":61}},"type":"binary-expr","locations":[{"start":{"line":118,"column":8},"end":{"line":118,"column":23}},{"start":{"line":118,"column":27},"end":{"line":118,"column":61}}],"line":118},"12":{"loc":{"start":{"line":120,"column":30},"end":{"line":120,"column":57}},"type":"binary-expr","locations":[{"start":{"line":120,"column":30},"end":{"line":120,"column":51}},{"start":{"line":120,"column":55},"end":{"line":120,"column":57}}],"line":120},"13":{"loc":{"start":{"line":127,"column":4},"end":{"line":132,"column":5}},"type":"if","locations":[{"start":{"line":127,"column":4},"end":{"line":132,"column":5}},{"start":{},"end":{}}],"line":127},"14":{"loc":{"start":{"line":127,"column":8},"end":{"line":127,"column":81}},"type":"binary-expr","locations":[{"start":{"line":127,"column":8},"end":{"line":127,"column":27}},{"start":{"line":127,"column":31},"end":{"line":127,"column":81}}],"line":127},"15":{"loc":{"start":{"line":135,"column":4},"end":{"line":137,"column":5}},"type":"if","locations":[{"start":{"line":135,"column":4},"end":{"line":137,"column":5}},{"start":{},"end":{}}],"line":135},"16":{"loc":{"start":{"line":139,"column":4},"end":{"line":155,"column":5}},"type":"if","locations":[{"start":{"line":139,"column":4},"end":{"line":155,"column":5}},{"start":{},"end":{}}],"line":139},"17":{"loc":{"start":{"line":141,"column":6},"end":{"line":154,"column":7}},"type":"if","locations":[{"start":{"line":141,"column":6},"end":{"line":154,"column":7}},{"start":{},"end":{}}],"line":141},"18":{"loc":{"start":{"line":157,"column":4},"end":{"line":172,"column":5}},"type":"if","locations":[{"start":{"line":157,"column":4},"end":{"line":172,"column":5}},{"start":{},"end":{}}],"line":157},"19":{"loc":{"start":{"line":159,"column":6},"end":{"line":171,"column":7}},"type":"if","locations":[{"start":{"line":159,"column":6},"end":{"line":171,"column":7}},{"start":{},"end":{}}],"line":159},"20":{"loc":{"start":{"line":184,"column":4},"end":{"line":184,"column":85}},"type":"if","locations":[{"start":{"line":184,"column":4},"end":{"line":184,"column":85}},{"start":{},"end":{}}],"line":184},"21":{"loc":{"start":{"line":186,"column":4},"end":{"line":188,"column":5}},"type":"if","locations":[{"start":{"line":186,"column":4},"end":{"line":188,"column":5}},{"start":{},"end":{}}],"line":186},"22":{"loc":{"start":{"line":186,"column":8},"end":{"line":186,"column":81}},"type":"binary-expr","locations":[{"start":{"line":186,"column":8},"end":{"line":186,"column":49}},{"start":{"line":186,"column":53},"end":{"line":186,"column":81}}],"line":186},"23":{"loc":{"start":{"line":205,"column":4},"end":{"line":207,"column":5}},"type":"if","locations":[{"start":{"line":205,"column":4},"end":{"line":207,"column":5}},{"start":{},"end":{}}],"line":205},"24":{"loc":{"start":{"line":205,"column":8},"end":{"line":205,"column":36}},"type":"binary-expr","locations":[{"start":{"line":205,"column":8},"end":{"line":205,"column":13}},{"start":{"line":205,"column":17},"end":{"line":205,"column":22}},{"start":{"line":205,"column":26},"end":{"line":205,"column":36}}],"line":205},"25":{"loc":{"start":{"line":209,"column":4},"end":{"line":209,"column":77}},"type":"if","locations":[{"start":{"line":209,"column":4},"end":{"line":209,"column":77}},{"start":{},"end":{}}],"line":209},"26":{"loc":{"start":{"line":224,"column":4},"end":{"line":224,"column":77}},"type":"if","locations":[{"start":{"line":224,"column":4},"end":{"line":224,"column":77}},{"start":{},"end":{}}],"line":224},"27":{"loc":{"start":{"line":226,"column":4},"end":{"line":228,"column":5}},"type":"if","locations":[{"start":{"line":226,"column":4},"end":{"line":228,"column":5}},{"start":{},"end":{}}],"line":226},"28":{"loc":{"start":{"line":226,"column":8},"end":{"line":226,"column":62}},"type":"binary-expr","locations":[{"start":{"line":226,"column":8},"end":{"line":226,"column":18}},{"start":{"line":226,"column":22},"end":{"line":226,"column":29}},{"start":{"line":226,"column":33},"end":{"line":226,"column":62}}],"line":226},"29":{"loc":{"start":{"line":241,"column":4},"end":{"line":241,"column":77}},"type":"if","locations":[{"start":{"line":241,"column":4},"end":{"line":241,"column":77}},{"start":{},"end":{}}],"line":241},"30":{"loc":{"start":{"line":243,"column":4},"end":{"line":245,"column":5}},"type":"if","locations":[{"start":{"line":243,"column":4},"end":{"line":245,"column":5}},{"start":{},"end":{}}],"line":243},"31":{"loc":{"start":{"line":243,"column":8},"end":{"line":243,"column":62}},"type":"binary-expr","locations":[{"start":{"line":243,"column":8},"end":{"line":243,"column":18}},{"start":{"line":243,"column":22},"end":{"line":243,"column":29}},{"start":{"line":243,"column":33},"end":{"line":243,"column":62}}],"line":243},"32":{"loc":{"start":{"line":259,"column":4},"end":{"line":259,"column":85}},"type":"if","locations":[{"start":{"line":259,"column":4},"end":{"line":259,"column":85}},{"start":{},"end":{}}],"line":259},"33":{"loc":{"start":{"line":260,"column":4},"end":{"line":262,"column":5}},"type":"if","locations":[{"start":{"line":260,"column":4},"end":{"line":262,"column":5}},{"start":{},"end":{}}],"line":260},"34":{"loc":{"start":{"line":260,"column":8},"end":{"line":260,"column":81}},"type":"binary-expr","locations":[{"start":{"line":260,"column":8},"end":{"line":260,"column":49}},{"start":{"line":260,"column":53},"end":{"line":260,"column":81}}],"line":260},"35":{"loc":{"start":{"line":263,"column":4},"end":{"line":263,"column":80}},"type":"if","locations":[{"start":{"line":263,"column":4},"end":{"line":263,"column":80}},{"start":{},"end":{}}],"line":263},"36":{"loc":{"start":{"line":265,"column":24},"end":{"line":265,"column":47}},"type":"binary-expr","locations":[{"start":{"line":265,"column":24},"end":{"line":265,"column":41}},{"start":{"line":265,"column":45},"end":{"line":265,"column":47}}],"line":265}},"s":{"0":1,"1":1,"2":1,"3":1,"4":1,"5":1,"6":1,"7":1,"8":1,"9":1,"10":1,"11":1,"12":1,"13":0,"14":0,"15":0,"16":1,"17":1,"18":0,"19":0,"20":0,"21":0,"22":1,"23":0,"24":0,"25":0,"26":0,"27":0,"28":0,"29":0,"30":0,"31":1,"32":0,"33":0,"34":0,"35":0,"36":0,"37":0,"38":1,"39":0,"40":0,"41":0,"42":0,"43":0,"44":0,"45":0,"46":0,"47":0,"48":0,"49":0,"50":0,"51":0,"52":1,"53":0,"54":0,"55":0,"56":0,"57":0,"58":0,"59":0,"60":0,"61":0,"62":0,"63":0,"64":0,"65":0,"66":0,"67":0,"68":0,"69":0,"70":0,"71":0,"72":0,"73":0,"74":0,"75":0,"76":0,"77":0,"78":0,"79":0,"80":0,"81":0,"82":0,"83":0,"84":0,"85":0,"86":0,"87":0,"88":0,"89":0,"90":0,"91":0,"92":0,"93":0,"94":0,"95":0,"96":1,"97":0,"98":0,"99":0,"100":0,"101":0,"102":0,"103":0,"104":0,"105":0,"106":0,"107":0,"108":1,"109":0,"110":0,"111":0,"112":0,"113":0,"114":0,"115":0,"116":0,"117":0,"118":0,"119":0,"120":0,"121":1,"122":0,"123":0,"124":0,"125":0,"126":0,"127":0,"128":0,"129":0,"130":0,"131":0,"132":0,"133":0,"134":1,"135":0,"136":0,"137":0,"138":0,"139":0,"140":0,"141":0,"142":0,"143":0,"144":0,"145":0,"146":1,"147":0,"148":0,"149":0,"150":0,"151":0,"152":0,"153":0,"154":0,"155":0,"156":0,"157":0,"158":0,"159":0,"160":0,"161":0,"162":1},"f":{"0":0,"1":0,"2":0,"3":0,"4":0,"5":0,"6":0,"7":0,"8":0,"9":0,"10":0,"11":0,"12":0},"b":{"0":[0,0],"1":[0,0,0],"2":[0,0],"3":[0,0],"4":[0,0],"5":[0,0],"6":[0,0],"7":[0,0],"8":[0,0,0],"9":[0,0],"10":[0,0],"11":[0,0],"12":[0,0],"13":[0,0],"14":[0,0
[...]
column":38}},"4":{"start":{"line":5,"column":17},"end":{"line":5,"column":50}},"5":{"start":{"line":8,"column":0},"end":{"line":13,"column":3}},"6":{"start":{"line":9,"column":20},"end":{"line":9,"column":28}},"7":{"start":{"line":10,"column":2},"end":{"line":10,"column":72}},"8":{"start":{"line":10,"column":14},"end":{"line":10,"column":72}},"9":{"start":{"line":11,"column":2},"end":{"line":11,"column":66}},"10":{"start":{"line":12,"column":2},"end":{"line":12,"column":30}},"11":{"start":{"line":16,"column":0},"end":{"line":22,"column":3}},"12":{"start":{"line":17,"column":22},"end":{"line":17,"column":30}},"13":{"start":{"line":18,"column":2},"end":{"line":18,"column":110}},"14":{"start":{"line":18,"column":54},"end":{"line":18,"column":110}},"15":{"start":{"line":19,"column":2},"end":{"line":19,"column":78}},"16":{"start":{"line":20,"column":2},"end":{"line":20,"column":61}},"17":{"start":{"line":21,"column":2},"end":{"line":21,"column":30}},"18":{"start":{"line":24,"column":0},"end":{"line":24,"column":24}}},"fnMap":{"0":{"name":"(anonymous_0)","decl":{"start":{"line":8,"column":33},"end":{"line":8,"column":34}},"loc":{"start":{"line":8,"column":53},"end":{"line":13,"column":1}},"line":8},"1":{"name":"(anonymous_1)","decl":{"start":{"line":16,"column":43},"end":{"line":16,"column":44}},"loc":{"start":{"line":16,"column":63},"end":{"line":22,"column":1}},"line":16}},"branchMap":{"0":{"loc":{"start":{"line":10,"column":2},"end":{"line":10,"column":72}},"type":"if","locations":[{"start":{"line":10,"column":2},"end":{"line":10,"column":72}},{"start":{},"end":{}}],"line":10},"1":{"loc":{"start":{"line":18,"column":2},"end":{"line":18,"column":110}},"type":"if","locations":[{"start":{"line":18,"column":2},"end":{"line":18,"column":110}},{"start":{},"end":{}}],"line":18}},"s":{"0":1,"1":1,"2":1,"3":1,"4":1,"5":1,"6":0,"7":0,"8":0,"9":0,"10":0,"11":1,"12":0,"13":0,"14":0,"15":0,"16":0,"17":0,"18":1},"f":{"0":0,"1":0},"b":{"0":[0,0],"1":[0,0]},"_coverageSchema":"1a1c01bbd47fc00a2c39e90264f33305004495a9","hash":"c55aac314ee2fde4697ff6ee9060124ed9895bfc"}
,"/Users/patrikluks/Applications/serviskol/backend/routes/stravaRoutes.js": {"path":"/Users/patrikluks/Applications/serviskol/backend/routes/stravaRoutes.js","statementMap":{"0":{"start":{"line":2,"column":16},"end":{"line":2,"column":34}},"1":{"start":{"line":3,"column":15},"end":{"line":3,"column":31}},"2":{"start":{"line":4,"column":14},"end":{"line":4,"column":35}},"3":{"start":{"line":5,"column":13},"end":{"line":5,"column":38}},"4":{"start":{"line":6,"column":24},"end":{"line":6,"column":61}},"5":{"start":{"line":8,"column":25},"end":{"line":8,"column":53}},"6":{"start":{"line":9,"column":29},"end":{"line":9,"column":61}},"7":{"start":{"line":10,"column":21},"end":{"line":10,"column":112}},"8":{"start":{"line":13,"column":0},"end":{"line":16,"column":3}},"9":{"start":{"line":14,"column":14},"end":{"line":14,"column":197}},"10":{"start":{"line":15,"column":2},"end":{"line":15,"column":20}},"11":{"start":{"line":19,"column":0},"end":{"line":37,"column":3}},"12":{"start":{"line":20,"column":19},"end":{"line":20,"column":28}},"13":{"start":{"line":21,"column":2},"end":{"line":21,"column":55}},"14":{"start":{"line":21,"column":13},"end":{"line":21,"column":55}},"15":{"start":{"line":22,"column":19},"end":{"line":31,"column":4}},"16":{"start":{"line":32,"column":20},"end":{"line":32,"column":41}},"17":{"start":{"line":33,"column":2},"end":{"line":33,"column":88}},"18":{"start":{"line":33,"column":31},"end":{"line":33,"column":88}},"19":{"start":{"line":36,"column":2},"end":{"line":36,"column":36}},"20":{"start":{"line":40,"column":0},"end":{"line":50,"column":3}},"21":{"start":{"line":43,"column":22},"end":{"line":43,"column":37}},"22":{"start":{"line":44,"column":2},"end":{"line":44,"column":80}},"23":{"start":{"line":44,"column":20},"end":{"line":44,"column":80}},"24":{"start":{"line":45,"column":17},"end":{"line":47,"column":4}},"25":{"start":{"line":48,"column":21},"end":{"line":48,"column":40}},"26":{"start":{"line":49,"column":2},"end":{"line":49,"column":23}},"27":{"start":{"line":52,"column":0},"end":{"line":52,"column":24}}},"fnMap":{"0":{"name":"(anonymous_0)","decl":{"start":{"line":13,"column":27},"end":{"line":13,"column":28}},"loc":{"start":{"line":13,"column":41},"end":{"line":16,"column":1}},"line":13},"1":{"name":"(anonymous_1)","decl":{"start":{"line":19,"column":31},"end":{"line":19,"column":32}},"loc":{"start":{"line":19,"column":51},"end":{"line":37,"column":1}},"line":19},"2":{"name":"(anonymous_2)","decl":{"start":{"line":40,"column":33},"end":{"line":40,"column":34}},"loc":{"start":{"line":40,"column":53},"end":{"line":50,"column":1}},"line":40}},"branchMap":{"0":{"loc":{"start":{"line":10,"column":21},"end":{"line":10,"column":112}},"type":"binary-expr","locations":[{"start":{"line":10,"column":21},"end":{"line":10,"column":52}},{"start":{"line":10,"column":56},"end":{"line":10,"column":112}}],"line":10},"1":{"loc":{"start":{"line":21,"column":2},"end":{"line":21,"column":55}},"type":"if","locations":[{"start":{"line":21,"column":2},"end":{"line":21,"column":55}},{"start":{},"end":{}}],"line":21},"2":{"loc":{"start":{"line":33,"column":2},"end":{"line":33,"column":88}},"type":"if","locations":[{"start":{"line":33,"column":2},"end":{"line":33,"column":88}},{"start":{},"end":{}}],"line":33},"3":{"loc":{"start":{"line":44,"column":2},"end":{"line":44,"column":80}},"type":"if","locations":[{"start":{"line":44,"column":2},"end":{"line":44,"column":80}},{"start":{},"end":{}}],"line":44}},"s":{"0":1,"1":1,"2":1,"3":1,"4":1,"5":1,"6":1,"7":1,"8":1,"9":0,"10":0,"11":1,"12":0,"13":0,"14":0,"15":0,"16":0,"17":0,"18":0,"19":0,"20":1,"21":0,"22":0,"23":0,"24":0,"25":0,"26":0,"27":1},"f":{"0":0,"1":0,"2":0},"b":{"0":[1,1],"1":[0,0],"2":[0,0],"3":[0,0]},"_coverageSchema":"1a1c01bbd47fc00a2c39e90264f33305004495a9","hash":"73d52d75297c160454bde983248ee52eff4a23a4"}
,"/Users/patrikluks/Applications/serviskol/backend/routes/twofaRoutes.js": {"path":"/Users/patrikluks/Applications/serviskol/backend/routes/twofaRoutes.js","statementMap":{"0":{"start":{"line":1,"column":16},"end":{"line":1,"column":34}},"1":{"start":{"line":2,"column":15},"end":{"line":2,"column":31}},"2":{"start":{"line":3,"column":13},"end":{"line":3,"column":42}},"3":{"start":{"line":4,"column":13},"end":{"line":4,"column":38}},"4":{"start":{"line":5,"column":18},"end":{"line":5,"column":38}},"5":{"start":{"line":6,"column":15},"end":{"line":6,"column":32}},"6":{"start":{"line":7,"column":21},"end":{"line":7,"column":54}},"7":{"start":{"line":10,"column":0},"end":{"line":16,"column":3}},"8":{"start":{"line":11,"column":17},"end":{"line":11,"column":84}},"9":{"start":{"line":12,"column":2},"end":{"line":12,"column":80}},"10":{"start":{"line":13,"column":13},"end":{"line":13,"column":55}},"11":{"start":{"line":14,"column":2},"end":{"line":14,"column":34}},"12":{"start":{"line":15,"column":2},"end":{"line":15,"column":42}},"13":{"start":{"line":19,"column":0},"end":{"line":37,"column":3}},"14":{"start":{"line":20,"column":20},"end":{"line":20,"column":28}},"15":{"start":{"line":21,"column":15},"end":{"line":21,"column":47}},"16":{"start":{"line":22,"column":2},"end":{"line":22,"column":94}},"17":{"start":{"line":22,"column":29},"end":{"line":22,"column":94}},"18":{"start":{"line":23,"column":19},"end":{"line":27,"column":4}},"19":{"start":{"line":28,"column":2},"end":{"line":36,"column":3}},"20":{"start":{"line":29,"column":4},"end":{"line":29,"column":33}},"21":{"start":{"line":30,"column":4},"end":{"line":30,"column":22}},"22":{"start":{"line":31,"column":4},"end":{"line":31,"column":37}},"23":{"start":{"line":32,"column":4},"end":{"line":32,"column":39}},"24":{"start":{"line":34,"column":4},"end":{"line":34,"column":44}},"25":{"start":{"line":35,"column":4},"end":{"line":35,"column":58}},"26":{"start":{"line":40,"column":0},"end":{"line":44,"column":3}},"27":{"start":{"line":41,"column":2},"end":{"line":41,"column":96}},"28":{"start":{"line":42,"column":2},"end":{"line":42,"column":41}},"29":{"start":{"line":43,"column":2},"end":{"line":43,"column":30}},"30":{"start":{"line":46,"column":0},"end":{"line":46,"column":24}}},"fnMap":{"0":{"name":"(anonymous_0)","decl":{"start":{"line":10,"column":28},"end":{"line":10,"column":29}},"loc":{"start":{"line":10,"column":48},"end":{"line":16,"column":1}},"line":10},"1":{"name":"(anonymous_1)","decl":{"start":{"line":19,"column":29},"end":{"line":19,"column":30}},"loc":{"start":{"line":19,"column":49},"end":{"line":37,"column":1}},"line":19},"2":{"name":"(anonymous_2)","decl":{"start":{"line":40,"column":30},"end":{"line":40,"column":31}},"loc":{"start":{"line":40,"column":50},"end":{"line":44,"column":1}},"line":40}},"branchMap":{"0":{"loc":{"start":{"line":22,"column":2},"end":{"line":22,"column":94}},"type":"if","locations":[{"start":{"line":22,"column":2},"end":{"line":22,"column":94}},{"start":{},"end":{}}],"line":22},"1":{"loc":{"start":{"line":28,"column":2},"end":{"line":36,"column":3}},"type":"if","locations":[{"start":{"line":28,"column":2},"end":{"line":36,"column":3}},{"start":{"line":33,"column":9},"end":{"line":36,"column":3}}],"line":28}},"s":{"0":1,"1":1,"2":1,"3":1,"4":1,"5":1,"6":1,"7":1,"8":1,"9":1,"10":1,"11":1,"12":1,"13":1,"14":3,"15":3,"16":3,"17":1,"18":2,"19":2,"20":1,"21":1,"22":1,"23":1,"24":1,"25":1,"26":1,"27":1,"28":1,"29":1,"30":1},"f":{"0":1,"1":3,"2":1},"b":{"0":[1,2],"1":[1,1]},"_coverageSchema":"1a1c01bbd47fc00a2c39e90264f33305004495a9","hash":"e2d63b1a589bd29486f7ed4a66c2e1f1ee3eb79e"}
,"/Users/patrikluks/Applications/serviskol/backend/routes/userRoutes.js": {"path":"/Users/patrikluks/Applications/serviskol/backend/routes/userRoutes.js","statementMap":{"0":{"start":{"line":1,"column":16},"end":{"line":1,"column":34}},"1":{"start":{"line":2,"column":15},"end":{"line":2,"column":31}},"2":{"start":{"line":3,"column":23},"end":{"line":3,"column":63}},"3":{"start":{"line":4,"column":44},"end":{"line":4,"column":81}},"4":{"start":{"line":5,"column":13},"end":{"line":5,"column":42}},"5":{"start":{"line":6,"column":13},"end":{"line":6,"column":38}},"6":{"start":{"line":7,"column":29},"end":{"line":7,"column":62}},"7":{"start":{"line":10,"column":0},"end":{"line":10,"column":68}},"8":{"start":{"line":12,"column":0},"end":{"line":12,"column":59}},"9":{"start":{"line":14,"column":0},"end":{"line":14,"column":58}},"10":{"start":{"line":16,"column":0},"end":{"line":23,"column":3}},"11":{"start":{"line":17,"column":2},"end":{"line":22,"column":3}},"12":{"start":{"line":18,"column":22},"end":{"line":18,"column":77}},"13":{"start":{"line":19,"column":4},"end":{"line":19,"column":24}},"14":{"start":{"line":21,"column":4},"end":{"line":21,"column":52}},"15":{"start":{"line":25,"column":0},"end":{"line":33,"column":3}},"16":{"start":{"line":26,"column":2},"end":{"line":32,"column":3}},"17":{"start":{"line":27,"column":17},"end":{"line":27,"column":79}},"18":{"start":{"line":28,"column":4},"end":{"line":28,"column":75}},"19":{"start":{"line":28,"column":15},"end":{"line":28,"column":75}},"20":{"start":{"line":29,"column":4},"end":{"line":29,"column":19}},"21":{"start":{"line":31,"column":4},"end":{"line":31,"column":52}},"22":{"start":{"line":35,"column":0},"end":{"line":35,"column":65}},"23":{"start":{"line":37,"column":0},"end":{"line":49,"column":3}},"24":{"start":{"line":38,"column":2},"end":{"line":48,"column":3}},"25":{"start":{"line":40,"column":4},"end":{"line":44,"column":6}},"26":{"start":{"line":45,"column":4},"end":{"line":45,"column":68}},"27":{"start":{"line":47,"column":4},"end":{"line":47,"column":73}},"28":{"start":{"line":51,"column":0},"end":{"line":51,"column":24}}},"fnMap":{"0":{"name":"(anonymous_0)","decl":{"start":{"line":16,"column":31},"end":{"line":16,"column":32}},"loc":{"start":{"line":16,"column":51},"end":{"line":23,"column":1}},"line":16},"1":{"name":"(anonymous_1)","decl":{"start":{"line":25,"column":24},"end":{"line":25,"column":25}},"loc":{"start":{"line":25,"column":44},"end":{"line":33,"column":1}},"line":25},"2":{"name":"(anonymous_2)","decl":{"start":{"line":37,"column":42},"end":{"line":37,"column":43}},"loc":{"start":{"line":37,"column":62},"end":{"line":49,"column":1}},"line":37}},"branchMap":{"0":{"loc":{"start":{"line":28,"column":4},"end":{"line":28,"column":75}},"type":"if","locations":[{"start":{"line":28,"column":4},"end":{"line":28,"column":75}},{"start":{},"end":{}}],"line":28}},"s":{"0":1,"1":1,"2":1,"3":1,"4":1,"5":1,"6":1,"7":1,"8":1,"9":1,"10":1,"11":0,"12":0,"13":0,"14":0,"15":1,"16":1,"17":1,"18":1,"19":0,"20":1,"21":0,"22":1,"23":1,"24":1,"25":1,"26":1,"27":0,"28":1},"f":{"0":0,"1":1,"2":1},"b":{"0":[0,1]},"_coverageSchema":"1a1c01bbd47fc00a2c39e90264f33305004495a9","hash":"eff4fb516b142b2d645d329d052fdcf7aa5228a1"}
,"/Users/patrikluks/Applications/serviskol/backend/utils/notificationUtils.js": {"path":"/Users/patrikluks/Applications/serviskol/backend/utils/notificationUtils.js","statementMap":{"0":{"start":{"line":2,"column":21},"end":{"line":2,"column":54}},"1":{"start":{"line":5,"column":13},"end":{"line":5,"column":38}},"2":{"start":{"line":6,"column":18},"end":{"line":6,"column":40}},"3":{"start":{"line":7,"column":33},"end":{"line":7,"column":55}},"4":{"start":{"line":10,"column":2},"end":{"line":10,"column":63}},"5":{"start":{"line":15,"column":17},"end":{"line":15,"column":51}},"6":{"start":{"line":16,"column":2},"end":{"line":28,"column":3}},"7":{"start":{"line":18,"column":4},"end":{"line":20,"column":5}},"8":{"start":{"line":19,"column":6},"end":{"line":19,"column":58}},"9":{"start":{"line":22,"column":4},"end":{"line":22,"column":57}},"10":{"start":{"line":24,"column":15},"end":{"line":24,"column":28}},"11":{"start":{"line":25,"column":17},"end":{"line":25,"column":32}},"12":{"start":{"line":26,"column":20},"end":{"line":26,"column":61}},"13":{"start":{"line":27,"column":4},"end":{"line":27,"column":144}},"14":{"start":{"line":31,"column":0},"end":{"line":31,"column":53}}},"fnMap":{"0":{"name":"createNotification","decl":{"start":{"line":9,"column":15},"end":{"line":9,"column":33}},"loc":{"start":{"line":9,"column":79},"end":{"line":11,"column":1}},"line":9},"1":{"name":"alertAdmins","decl":{"start":{"line":13,"column":15},"end":{"line":13,"column":26}},"loc":{"start":{"line":13,"column":62},"end":{"line":29,"column":1}},"line":13}},"branchMap":{"0":{"loc":{"start":{"line":9,"column":57},"end":{"line":9,"column":75}},"type":"default-arg","locations":[{"start":{"line":9,"column":67},"end":{"line":9,"column":75}}],"line":9},"1":{"loc":{"start":{"line":13,"column":44},"end":{"line":13,"column":58}},"type":"default-arg","locations":[{"start":{"line":13,"column":51},"end":{"line":13,"column":58}}],"line":13},"2":{"loc":{"start":{"line":18,"column":4},"end":{"line":20,"column":5}},"type":"if","locations":[{"start":{"line":18,"column":4},"end":{"line":20,"column":5}},{"start":{},"end":{}}],"line":18}},"s":{"0":2,"1":2,"2":2,"3":2,"4":0,"5":0,"6":0,"7":0,"8":0,"9":0,"10":0,"11":0,"12":0,"13":0,"14":2},"f":{"0":0,"1":0},"b":{"0":[0],"1":[0],"2":[0,0]},"_coverageSchema":"1a1c01bbd47fc00a2c39e90264f33305004495a9","hash":"f60aa29107237d4ed399fb0cc1b49477089c191e"}
,"/Users/patrikluks/Applications/serviskol/backend/utils/pushUtils.js": {"path":"/Users/patrikluks/Applications/serviskol/backend/utils/pushUtils.js","statementMap":{"0":{"start":{"line":1,"column":14},"end":{"line":1,"column":39}},"1":{"start":{"line":2,"column":13},"end":{"line":2,"column":38}},"2":{"start":{"line":3,"column":11},"end":{"line":3,"column":24}},"3":{"start":{"line":4,"column":13},"end":{"line":4,"column":28}},"4":{"start":{"line":14,"column":15},"end":{"line":14,"column":42}},"5":{"start":{"line":15,"column":2},"end":{"line":15,"column":78}},"6":{"start":{"line":15,"column":71},"end":{"line":15,"column":78}},"7":{"start":{"line":16,"column":18},"end":{"line":20,"column":3}},"8":{"start":{"line":21,"column":18},"end":{"line":21,"column":58}},"9":{"start":{"line":22,"column":2},"end":{"line":37,"column":3}},"10":{"start":{"line":23,"column":4},"end":{"line":23,"column":42}},"11":{"start":{"line":24,"column":4},"end":{"line":24,"column":105}},"12":{"start":{"line":26,"column":4},"end":{"line":26,"column":122}},"13":{"start":{"line":28,"column":4},"end":{"line":36,"column":5}},"14":{"start":{"line":30,"column":24},"end":{"line":30,"column":46}},"15":{"start":{"line":31,"column":6},"end":{"line":35,"column":9}},"16":{"start":{"line":40,"column":0},"end":{"line":40,"column":42}}},"fnMap":{"0":{"name":"sendPushNotification","decl":{"start":{"line":13,"column":15},"end":{"line":13,"column":35}},"loc":{"start":{"line":13,"column":57},"end":{"line":38,"column":1}},"line":13}},"branchMap":{"0":{"loc":{"start":{"line":15,"column":2},"end":{"line":15,"column":78}},"type":"if","locations":[{"start":{"line":15,"column":2},"end":{"line":15,"column":78}},{"start":{},"end":{}}],"line":15},"1":{"loc":{"start":{"line":15,"column":6},"end":{"line":15,"column":69}},"type":"binary-expr","locations":[{"start":{"line":15,"column":6},"end":{"line":15,"column":11}},{"start":{"line":15,"column":15},"end":{"line":15,"column":30}},{"start":{"line":15,"column":34},"end":{"line":15,"column":69}}],"line":15},"2":{"loc":{"start":{"line":24,"column":70},"end":{"line":24,"column":90}},"type":"binary-expr","locations":[{"start":{"line":24,"column":70},"end":{"line":24,"column":80}},{"start":{"line":24,"column":84},"end":{"line":24,"column":90}}],"line":24},"3":{"loc":{"start":{"line":26,"column":72},"end":{"line":26,"column":92}},"type":"binary-expr","locations":[{"start":{"line":26,"column":72},"end":{"line":26,"column":82}},{"start":{"line":26,"column":86},"end":{"line":26,"column":92}}],"line":26},"4":{"loc":{"start":{"line":28,"column":4},"end":{"line":36,"column":5}},"type":"if","locations":[{"start":{"line":28,"column":4},"end":{"line":36,"column":5}},{"start":{},"end":{}}],"line":28}},"s":{"0":2,"1":2,"2":2,"3":2,"4":0,"5":0,"6":0,"7":0,"8":0,"9":0,"10":0,"11":0,"12":0,"13":0,"14":0,"15":0,"16":2},"f":{"0":0},"b":{"0":[0,0],"1":[0,0,0],"2":[0,0],"3":[0,0],"4":[0,0]},"_coverageSchema":"1a1c01bbd47fc00a2c39e90264f33305004495a9","hash":"79e2a64bd3e50cf122b58a3332636af498a50717"}
,"/Users/patrikluks/Applications/serviskol/backend/utils/sendEmail.js": {"path":"/Users/patrikluks/Applications/serviskol/backend/utils/sendEmail.js","statementMap":{"0":{"start":{"line":1,"column":19},"end":{"line":1,"column":40}},"1":{"start":{"line":3,"column":20},"end":{"line":10,"column":2}},"2":{"start":{"line":13,"column":2},"end":{"line":18,"column":5}},"3":{"start":{"line":21,"column":0},"end":{"line":21,"column":27}}},"fnMap":{"0":{"name":"sendEmail","decl":{"start":{"line":12,"column":15},"end":{"line":12,"column":24}},"loc":{"start":{"line":12,"column":48},"end":{"line":19,"column":1}},"line":12}},"branchMap":{"0":{"loc":{"start":{"line":4,"column":8},"end":{"line":4,"column":54}},"type":"binary-expr","locations":[{"start":{"line":4,"column":8},"end":{"line":4,"column":29}},{"start":{"line":4,"column":33},"end":{"line":4,"column":54}}],"line":4},"1":{"loc":{"start":{"line":5,"column":8},"end":{"line":5,"column":36}},"type":"binary-expr","locations":[{"start":{"line":5,"column":8},"end":{"line":5,"column":29}},{"start":{"line":5,"column":33},"end":{"line":5,"column":36}}],"line":5},"2":{"loc":{"start":{"line":7,"column":10},"end":{"line":7,"column":56}},"type":"binary-expr","locations":[{"start":{"line":7,"column":10},"end":{"line":7,"column":31}},{"start":{"line":7,"column":35},"end":{"line":7,"column":56}}],"line":7},"3":{"loc":{"start":{"line":8,"column":10},"end":{"line":8,"column":41}},"type":"binary-expr","locations":[{"start":{"line":8,"column":10},"end":{"line":8,"column":31}},{"start":{"line":8,"column":35},"end":{"line":8,"column":41}}],"line":8}},"s":{"0":2,"1":2,"2":0,"3":2},"f":{"0":0},"b":{"0":[2,2],"1":[2,2],"2":[2,2],"3":[2,2]},"_coverageSchema":"1a1c01bbd47fc00a2c39e90264f33305004495a9","hash":"0adf26a56520ddcbdd4a25effcae3d8f358931ce"}
}
