TN:
SF:middleware/auditLog.js
FN:5,auditLog
FN:18,checkExportAlerts
FN:25,(anonymous_2)
FN:27,(anonymous_3)
FNF:4
FNH:4
FNDA:1,auditLog
FNDA:4,checkExportAlerts
FNDA:14,(anonymous_2)
FNDA:14,(anonymous_3)
DA:1,2
DA:2,2
DA:3,2
DA:6,1
DA:7,1
DA:14,1
DA:19,4
DA:20,4
DA:21,4
DA:22,4
DA:23,4
DA:24,4
DA:25,14
DA:27,14
DA:28,4
DA:29,2
DA:36,2
LF:17
LH:17
BRDA:5,0,0,0
BRDA:9,1,0,1
BRDA:9,1,1,0
BRDA:9,1,2,0
BRDA:10,2,0,1
BRDA:10,2,1,0
BRDA:22,3,0,0
BRDA:22,3,1,4
BRDA:27,4,0,14
BRDA:27,4,1,14
BRDA:28,5,0,2
BRDA:28,5,1,2
BRF:12
BRH:7
end_of_record
TN:
SF:middleware/auth.js
FN:4,auth
FN:21,adminOnly
FN:29,adminRole
FN:30,(anonymous_3)
FNF:4
FNH:4
FNDA:7,auth
FNDA:2,adminOnly
FNDA:7,adminRole
FNDA:2,(anonymous_3)
DA:2,1
DA:5,7
DA:6,7
DA:7,1
DA:9,6
DA:10,6
DA:11,6
DA:12,5
DA:13,5
DA:15,1
DA:22,2
DA:23,1
DA:25,1
DA:30,7
DA:31,2
DA:32,1
DA:34,1
DA:38,1
LF:18
LH:18
BRDA:6,0,0,1
BRDA:6,0,1,6
BRDA:6,1,0,7
BRDA:6,1,1,6
BRDA:11,2,0,6
BRDA:11,2,1,6
BRDA:22,3,0,1
BRDA:22,3,1,1
BRDA:22,4,0,2
BRDA:22,4,1,2
BRDA:22,4,2,2
BRDA:31,5,0,1
BRDA:31,5,1,1
BRDA:31,6,0,2
BRDA:31,6,1,2
BRDA:31,6,2,2
BRF:16
BRH:16
end_of_record
TN:
SF:middleware/errorHandler.js
FN:2,errorHandler
FNF:1
FNH:1
FNDA:1,errorHandler
DA:3,1
DA:4,1
DA:7,1
LF:3
LH:3
BRF:0
BRH:0
end_of_record
TN:
SF:middleware/validateUser.js
FN:9,(anonymous_0)
FN:21,(anonymous_1)
FNF:2
FNH:2
FNDA:2,(anonymous_0)
FNDA:2,(anonymous_1)
DA:2,1
DA:4,1
DA:10,2
DA:11,2
DA:12,1
DA:14,1
DA:18,1
DA:22,2
DA:23,2
DA:24,1
DA:26,1
DA:30,1
LF:12
LH:12
BRDA:11,0,0,1
BRDA:11,0,1,1
BRDA:23,1,0,1
BRDA:23,1,1,1
BRF:4
BRH:4
end_of_record
TN:
SF:models/Notification.js
FNF:0
FNH:0
DA:1,3
DA:3,3
DA:12,3
LF:3
LH:3
BRF:0
BRH:0
end_of_record
TN:
SF:models/User.js
FN:44,(anonymous_0)
FN:65,(anonymous_1)
FN:72,(anonymous_2)
FN:80,(anonymous_3)
FN:86,(anonymous_4)
FN:110,(anonymous_5)
FNF:6
FNH:0
FNDA:0,(anonymous_0)
FNDA:0,(anonymous_1)
FNDA:0,(anonymous_2)
FNDA:0,(anonymous_3)
FNDA:0,(anonymous_4)
FNDA:0,(anonymous_5)
DA:1,4
DA:2,4
DA:4,4
DA:44,4
DA:47,0
DA:48,0
DA:51,0
DA:52,0
DA:55,0
DA:56,0
DA:59,0
DA:60,0
DA:63,0
DA:64,0
DA:65,0
DA:66,0
DA:69,0
DA:72,4
DA:73,0
DA:75,0
DA:76,0
DA:79,0
DA:80,0
DA:81,0
DA:82,0
DA:86,4
DA:88,0
DA:89,0
DA:90,0
DA:91,0
DA:97,0
DA:98,0
DA:99,0
DA:100,0
DA:103,0
DA:104,0
DA:105,0
DA:106,0
DA:108,0
DA:109,0
DA:110,0
DA:111,0
DA:112,0
DA:116,0
DA:117,0
DA:118,0
DA:119,0
DA:132,0
DA:133,0
DA:134,0
DA:135,0
DA:136,0
DA:138,0
DA:142,4
LF:54
LH:7
BRDA:47,0,0,0
BRDA:47,0,1,0
BRDA:47,1,0,0
BRDA:47,1,1,0
BRDA:47,1,2,0
BRDA:51,2,0,0
BRDA:51,2,1,0
BRDA:51,3,0,0
BRDA:51,3,1,0
BRDA:51,3,2,0
BRDA:51,3,3,0
BRDA:51,4,0,0
BRDA:51,4,1,0
BRDA:51,5,0,0
BRDA:51,5,1,0
BRDA:55,6,0,0
BRDA:55,6,1,0
BRDA:55,7,0,0
BRDA:55,7,1,0
BRDA:55,7,2,0
BRDA:55,7,3,0
BRDA:55,8,0,0
BRDA:55,8,1,0
BRDA:55,9,0,0
BRDA:55,9,1,0
BRDA:59,10,0,0
BRDA:59,10,1,0
BRDA:59,11,0,0
BRDA:59,11,1,0
BRDA:59,11,2,0
BRDA:59,12,0,0
BRDA:59,12,1,0
BRDA:59,13,0,0
BRDA:59,13,1,0
BRDA:59,14,0,0
BRDA:59,14,1,0
BRDA:59,15,0,0
BRDA:59,15,1,0
BRDA:63,16,0,0
BRDA:63,16,1,0
BRDA:65,17,0,0
BRDA:65,17,1,0
BRDA:66,18,0,0
BRDA:66,18,1,0
BRDA:66,19,0,0
BRDA:66,19,1,0
BRDA:69,20,0,0
BRDA:69,20,1,0
BRDA:73,21,0,0
BRDA:73,21,1,0
BRDA:73,22,0,0
BRDA:73,22,1,0
BRDA:75,23,0,0
BRDA:75,23,1,0
BRDA:75,24,0,0
BRDA:75,24,1,0
BRDA:80,25,0,0
BRDA:80,25,1,0
BRDA:81,26,0,0
BRDA:81,26,1,0
BRDA:81,27,0,0
BRDA:81,27,1,0
BRDA:82,28,0,0
BRDA:82,28,1,0
BRDA:88,29,0,0
BRDA:88,29,1,0
BRDA:88,30,0,0
BRDA:88,30,1,0
BRDA:103,31,0,0
BRDA:103,31,1,0
BRDA:109,32,0,0
BRDA:109,32,1,0
BRDA:109,33,0,0
BRDA:109,33,1,0
BRDA:111,34,0,0
BRDA:111,34,1,0
BRDA:116,35,0,0
BRDA:116,35,1,0
BRDA:117,36,0,0
BRDA:117,36,1,0
BRDA:132,37,0,0
BRDA:132,37,1,0
BRF:82
BRH:0
end_of_record
TN:
SF:routes/healthRoutes.js
FN:6,(anonymous_0)
FNF:1
FNH:1
FNDA:1,(anonymous_0)
DA:1,1
DA:2,1
DA:3,1
DA:6,1
DA:7,1
DA:8,1
DA:15,1
LF:7
LH:7
BRDA:10,0,0,0
BRDA:10,0,1,1
BRF:2
BRH:1
end_of_record
TN:
SF:utils/notificationUtils.js
FN:9,createNotification
FN:13,alertAdmins
FNF:2
FNH:2
FNDA:1,createNotification
FNDA:1,alertAdmins
DA:2,3
DA:5,3
DA:6,3
DA:7,3
DA:10,1
DA:15,1
DA:16,1
DA:18,2
DA:19,2
DA:22,2
DA:24,2
DA:25,2
DA:26,2
DA:27,2
DA:31,3
LF:15
LH:15
BRDA:9,0,0,1
BRDA:13,1,0,1
BRDA:18,2,0,2
BRDA:18,2,1,0
BRF:4
BRH:3
end_of_record
TN:
SF:utils/pushUtils.js
FN:13,sendPushNotification
FNF:1
FNH:1
FNDA:4,sendPushNotification
DA:1,3
DA:2,3
DA:3,3
DA:4,3
DA:14,4
DA:15,4
DA:16,2
DA:21,2
DA:22,2
DA:23,2
DA:24,1
DA:26,1
DA:28,1
DA:30,1
DA:31,1
DA:40,3
LF:16
LH:16
BRDA:15,0,0,2
BRDA:15,0,1,2
BRDA:15,1,0,4
BRDA:15,1,1,3
BRDA:15,1,2,2
BRDA:24,2,0,1
BRDA:24,2,1,0
BRDA:26,3,0,1
BRDA:26,3,1,0
BRDA:28,4,0,1
BRDA:28,4,1,0
BRF:11
BRH:8
end_of_record
TN:
SF:utils/sendEmail.js
FN:21,sendEmail
FNF:1
FNH:0
FNDA:0,sendEmail
DA:1,2
DA:3,2
DA:22,0
DA:31,2
LF:4
LH:3
BRDA:4,0,0,2
BRDA:4,0,1,2
BRDA:5,1,0,2
BRDA:5,1,1,2
BRDA:7,2,0,2
BRDA:7,2,1,2
BRDA:8,3,0,2
BRDA:8,3,1,2
BRF:8
BRH:8
end_of_record
