TN:
SF:backend/server.js
FN:43,(anonymous_0)
FN:100,(anonymous_1)
FN:184,(anonymous_2)
FN:191,(anonymous_3)
FNF:4
FNH:1
FNDA:0,(anonymous_0)
FNDA:0,(anonymous_1)
FNDA:0,(anonymous_2)
FNDA:4,(anonymous_3)
DA:1,4
DA:2,4
DA:4,4
DA:5,4
DA:6,4
DA:7,4
DA:8,4
DA:9,4
DA:11,4
DA:12,4
DA:13,4
DA:14,4
DA:16,4
DA:17,4
DA:20,4
DA:21,0
DA:26,0
DA:29,4
DA:30,4
DA:33,4
DA:34,4
DA:35,4
DA:36,4
DA:37,4
DA:40,4
DA:43,4
DA:44,0
DA:48,4
DA:49,4
DA:50,4
DA:51,4
DA:52,4
DA:53,4
DA:54,4
DA:55,4
DA:56,4
DA:57,4
DA:58,4
DA:59,4
DA:60,4
DA:61,4
DA:62,4
DA:63,4
DA:64,4
DA:65,4
DA:66,4
DA:68,4
DA:69,4
DA:70,4
DA:71,4
DA:72,4
DA:73,4
DA:74,4
DA:75,4
DA:76,4
DA:77,4
DA:78,4
DA:79,4
DA:80,4
DA:81,4
DA:82,4
DA:83,4
DA:84,4
DA:85,4
DA:86,4
DA:90,4
DA:91,4
DA:92,4
DA:93,4
DA:94,4
DA:97,4
DA:100,4
DA:101,0
DA:106,4
DA:107,4
DA:109,4
DA:110,4
DA:112,4
DA:113,4
DA:115,4
DA:116,4
DA:118,4
DA:119,4
DA:121,4
DA:122,4
DA:123,4
DA:124,4
DA:126,4
DA:127,4
DA:129,4
DA:130,4
DA:132,4
DA:133,4
DA:135,4
DA:136,4
DA:138,4
DA:139,4
DA:141,4
DA:142,4
DA:144,4
DA:145,4
DA:147,4
DA:148,4
DA:150,4
DA:151,4
DA:153,4
DA:154,4
DA:155,4
DA:158,4
DA:159,4
DA:160,4
DA:162,4
DA:163,4
DA:164,4
DA:165,4
DA:166,4
DA:167,4
DA:168,4
DA:170,4
DA:171,4
DA:173,4
DA:174,4
DA:177,4
DA:178,0
DA:181,4
DA:182,4
DA:184,4
DA:185,0
DA:186,0
DA:189,4
DA:190,4
DA:191,4
DA:192,4
DA:194,4
LF:134
LH:127
BRDA:20,0,0,0
BRDA:20,0,1,4
BRDA:24,1,0,0
BRDA:24,1,1,0
BRDA:177,2,0,0
BRDA:177,2,1,4
BRDA:189,3,0,4
BRDA:189,3,1,0
BRF:8
BRH:3
end_of_record
TN:
SF:backend/config/db.js
FN:4,(anonymous_0)
FNF:1
FNH:1
FNDA:8,(anonymous_0)
DA:2,4
DA:4,4
DA:5,8
DA:6,8
DA:7,8
DA:9,0
DA:10,0
DA:14,4
LF:8
LH:6
BRDA:6,0,0,8
BRDA:6,0,1,0
BRF:2
BRH:1
end_of_record
TN:
SF:backend/controllers/userController.js
FN:4,(anonymous_0)
FN:15,(anonymous_1)
FN:30,(anonymous_2)
FN:41,(anonymous_3)
FNF:4
FNH:4
FNDA:20,(anonymous_0)
FNDA:20,(anonymous_1)
FNDA:3,(anonymous_2)
FNDA:4,(anonymous_3)
DA:2,4
DA:4,4
DA:5,20
DA:6,20
DA:7,20
DA:8,19
DA:10,1
DA:15,4
DA:16,20
DA:17,20
DA:18,20
DA:19,18
DA:20,2
DA:22,16
DA:23,16
DA:25,2
DA:30,4
DA:31,3
DA:32,3
DA:33,3
DA:34,2
DA:36,1
DA:41,4
DA:42,4
DA:43,4
DA:44,4
DA:45,1
DA:47,3
LF:28
LH:28
BRDA:19,0,0,2
BRDA:19,0,1,16
BRF:2
BRH:2
end_of_record
TN:
SF:backend/middleware/auditLog.js
FN:5,auditLog
FN:18,checkExportAlerts
FN:25,(anonymous_2)
FN:27,(anonymous_3)
FNF:4
FNH:4
FNDA:5,auditLog
FNDA:4,checkExportAlerts
FNDA:14,(anonymous_2)
FNDA:14,(anonymous_3)
DA:1,5
DA:2,5
DA:3,5
DA:6,5
DA:7,5
DA:14,5
DA:19,4
DA:20,4
DA:21,4
DA:22,4
DA:23,4
DA:24,4
DA:25,14
DA:27,14
DA:28,4
DA:29,2
DA:36,5
LF:17
LH:17
BRDA:5,0,0,1
BRDA:9,1,0,5
BRDA:9,1,1,0
BRDA:9,1,2,0
BRDA:10,2,0,5
BRDA:10,2,1,1
BRDA:22,3,0,0
BRDA:22,3,1,4
BRDA:27,4,0,14
BRDA:27,4,1,14
BRDA:28,5,0,2
BRDA:28,5,1,2
BRF:12
BRH:9
end_of_record
TN:
SF:backend/middleware/auth.js
FN:4,auth
FN:21,adminOnly
FN:29,adminRole
FN:30,(anonymous_3)
FNF:4
FNH:4
FNDA:38,auth
FNDA:2,adminOnly
FNDA:95,adminRole
FNDA:2,(anonymous_3)
DA:2,5
DA:5,38
DA:6,38
DA:7,6
DA:9,32
DA:10,32
DA:11,32
DA:12,31
DA:13,31
DA:15,1
DA:22,2
DA:23,1
DA:25,1
DA:30,95
DA:31,2
DA:32,1
DA:34,1
DA:38,5
LF:18
LH:18
BRDA:6,0,0,6
BRDA:6,0,1,32
BRDA:6,1,0,38
BRDA:6,1,1,32
BRDA:11,2,0,32
BRDA:11,2,1,6
BRDA:22,3,0,1
BRDA:22,3,1,1
BRDA:22,4,0,2
BRDA:22,4,1,2
BRDA:22,4,2,2
BRDA:31,5,0,1
BRDA:31,5,1,1
BRDA:31,6,0,2
BRDA:31,6,1,2
BRDA:31,6,2,2
BRF:16
BRH:16
end_of_record
TN:
SF:backend/middleware/errorHandler.js
FN:2,errorHandler
FNF:1
FNH:1
FNDA:2,errorHandler
DA:3,2
DA:4,2
DA:7,5
LF:3
LH:3
BRF:0
BRH:0
end_of_record
TN:
SF:backend/middleware/validateUser.js
FN:9,(anonymous_0)
FN:21,(anonymous_1)
FNF:2
FNH:2
FNDA:24,(anonymous_0)
FNDA:22,(anonymous_1)
DA:2,5
DA:4,5
DA:10,24
DA:11,24
DA:12,3
DA:14,21
DA:18,5
DA:22,22
DA:23,22
DA:24,1
DA:26,21
DA:30,5
LF:12
LH:12
BRDA:11,0,0,3
BRDA:11,0,1,21
BRDA:23,1,0,1
BRDA:23,1,1,21
BRF:4
BRH:4
end_of_record
TN:
SF:backend/models/AIMessage.js
FNF:0
FNH:0
DA:1,4
DA:3,4
DA:12,4
LF:3
LH:3
BRF:0
BRH:0
end_of_record
TN:
SF:backend/models/AlertLog.js
FNF:0
FNH:0
DA:1,4
DA:3,4
DA:32,4
LF:3
LH:3
BRF:0
BRH:0
end_of_record
TN:
SF:backend/models/AlertSetting.js
FNF:0
FNH:0
DA:1,4
DA:3,4
DA:11,4
LF:3
LH:3
BRF:0
BRH:0
end_of_record
TN:
SF:backend/models/AuditLog.js
FNF:0
FNH:0
DA:1,4
DA:3,4
DA:11,4
LF:3
LH:3
BRF:0
BRH:0
end_of_record
TN:
SF:backend/models/Bike.js
FNF:0
FNH:0
DA:2,4
DA:4,4
DA:12,4
DA:26,4
LF:4
LH:4
BRF:0
BRH:0
end_of_record
TN:
SF:backend/models/Campaign.js
FNF:0
FNH:0
DA:1,4
DA:3,4
DA:11,4
DA:27,4
LF:4
LH:4
BRF:0
BRH:0
end_of_record
TN:
SF:backend/models/EngagementMetric.js
FNF:0
FNH:0
DA:1,4
DA:3,4
DA:14,4
LF:3
LH:3
BRF:0
BRH:0
end_of_record
TN:
SF:backend/models/FollowupAutomation.js
FNF:0
FNH:0
DA:1,4
DA:3,4
DA:18,4
LF:3
LH:3
BRF:0
BRH:0
end_of_record
TN:
SF:backend/models/Gamification.js
FNF:0
FNH:0
DA:2,4
DA:4,4
DA:12,4
DA:19,4
LF:4
LH:4
BRF:0
BRH:0
end_of_record
TN:
SF:backend/models/LoyaltyPoints.js
FNF:0
FNH:0
DA:2,4
DA:4,4
DA:19,4
LF:3
LH:3
BRF:0
BRH:0
end_of_record
TN:
SF:backend/models/Message.js
FNF:0
FNH:0
DA:2,4
DA:4,4
DA:12,4
LF:3
LH:3
BRF:0
BRH:0
end_of_record
TN:
SF:backend/models/Notification.js
FNF:0
FNH:0
DA:1,6
DA:3,6
DA:12,6
LF:3
LH:3
BRF:0
BRH:0
end_of_record
TN:
SF:backend/models/Prediction.js
FNF:0
FNH:0
DA:1,4
DA:3,4
DA:10,4
LF:3
LH:3
BRF:0
BRH:0
end_of_record
TN:
SF:backend/models/ReportSetting.js
FN:22,(anonymous_0)
FNF:1
FNH:0
FNDA:0,(anonymous_0)
DA:1,4
DA:3,4
DA:22,4
DA:23,0
DA:24,0
DA:27,4
LF:6
LH:4
BRF:0
BRH:0
end_of_record
TN:
SF:backend/models/SecurityAlert.js
FNF:0
FNH:0
DA:1,4
DA:3,4
DA:13,4
LF:3
LH:3
BRF:0
BRH:0
end_of_record
TN:
SF:backend/models/Segment.js
FNF:0
FNH:0
DA:1,4
DA:3,4
DA:10,4
LF:3
LH:3
BRF:0
BRH:0
end_of_record
TN:
SF:backend/models/ServiceRequest.js
FNF:0
FNH:0
DA:2,4
DA:4,4
DA:26,4
LF:3
LH:3
BRF:0
BRH:0
end_of_record
TN:
SF:backend/models/User.js
FN:46,(anonymous_0)
FN:67,(anonymous_1)
FN:74,(anonymous_2)
FN:82,(anonymous_3)
FN:88,(anonymous_4)
FN:112,(anonymous_5)
FNF:6
FNH:1
FNDA:0,(anonymous_0)
FNDA:0,(anonymous_1)
FNDA:0,(anonymous_2)
FNDA:0,(anonymous_3)
FNDA:25,(anonymous_4)
FNDA:0,(anonymous_5)
DA:1,7
DA:2,7
DA:4,7
DA:46,7
DA:49,0
DA:50,0
DA:53,0
DA:54,0
DA:57,0
DA:58,0
DA:61,0
DA:62,0
DA:65,0
DA:66,0
DA:67,0
DA:68,0
DA:71,0
DA:74,7
DA:75,0
DA:77,0
DA:78,0
DA:81,0
DA:82,0
DA:83,0
DA:84,0
DA:88,7
DA:90,25
DA:91,0
DA:92,0
DA:93,0
DA:99,0
DA:100,0
DA:101,0
DA:102,0
DA:105,0
DA:106,0
DA:107,0
DA:108,0
DA:110,0
DA:111,0
DA:112,0
DA:113,0
DA:114,0
DA:118,0
DA:119,0
DA:120,0
DA:121,0
DA:134,25
DA:135,21
DA:136,21
DA:137,21
DA:138,21
DA:140,0
DA:144,7
LF:54
LH:13
BRDA:49,0,0,0
BRDA:49,0,1,0
BRDA:49,1,0,0
BRDA:49,1,1,0
BRDA:49,1,2,0
BRDA:53,2,0,0
BRDA:53,2,1,0
BRDA:53,3,0,0
BRDA:53,3,1,0
BRDA:53,3,2,0
BRDA:53,3,3,0
BRDA:53,4,0,0
BRDA:53,4,1,0
BRDA:53,5,0,0
BRDA:53,5,1,0
BRDA:57,6,0,0
BRDA:57,6,1,0
BRDA:57,7,0,0
BRDA:57,7,1,0
BRDA:57,7,2,0
BRDA:57,7,3,0
BRDA:57,8,0,0
BRDA:57,8,1,0
BRDA:57,9,0,0
BRDA:57,9,1,0
BRDA:61,10,0,0
BRDA:61,10,1,0
BRDA:61,11,0,0
BRDA:61,11,1,0
BRDA:61,11,2,0
BRDA:61,12,0,0
BRDA:61,12,1,0
BRDA:61,13,0,0
BRDA:61,13,1,0
BRDA:61,14,0,0
BRDA:61,14,1,0
BRDA:61,15,0,0
BRDA:61,15,1,0
BRDA:65,16,0,0
BRDA:65,16,1,0
BRDA:67,17,0,0
BRDA:67,17,1,0
BRDA:68,18,0,0
BRDA:68,18,1,0
BRDA:68,19,0,0
BRDA:68,19,1,0
BRDA:71,20,0,0
BRDA:71,20,1,0
BRDA:75,21,0,0
BRDA:75,21,1,0
BRDA:75,22,0,0
BRDA:75,22,1,0
BRDA:77,23,0,0
BRDA:77,23,1,0
BRDA:77,24,0,0
BRDA:77,24,1,0
BRDA:82,25,0,0
BRDA:82,25,1,0
BRDA:83,26,0,0
BRDA:83,26,1,0
BRDA:83,27,0,0
BRDA:83,27,1,0
BRDA:84,28,0,0
BRDA:84,28,1,0
BRDA:90,29,0,0
BRDA:90,29,1,25
BRDA:90,30,0,25
BRDA:90,30,1,0
BRDA:105,31,0,0
BRDA:105,31,1,0
BRDA:111,32,0,0
BRDA:111,32,1,0
BRDA:111,33,0,0
BRDA:111,33,1,0
BRDA:113,34,0,0
BRDA:113,34,1,0
BRDA:118,35,0,0
BRDA:118,35,1,0
BRDA:119,36,0,0
BRDA:119,36,1,0
BRDA:134,37,0,4
BRDA:134,37,1,21
BRF:82
BRH:4
end_of_record
TN:
SF:backend/models/Webhook.js
FNF:0
FNH:0
DA:1,4
DA:3,4
DA:18,4
LF:3
LH:3
BRF:0
BRH:0
end_of_record
TN:
SF:backend/routes/abFollowupResults.js
FN:6,(anonymous_0)
FN:17,(anonymous_1)
FN:18,(anonymous_2)
FN:46,(anonymous_3)
FN:57,(anonymous_4)
FN:60,(anonymous_5)
FNF:6
FNH:0
FNDA:0,(anonymous_0)
FNDA:0,(anonymous_1)
FNDA:0,(anonymous_2)
FNDA:0,(anonymous_3)
FNDA:0,(anonymous_4)
FNDA:0,(anonymous_5)
DA:2,4
DA:3,4
DA:4,4
DA:5,4
DA:6,4
DA:7,0
DA:8,0
DA:9,0
DA:16,0
DA:17,0
DA:18,0
DA:19,0
DA:32,0
DA:33,0
DA:37,0
DA:38,0
DA:39,0
DA:40,0
DA:41,0
DA:45,4
DA:46,4
DA:47,0
DA:48,0
DA:50,0
DA:57,0
DA:60,0
DA:69,0
DA:72,4
LF:28
LH:8
BRDA:8,0,0,0
BRDA:8,0,1,0
BRDA:8,1,0,0
BRDA:8,1,1,0
BRDA:8,1,2,0
BRDA:8,1,3,0
BRDA:18,2,0,0
BRDA:18,2,1,0
BRDA:26,3,0,0
BRDA:26,3,1,0
BRDA:26,4,0,0
BRDA:26,4,1,0
BRDA:27,5,0,0
BRDA:27,5,1,0
BRDA:32,6,0,0
BRDA:32,6,1,0
BRDA:33,7,0,0
BRDA:33,7,1,0
BRDA:48,8,0,0
BRDA:48,8,1,0
BRDA:48,9,0,0
BRDA:48,9,1,0
BRDA:48,9,2,0
BRDA:48,9,3,0
BRDA:60,10,0,0
BRDA:60,10,1,0
BRDA:65,11,0,0
BRDA:65,11,1,0
BRDA:65,12,0,0
BRDA:65,12,1,0
BRDA:67,13,0,0
BRDA:67,13,1,0
BRF:32
BRH:0
end_of_record
TN:
SF:backend/routes/abFollowupWinner.js
FN:7,(anonymous_0)
FN:28,(anonymous_1)
FNF:2
FNH:0
FNDA:0,(anonymous_0)
FNDA:0,(anonymous_1)
DA:2,4
DA:3,4
DA:4,4
DA:7,4
DA:8,0
DA:9,0
DA:10,0
DA:11,0
DA:13,0
DA:14,0
DA:15,0
DA:16,0
DA:17,0
DA:18,0
DA:21,0
DA:22,0
DA:23,0
DA:24,0
DA:26,0
DA:27,0
DA:28,0
DA:29,0
DA:30,0
DA:39,0
DA:40,0
DA:42,0
DA:45,4
LF:27
LH:5
BRDA:9,0,0,0
BRDA:9,0,1,0
BRDA:11,1,0,0
BRDA:11,1,1,0
BRDA:11,2,0,0
BRDA:11,2,1,0
BRDA:15,3,0,0
BRDA:15,3,1,0
BRDA:15,4,0,0
BRDA:15,4,1,0
BRDA:16,5,0,0
BRDA:16,5,1,0
BRDA:16,6,0,0
BRDA:16,6,1,0
BRDA:21,7,0,0
BRDA:21,7,1,0
BRDA:23,8,0,0
BRDA:23,8,1,0
BRDA:27,9,0,0
BRDA:27,9,1,0
BRDA:29,10,0,0
BRDA:29,10,1,0
BRDA:31,11,0,0
BRDA:31,11,1,0
BRDA:31,12,0,0
BRDA:31,12,1,0
BRF:26
BRH:0
end_of_record
TN:
SF:backend/routes/adminRoutes.js
FN:7,(anonymous_0)
FN:19,(anonymous_1)
FN:31,(anonymous_2)
FN:43,(anonymous_3)
FN:55,(anonymous_4)
FN:69,(anonymous_5)
FN:83,(anonymous_6)
FN:97,(anonymous_7)
FN:111,(anonymous_8)
FN:125,(anonymous_9)
FN:139,(anonymous_10)
FN:153,(anonymous_11)
FN:167,(anonymous_12)
FN:181,(anonymous_13)
FN:195,(anonymous_14)
FN:209,(anonymous_15)
FN:223,(anonymous_16)
FN:237,(anonymous_17)
FN:251,(anonymous_18)
FN:266,(anonymous_19)
FN:280,(anonymous_20)
FN:294,(anonymous_21)
FN:308,(anonymous_22)
FN:322,(anonymous_23)
FN:336,(anonymous_24)
FN:350,(anonymous_25)
FN:364,(anonymous_26)
FN:378,(anonymous_27)
FN:392,(anonymous_28)
FN:406,(anonymous_29)
FN:420,(anonymous_30)
FN:434,(anonymous_31)
FN:449,(anonymous_32)
FN:463,(anonymous_33)
FN:477,(anonymous_34)
FN:492,(anonymous_35)
FN:503,(anonymous_36)
FN:513,(anonymous_37)
FN:524,(anonymous_38)
FN:534,(anonymous_39)
FN:545,(anonymous_40)
FN:555,(anonymous_41)
FN:566,(anonymous_42)
FN:576,(anonymous_43)
FN:587,(anonymous_44)
FN:597,(anonymous_45)
FN:608,(anonymous_46)
FN:618,(anonymous_47)
FN:629,(anonymous_48)
FN:639,(anonymous_49)
FN:650,(anonymous_50)
FN:659,(anonymous_51)
FN:673,(anonymous_52)
FN:687,(anonymous_53)
FN:710,(anonymous_54)
FN:724,(anonymous_55)
FN:739,(anonymous_56)
FN:753,(anonymous_57)
FN:767,(anonymous_58)
FN:781,(anonymous_59)
FN:806,(anonymous_60)
FN:808,(anonymous_61)
FN:809,(anonymous_62)
FN:817,(anonymous_63)
FN:825,(anonymous_64)
FN:846,(anonymous_65)
FN:848,(anonymous_66)
FN:849,(anonymous_67)
FN:851,(anonymous_68)
FN:851,(anonymous_69)
FN:858,(anonymous_70)
FN:865,(anonymous_71)
FN:881,(anonymous_72)
FN:892,(anonymous_73)
FN:901,(anonymous_74)
FN:916,(anonymous_75)
FN:940,(anonymous_76)
FN:954,(anonymous_77)
FN:968,(anonymous_78)
FN:989,(anonymous_79)
FN:989,(anonymous_80)
FN:1005,(anonymous_81)
FN:1021,(anonymous_82)
FN:1033,(anonymous_83)
FN:1042,(anonymous_84)
FN:1057,(anonymous_85)
FN:1071,(anonymous_86)
FN:1081,(anonymous_87)
FN:1095,(anonymous_88)
FN:1113,(anonymous_89)
FN:1131,(anonymous_90)
FN:1156,(anonymous_91)
FN:1169,(anonymous_92)
FN:1180,(anonymous_93)
FN:1187,(anonymous_94)
FN:1188,(anonymous_95)
FN:1192,(anonymous_96)
FN:1201,(anonymous_97)
FN:1202,(anonymous_98)
FN:1202,(anonymous_99)
FN:1215,(anonymous_100)
FN:1215,(anonymous_101)
FN:1268,(anonymous_102)
FN:1279,(anonymous_103)
FN:1286,(anonymous_104)
FN:1287,(anonymous_105)
FN:1291,(anonymous_106)
FN:1300,(anonymous_107)
FN:1301,(anonymous_108)
FN:1301,(anonymous_109)
FN:1314,(anonymous_110)
FN:1314,(anonymous_111)
FN:1371,(anonymous_112)
FN:1383,(anonymous_113)
FN:1390,(anonymous_114)
FN:1391,(anonymous_115)
FN:1395,(anonymous_116)
FN:1404,(anonymous_117)
FN:1405,(anonymous_118)
FN:1405,(anonymous_119)
FN:1418,(anonymous_120)
FN:1418,(anonymous_121)
FN:1470,(anonymous_122)
FN:1482,(anonymous_123)
FN:1483,(anonymous_124)
FN:1488,(anonymous_125)
FN:1501,(anonymous_126)
FN:1512,(anonymous_127)
FN:1513,(anonymous_128)
FN:1514,(anonymous_129)
FN:1515,(anonymous_130)
FN:1516,(anonymous_131)
FN:1517,(anonymous_132)
FN:1530,(anonymous_133)
FN:1538,(anonymous_134)
FN:1547,(anonymous_135)
FN:1555,(anonymous_136)
FN:1562,(anonymous_137)
FN:1583,(anonymous_138)
FN:1618,(anonymous_139)
FN:1623,(anonymous_140)
FN:1636,(anonymous_141)
FN:1645,(anonymous_142)
FN:1648,(anonymous_143)
FN:1659,(anonymous_144)
FN:1680,(anonymous_145)
FN:1708,(anonymous_146)
FN:1725,(anonymous_147)
FN:1742,(anonymous_148)
FN:1766,(anonymous_149)
FN:1777,(anonymous_150)
FN:1783,(anonymous_151)
FN:1784,(anonymous_152)
FN:1791,(anonymous_153)
FN:1795,(anonymous_154)
FN:1822,(anonymous_155)
FN:1834,(anonymous_156)
FN:1890,(anonymous_157)
FN:1931,(anonymous_158)
FN:1938,(anonymous_159)
FN:1946,(anonymous_160)
FN:1951,(anonymous_161)
FN:1974,(anonymous_162)
FN:2004,(anonymous_163)
FN:2032,(anonymous_164)
FN:2039,(anonymous_165)
FN:2048,(anonymous_166)
FN:2057,(anonymous_167)
FN:2064,(anonymous_168)
FN:2069,(anonymous_169)
FN:2075,(anonymous_170)
FN:2076,(anonymous_171)
FN:2081,(anonymous_172)
FN:2082,(anonymous_173)
FN:2095,(anonymous_174)
FN:2099,(anonymous_175)
FN:2119,(anonymous_176)
FN:2127,(anonymous_177)
FN:2134,(anonymous_178)
FN:2139,getSegment
FN:2148,(anonymous_180)
FN:2152,(anonymous_181)
FN:2162,(anonymous_182)
FN:2164,(anonymous_183)
FN:2166,(anonymous_184)
FN:2180,(anonymous_185)
FN:2216,(anonymous_186)
FN:2222,(anonymous_187)
FN:2229,getSegment
FN:2238,(anonymous_189)
FN:2242,(anonymous_190)
FN:2245,(anonymous_191)
FN:2256,(anonymous_192)
FN:2258,(anonymous_193)
FN:2270,(anonymous_194)
FN:2271,(anonymous_195)
FN:2288,(anonymous_196)
FN:2292,(anonymous_197)
FN:2297,(anonymous_198)
FN:2299,(anonymous_199)
FN:2300,(anonymous_200)
FN:2315,(anonymous_201)
FN:2321,(anonymous_202)
FN:2327,(anonymous_203)
FN:2328,(anonymous_204)
FN:2331,(anonymous_205)
FN:2332,(anonymous_206)
FN:2346,(anonymous_207)
FN:2355,(anonymous_208)
FN:2385,(anonymous_209)
FN:2390,(anonymous_210)
FN:2392,(anonymous_211)
FN:2400,(anonymous_212)
FN:2412,(anonymous_213)
FN:2413,(anonymous_214)
FN:2418,(anonymous_215)
FN:2421,(anonymous_216)
FN:2434,(anonymous_217)
FN:2444,(anonymous_218)
FN:2445,(anonymous_219)
FN:2450,(anonymous_220)
FN:2474,(anonymous_221)
FN:2487,(anonymous_222)
FN:2488,(anonymous_223)
FN:2504,(anonymous_224)
FN:2505,(anonymous_225)
FN:2510,(anonymous_226)
FN:2517,(anonymous_227)
FN:2531,(anonymous_228)
FN:2541,(anonymous_229)
FN:2542,(anonymous_230)
FN:2544,(anonymous_231)
FN:2562,(anonymous_232)
FN:2573,(anonymous_233)
FN:2580,(anonymous_234)
FN:2590,(anonymous_235)
FN:2613,selectBestChannel
FN:2619,(anonymous_237)
FN:2625,(anonymous_238)
FN:2626,(anonymous_239)
FN:2667,(anonymous_240)
FN:2678,(anonymous_241)
FN:2682,(anonymous_242)
FN:2684,(anonymous_243)
FN:2687,(anonymous_244)
FN:2690,(anonymous_245)
FN:2693,(anonymous_246)
FN:2696,(anonymous_247)
FN:2698,(anonymous_248)
FN:2699,(anonymous_249)
FN:2702,(anonymous_250)
FNF:251
FNH:4
FNDA:2,(anonymous_0)
FNDA:1,(anonymous_1)
FNDA:1,(anonymous_2)
FNDA:1,(anonymous_3)
FNDA:0,(anonymous_4)
FNDA:0,(anonymous_5)
FNDA:0,(anonymous_6)
FNDA:0,(anonymous_7)
FNDA:0,(anonymous_8)
FNDA:0,(anonymous_9)
FNDA:0,(anonymous_10)
FNDA:0,(anonymous_11)
FNDA:0,(anonymous_12)
FNDA:0,(anonymous_13)
FNDA:0,(anonymous_14)
FNDA:0,(anonymous_15)
FNDA:0,(anonymous_16)
FNDA:0,(anonymous_17)
FNDA:0,(anonymous_18)
FNDA:0,(anonymous_19)
FNDA:0,(anonymous_20)
FNDA:0,(anonymous_21)
FNDA:0,(anonymous_22)
FNDA:0,(anonymous_23)
FNDA:0,(anonymous_24)
FNDA:0,(anonymous_25)
FNDA:0,(anonymous_26)
FNDA:0,(anonymous_27)
FNDA:0,(anonymous_28)
FNDA:0,(anonymous_29)
FNDA:0,(anonymous_30)
FNDA:0,(anonymous_31)
FNDA:0,(anonymous_32)
FNDA:0,(anonymous_33)
FNDA:0,(anonymous_34)
FNDA:0,(anonymous_35)
FNDA:0,(anonymous_36)
FNDA:0,(anonymous_37)
FNDA:0,(anonymous_38)
FNDA:0,(anonymous_39)
FNDA:0,(anonymous_40)
FNDA:0,(anonymous_41)
FNDA:0,(anonymous_42)
FNDA:0,(anonymous_43)
FNDA:0,(anonymous_44)
FNDA:0,(anonymous_45)
FNDA:0,(anonymous_46)
FNDA:0,(anonymous_47)
FNDA:0,(anonymous_48)
FNDA:0,(anonymous_49)
FNDA:0,(anonymous_50)
FNDA:0,(anonymous_51)
FNDA:0,(anonymous_52)
FNDA:0,(anonymous_53)
FNDA:0,(anonymous_54)
FNDA:0,(anonymous_55)
FNDA:0,(anonymous_56)
FNDA:0,(anonymous_57)
FNDA:0,(anonymous_58)
FNDA:0,(anonymous_59)
FNDA:0,(anonymous_60)
FNDA:0,(anonymous_61)
FNDA:0,(anonymous_62)
FNDA:0,(anonymous_63)
FNDA:0,(anonymous_64)
FNDA:0,(anonymous_65)
FNDA:0,(anonymous_66)
FNDA:0,(anonymous_67)
FNDA:0,(anonymous_68)
FNDA:0,(anonymous_69)
FNDA:0,(anonymous_70)
FNDA:0,(anonymous_71)
FNDA:0,(anonymous_72)
FNDA:0,(anonymous_73)
FNDA:0,(anonymous_74)
FNDA:0,(anonymous_75)
FNDA:0,(anonymous_76)
FNDA:0,(anonymous_77)
FNDA:0,(anonymous_78)
FNDA:0,(anonymous_79)
FNDA:0,(anonymous_80)
FNDA:0,(anonymous_81)
FNDA:0,(anonymous_82)
FNDA:0,(anonymous_83)
FNDA:0,(anonymous_84)
FNDA:0,(anonymous_85)
FNDA:0,(anonymous_86)
FNDA:0,(anonymous_87)
FNDA:0,(anonymous_88)
FNDA:0,(anonymous_89)
FNDA:0,(anonymous_90)
FNDA:0,(anonymous_91)
FNDA:0,(anonymous_92)
FNDA:0,(anonymous_93)
FNDA:0,(anonymous_94)
FNDA:0,(anonymous_95)
FNDA:0,(anonymous_96)
FNDA:0,(anonymous_97)
FNDA:0,(anonymous_98)
FNDA:0,(anonymous_99)
FNDA:0,(anonymous_100)
FNDA:0,(anonymous_101)
FNDA:0,(anonymous_102)
FNDA:0,(anonymous_103)
FNDA:0,(anonymous_104)
FNDA:0,(anonymous_105)
FNDA:0,(anonymous_106)
FNDA:0,(anonymous_107)
FNDA:0,(anonymous_108)
FNDA:0,(anonymous_109)
FNDA:0,(anonymous_110)
FNDA:0,(anonymous_111)
FNDA:0,(anonymous_112)
FNDA:0,(anonymous_113)
FNDA:0,(anonymous_114)
FNDA:0,(anonymous_115)
FNDA:0,(anonymous_116)
FNDA:0,(anonymous_117)
FNDA:0,(anonymous_118)
FNDA:0,(anonymous_119)
FNDA:0,(anonymous_120)
FNDA:0,(anonymous_121)
FNDA:0,(anonymous_122)
FNDA:0,(anonymous_123)
FNDA:0,(anonymous_124)
FNDA:0,(anonymous_125)
FNDA:0,(anonymous_126)
FNDA:0,(anonymous_127)
FNDA:0,(anonymous_128)
FNDA:0,(anonymous_129)
FNDA:0,(anonymous_130)
FNDA:0,(anonymous_131)
FNDA:0,(anonymous_132)
FNDA:0,(anonymous_133)
FNDA:0,(anonymous_134)
FNDA:0,(anonymous_135)
FNDA:0,(anonymous_136)
FNDA:0,(anonymous_137)
FNDA:0,(anonymous_138)
FNDA:0,(anonymous_139)
FNDA:0,(anonymous_140)
FNDA:0,(anonymous_141)
FNDA:0,(anonymous_142)
FNDA:0,(anonymous_143)
FNDA:0,(anonymous_144)
FNDA:0,(anonymous_145)
FNDA:0,(anonymous_146)
FNDA:0,(anonymous_147)
FNDA:0,(anonymous_148)
FNDA:0,(anonymous_149)
FNDA:0,(anonymous_150)
FNDA:0,(anonymous_151)
FNDA:0,(anonymous_152)
FNDA:0,(anonymous_153)
FNDA:0,(anonymous_154)
FNDA:0,(anonymous_155)
FNDA:0,(anonymous_156)
FNDA:0,(anonymous_157)
FNDA:0,(anonymous_158)
FNDA:0,(anonymous_159)
FNDA:0,(anonymous_160)
FNDA:0,(anonymous_161)
FNDA:0,(anonymous_162)
FNDA:0,(anonymous_163)
FNDA:0,(anonymous_164)
FNDA:0,(anonymous_165)
FNDA:0,(anonymous_166)
FNDA:0,(anonymous_167)
FNDA:0,(anonymous_168)
FNDA:0,(anonymous_169)
FNDA:0,(anonymous_170)
FNDA:0,(anonymous_171)
FNDA:0,(anonymous_172)
FNDA:0,(anonymous_173)
FNDA:0,(anonymous_174)
FNDA:0,(anonymous_175)
FNDA:0,(anonymous_176)
FNDA:0,(anonymous_177)
FNDA:0,(anonymous_178)
FNDA:0,getSegment
FNDA:0,(anonymous_180)
FNDA:0,(anonymous_181)
FNDA:0,(anonymous_182)
FNDA:0,(anonymous_183)
FNDA:0,(anonymous_184)
FNDA:0,(anonymous_185)
FNDA:0,(anonymous_186)
FNDA:0,(anonymous_187)
FNDA:0,getSegment
FNDA:0,(anonymous_189)
FNDA:0,(anonymous_190)
FNDA:0,(anonymous_191)
FNDA:0,(anonymous_192)
FNDA:0,(anonymous_193)
FNDA:0,(anonymous_194)
FNDA:0,(anonymous_195)
FNDA:0,(anonymous_196)
FNDA:0,(anonymous_197)
FNDA:0,(anonymous_198)
FNDA:0,(anonymous_199)
FNDA:0,(anonymous_200)
FNDA:0,(anonymous_201)
FNDA:0,(anonymous_202)
FNDA:0,(anonymous_203)
FNDA:0,(anonymous_204)
FNDA:0,(anonymous_205)
FNDA:0,(anonymous_206)
FNDA:0,(anonymous_207)
FNDA:0,(anonymous_208)
FNDA:0,(anonymous_209)
FNDA:0,(anonymous_210)
FNDA:0,(anonymous_211)
FNDA:0,(anonymous_212)
FNDA:0,(anonymous_213)
FNDA:0,(anonymous_214)
FNDA:0,(anonymous_215)
FNDA:0,(anonymous_216)
FNDA:0,(anonymous_217)
FNDA:0,(anonymous_218)
FNDA:0,(anonymous_219)
FNDA:0,(anonymous_220)
FNDA:0,(anonymous_221)
FNDA:0,(anonymous_222)
FNDA:0,(anonymous_223)
FNDA:0,(anonymous_224)
FNDA:0,(anonymous_225)
FNDA:0,(anonymous_226)
FNDA:0,(anonymous_227)
FNDA:0,(anonymous_228)
FNDA:0,(anonymous_229)
FNDA:0,(anonymous_230)
FNDA:0,(anonymous_231)
FNDA:0,(anonymous_232)
FNDA:0,(anonymous_233)
FNDA:0,(anonymous_234)
FNDA:0,(anonymous_235)
FNDA:0,selectBestChannel
FNDA:0,(anonymous_237)
FNDA:0,(anonymous_238)
FNDA:0,(anonymous_239)
FNDA:0,(anonymous_240)
FNDA:0,(anonymous_241)
FNDA:0,(anonymous_242)
FNDA:0,(anonymous_243)
FNDA:0,(anonymous_244)
FNDA:0,(anonymous_245)
FNDA:0,(anonymous_246)
FNDA:0,(anonymous_247)
FNDA:0,(anonymous_248)
FNDA:0,(anonymous_249)
FNDA:0,(anonymous_250)
DA:1,4
DA:2,4
DA:3,4
DA:4,4
DA:7,4
DA:8,2
DA:9,2
DA:10,1
DA:12,1
DA:13,1
DA:15,0
DA:19,4
DA:20,1
DA:21,1
DA:22,1
DA:24,0
DA:25,0
DA:27,0
DA:31,4
DA:32,1
DA:33,1
DA:34,1
DA:36,0
DA:37,0
DA:39,0
DA:43,4
DA:44,1
DA:45,1
DA:46,1
DA:48,0
DA:49,0
DA:51,0
DA:55,4
DA:56,0
DA:57,0
DA:58,0
DA:59,0
DA:61,0
DA:62,0
DA:63,0
DA:65,0
DA:69,4
DA:70,0
DA:71,0
DA:72,0
DA:73,0
DA:75,0
DA:76,0
DA:77,0
DA:79,0
DA:83,4
DA:84,0
DA:85,0
DA:86,0
DA:87,0
DA:89,0
DA:90,0
DA:91,0
DA:93,0
DA:97,4
DA:98,0
DA:99,0
DA:100,0
DA:101,0
DA:103,0
DA:104,0
DA:105,0
DA:107,0
DA:111,4
DA:112,0
DA:113,0
DA:114,0
DA:115,0
DA:117,0
DA:118,0
DA:119,0
DA:121,0
DA:125,4
DA:126,0
DA:127,0
DA:128,0
DA:129,0
DA:131,0
DA:132,0
DA:133,0
DA:135,0
DA:139,4
DA:140,0
DA:141,0
DA:142,0
DA:143,0
DA:145,0
DA:146,0
DA:147,0
DA:149,0
DA:153,4
DA:154,0
DA:155,0
DA:156,0
DA:157,0
DA:159,0
DA:160,0
DA:161,0
DA:163,0
DA:167,4
DA:168,0
DA:169,0
DA:170,0
DA:171,0
DA:173,0
DA:174,0
DA:175,0
DA:177,0
DA:181,4
DA:182,0
DA:183,0
DA:184,0
DA:185,0
DA:187,0
DA:188,0
DA:189,0
DA:191,0
DA:195,4
DA:196,0
DA:197,0
DA:198,0
DA:199,0
DA:201,0
DA:202,0
DA:203,0
DA:205,0
DA:209,4
DA:210,0
DA:211,0
DA:212,0
DA:213,0
DA:215,0
DA:216,0
DA:217,0
DA:219,0
DA:223,4
DA:224,0
DA:225,0
DA:226,0
DA:227,0
DA:229,0
DA:230,0
DA:231,0
DA:233,0
DA:237,4
DA:238,0
DA:239,0
DA:240,0
DA:241,0
DA:243,0
DA:244,0
DA:245,0
DA:247,0
DA:251,4
DA:252,0
DA:253,0
DA:254,0
DA:255,0
DA:257,0
DA:258,0
DA:259,0
DA:260,0
DA:262,0
DA:266,4
DA:267,0
DA:268,0
DA:269,0
DA:270,0
DA:272,0
DA:273,0
DA:274,0
DA:276,0
DA:280,4
DA:281,0
DA:282,0
DA:283,0
DA:284,0
DA:286,0
DA:287,0
DA:288,0
DA:290,0
DA:294,4
DA:295,0
DA:296,0
DA:297,0
DA:298,0
DA:300,0
DA:301,0
DA:302,0
DA:304,0
DA:308,4
DA:309,0
DA:310,0
DA:311,0
DA:312,0
DA:314,0
DA:315,0
DA:316,0
DA:318,0
DA:322,4
DA:323,0
DA:324,0
DA:325,0
DA:326,0
DA:328,0
DA:329,0
DA:330,0
DA:332,0
DA:336,4
DA:337,0
DA:338,0
DA:339,0
DA:340,0
DA:342,0
DA:343,0
DA:344,0
DA:346,0
DA:350,4
DA:351,0
DA:352,0
DA:353,0
DA:354,0
DA:356,0
DA:357,0
DA:358,0
DA:360,0
DA:364,4
DA:365,0
DA:366,0
DA:367,0
DA:368,0
DA:370,0
DA:371,0
DA:372,0
DA:374,0
DA:378,4
DA:379,0
DA:380,0
DA:381,0
DA:382,0
DA:384,0
DA:385,0
DA:386,0
DA:388,0
DA:392,4
DA:393,0
DA:394,0
DA:395,0
DA:396,0
DA:398,0
DA:399,0
DA:400,0
DA:402,0
DA:406,4
DA:407,0
DA:408,0
DA:409,0
DA:410,0
DA:412,0
DA:413,0
DA:414,0
DA:416,0
DA:420,4
DA:421,0
DA:422,0
DA:423,0
DA:424,0
DA:426,0
DA:427,0
DA:428,0
DA:430,0
DA:434,4
DA:435,0
DA:436,0
DA:437,0
DA:438,0
DA:440,0
DA:441,0
DA:442,0
DA:443,0
DA:445,0
DA:449,4
DA:450,0
DA:451,0
DA:452,0
DA:453,0
DA:455,0
DA:456,0
DA:457,0
DA:459,0
DA:463,4
DA:464,0
DA:465,0
DA:466,0
DA:467,0
DA:469,0
DA:470,0
DA:471,0
DA:473,0
DA:477,4
DA:478,0
DA:479,0
DA:480,0
DA:481,0
DA:483,0
DA:484,0
DA:485,0
DA:487,0
DA:492,4
DA:493,0
DA:494,0
DA:495,0
DA:496,0
DA:498,0
DA:499,0
DA:500,0
DA:501,0
DA:502,0
DA:503,0
DA:504,0
DA:505,0
DA:506,0
DA:508,0
DA:513,4
DA:514,0
DA:515,0
DA:516,0
DA:517,0
DA:519,0
DA:520,0
DA:521,0
DA:522,0
DA:523,0
DA:524,0
DA:525,0
DA:526,0
DA:527,0
DA:529,0
DA:534,4
DA:535,0
DA:536,0
DA:537,0
DA:538,0
DA:540,0
DA:541,0
DA:542,0
DA:543,0
DA:544,0
DA:545,0
DA:546,0
DA:547,0
DA:548,0
DA:550,0
DA:555,4
DA:556,0
DA:557,0
DA:558,0
DA:559,0
DA:561,0
DA:562,0
DA:563,0
DA:564,0
DA:565,0
DA:566,0
DA:567,0
DA:568,0
DA:569,0
DA:571,0
DA:576,4
DA:577,0
DA:578,0
DA:579,0
DA:580,0
DA:582,0
DA:583,0
DA:584,0
DA:585,0
DA:586,0
DA:587,0
DA:588,0
DA:589,0
DA:590,0
DA:592,0
DA:597,4
DA:598,0
DA:599,0
DA:600,0
DA:601,0
DA:603,0
DA:604,0
DA:605,0
DA:606,0
DA:607,0
DA:608,0
DA:609,0
DA:610,0
DA:611,0
DA:613,0
DA:618,4
DA:619,0
DA:620,0
DA:621,0
DA:622,0
DA:624,0
DA:625,0
DA:626,0
DA:627,0
DA:628,0
DA:629,0
DA:630,0
DA:631,0
DA:632,0
DA:634,0
DA:639,4
DA:640,0
DA:641,0
DA:642,0
DA:643,0
DA:645,0
DA:646,0
DA:647,0
DA:648,0
DA:649,0
DA:650,0
DA:651,0
DA:652,0
DA:653,0
DA:655,0
DA:659,4
DA:660,0
DA:661,0
DA:662,0
DA:663,0
DA:665,0
DA:666,0
DA:667,0
DA:669,0
DA:673,4
DA:674,0
DA:675,0
DA:676,0
DA:677,0
DA:679,0
DA:680,0
DA:681,0
DA:683,0
DA:687,4
DA:688,0
DA:689,0
DA:690,0
DA:691,0
DA:693,0
DA:694,0
DA:695,0
DA:698,0
DA:699,0
DA:700,0
DA:701,0
DA:703,0
DA:704,0
DA:706,0
DA:710,4
DA:711,0
DA:712,0
DA:713,0
DA:714,0
DA:716,0
DA:717,0
DA:718,0
DA:720,0
DA:724,4
DA:725,0
DA:726,0
DA:727,0
DA:728,0
DA:730,0
DA:731,0
DA:732,0
DA:733,0
DA:735,0
DA:739,4
DA:740,0
DA:741,0
DA:742,0
DA:743,0
DA:745,0
DA:746,0
DA:747,0
DA:749,0
DA:753,4
DA:754,0
DA:755,0
DA:756,0
DA:757,0
DA:759,0
DA:760,0
DA:761,0
DA:763,0
DA:767,4
DA:768,0
DA:769,0
DA:770,0
DA:771,0
DA:773,0
DA:774,0
DA:775,0
DA:777,0
DA:781,4
DA:782,0
DA:783,0
DA:784,0
DA:785,0
DA:787,0
DA:788,0
DA:789,0
DA:790,0
DA:791,0
DA:792,0
DA:793,0
DA:794,0
DA:795,0
DA:806,0
DA:807,0
DA:808,0
DA:809,0
DA:810,0
DA:811,0
DA:813,0
DA:817,0
DA:818,0
DA:819,0
DA:821,0
DA:825,4
DA:826,0
DA:827,0
DA:828,0
DA:829,0
DA:831,0
DA:832,0
DA:833,0
DA:834,0
DA:835,0
DA:836,0
DA:846,0
DA:847,0
DA:848,0
DA:849,0
DA:850,0
DA:851,0
DA:852,0
DA:854,0
DA:858,0
DA:859,0
DA:861,0
DA:865,4
DA:866,0
DA:867,0
DA:868,0
DA:869,0
DA:871,0
DA:872,0
DA:873,0
DA:874,0
DA:875,0
DA:877,0
DA:881,4
DA:882,0
DA:883,0
DA:884,0
DA:885,0
DA:887,0
DA:888,0
DA:889,0
DA:890,0
DA:891,0
DA:892,0
DA:893,0
DA:894,0
DA:897,0
DA:901,4
DA:902,0
DA:903,0
DA:904,0
DA:905,0
DA:907,0
DA:908,0
DA:909,0
DA:910,0
DA:912,0
DA:916,4
DA:917,0
DA:918,0
DA:919,0
DA:920,0
DA:922,0
DA:923,0
DA:924,0
DA:926,0
DA:927,0
DA:934,0
DA:936,0
DA:940,4
DA:941,0
DA:942,0
DA:943,0
DA:944,0
DA:946,0
DA:947,0
DA:948,0
DA:950,0
DA:954,4
DA:955,0
DA:956,0
DA:957,0
DA:958,0
DA:960,0
DA:961,0
DA:962,0
DA:964,0
DA:968,4
DA:969,0
DA:970,0
DA:971,0
DA:972,0
DA:974,0
DA:975,0
DA:976,0
DA:977,0
DA:978,0
DA:979,0
DA:980,0
DA:982,0
DA:983,0
DA:984,0
DA:985,0
DA:987,0
DA:988,0
DA:989,0
DA:991,0
DA:992,0
DA:993,0
DA:996,0
DA:997,0
DA:998,0
DA:1001,0
DA:1005,4
DA:1006,0
DA:1007,0
DA:1008,0
DA:1009,0
DA:1011,0
DA:1012,0
DA:1013,0
DA:1014,0
DA:1015,0
DA:1017,0
DA:1021,4
DA:1022,0
DA:1023,0
DA:1024,0
DA:1025,0
DA:1027,0
DA:1028,0
DA:1030,0
DA:1031,0
DA:1032,0
DA:1033,0
DA:1034,0
DA:1035,0
DA:1038,0
DA:1042,4
DA:1043,0
DA:1044,0
DA:1045,0
DA:1046,0
DA:1048,0
DA:1049,0
DA:1050,0
DA:1051,0
DA:1053,0
DA:1057,4
DA:1058,0
DA:1059,0
DA:1060,0
DA:1061,0
DA:1063,0
DA:1064,0
DA:1065,0
DA:1067,0
DA:1071,4
DA:1072,0
DA:1073,0
DA:1074,0
DA:1075,0
DA:1077,0
DA:1081,4
DA:1082,0
DA:1083,0
DA:1084,0
DA:1085,0
DA:1087,0
DA:1088,0
DA:1089,0
DA:1091,0
DA:1095,4
DA:1096,0
DA:1097,0
DA:1098,0
DA:1099,0
DA:1101,0
DA:1102,0
DA:1103,0
DA:1104,0
DA:1105,0
DA:1107,0
DA:1111,4
DA:1113,4
DA:1114,0
DA:1115,0
DA:1116,0
DA:1117,0
DA:1119,0
DA:1120,0
DA:1122,0
DA:1125,4
DA:1126,4
DA:1127,4
DA:1128,4
DA:1131,4
DA:1133,0
DA:1134,0
DA:1135,0
DA:1136,0
DA:1138,0
DA:1139,0
DA:1140,0
DA:1141,0
DA:1142,0
DA:1143,0
DA:1144,0
DA:1146,0
DA:1147,0
DA:1148,0
DA:1156,0
DA:1158,0
DA:1159,0
DA:1160,0
DA:1161,0
DA:1162,0
DA:1165,0
DA:1168,4
DA:1169,4
DA:1170,0
DA:1171,0
DA:1172,0
DA:1173,0
DA:1174,0
DA:1175,0
DA:1176,0
DA:1178,0
DA:1179,0
DA:1180,0
DA:1181,0
DA:1182,0
DA:1183,0
DA:1184,0
DA:1185,0
DA:1187,0
DA:1188,0
DA:1189,0
DA:1191,0
DA:1192,0
DA:1193,0
DA:1194,0
DA:1195,0
DA:1196,0
DA:1197,0
DA:1198,0
DA:1199,0
DA:1201,0
DA:1202,0
DA:1204,0
DA:1205,0
DA:1206,0
DA:1207,0
DA:1208,0
DA:1209,0
DA:1213,0
DA:1214,0
DA:1215,0
DA:1216,0
DA:1217,0
DA:1218,0
DA:1219,0
DA:1220,0
DA:1221,0
DA:1222,0
DA:1236,0
DA:1239,0
DA:1241,0
DA:1244,0
DA:1251,0
DA:1252,0
DA:1261,0
DA:1262,0
DA:1263,0
DA:1267,4
DA:1268,4
DA:1269,0
DA:1270,0
DA:1271,0
DA:1272,0
DA:1273,0
DA:1274,0
DA:1275,0
DA:1277,0
DA:1278,0
DA:1279,0
DA:1280,0
DA:1281,0
DA:1282,0
DA:1283,0
DA:1284,0
DA:1286,0
DA:1287,0
DA:1288,0
DA:1290,0
DA:1291,0
DA:1292,0
DA:1293,0
DA:1294,0
DA:1295,0
DA:1296,0
DA:1297,0
DA:1298,0
DA:1300,0
DA:1301,0
DA:1303,0
DA:1304,0
DA:1305,0
DA:1306,0
DA:1307,0
DA:1308,0
DA:1312,0
DA:1313,0
DA:1314,0
DA:1315,0
DA:1316,0
DA:1317,0
DA:1318,0
DA:1319,0
DA:1320,0
DA:1321,0
DA:1335,0
DA:1338,0
DA:1340,0
DA:1343,0
DA:1350,0
DA:1351,0
DA:1360,0
DA:1361,0
DA:1362,0
DA:1366,4
DA:1367,4
DA:1368,4
DA:1369,4
DA:1370,4
DA:1371,4
DA:1373,0
DA:1374,0
DA:1375,0
DA:1376,0
DA:1377,0
DA:1378,0
DA:1380,0
DA:1381,0
DA:1382,0
DA:1383,0
DA:1384,0
DA:1385,0
DA:1386,0
DA:1387,0
DA:1388,0
DA:1390,0
DA:1391,0
DA:1392,0
DA:1394,0
DA:1395,0
DA:1396,0
DA:1397,0
DA:1398,0
DA:1399,0
DA:1400,0
DA:1401,0
DA:1402,0
DA:1404,0
DA:1405,0
DA:1407,0
DA:1408,0
DA:1409,0
DA:1410,0
DA:1411,0
DA:1412,0
DA:1416,0
DA:1417,0
DA:1418,0
DA:1419,0
DA:1420,0
DA:1421,0
DA:1422,0
DA:1423,0
DA:1424,0
DA:1425,0
DA:1439,0
DA:1442,0
DA:1444,0
DA:1447,0
DA:1454,0
DA:1455,0
DA:1464,0
DA:1465,0
DA:1466,0
DA:1470,4
DA:1471,0
DA:1472,0
DA:1473,0
DA:1474,0
DA:1475,0
DA:1476,0
DA:1477,0
DA:1478,0
DA:1479,0
DA:1480,0
DA:1481,0
DA:1482,0
DA:1483,0
DA:1488,0
DA:1490,0
DA:1491,0
DA:1492,0
DA:1493,0
DA:1494,0
DA:1496,0
DA:1498,4
DA:1501,4
DA:1502,0
DA:1503,0
DA:1504,0
DA:1505,0
DA:1506,0
DA:1507,0
DA:1508,0
DA:1509,0
DA:1510,0
DA:1512,0
DA:1513,0
DA:1514,0
DA:1515,0
DA:1516,0
DA:1517,0
DA:1519,0
DA:1520,0
DA:1521,0
DA:1522,0
DA:1523,0
DA:1525,0
DA:1530,4
DA:1531,0
DA:1532,0
DA:1533,0
DA:1534,0
DA:1536,0
DA:1537,0
DA:1538,0
DA:1540,0
DA:1547,4
DA:1548,0
DA:1549,0
DA:1550,0
DA:1551,0
DA:1552,0
DA:1555,0
DA:1556,0
DA:1557,0
DA:1558,0
DA:1562,0
DA:1563,0
DA:1564,0
DA:1565,0
DA:1566,0
DA:1567,0
DA:1568,0
DA:1569,0
DA:1576,0
DA:1583,4
DA:1584,0
DA:1585,0
DA:1586,0
DA:1587,0
DA:1588,0
DA:1589,0
DA:1590,0
DA:1591,0
DA:1592,0
DA:1600,0
DA:1601,0
DA:1602,0
DA:1603,0
DA:1604,0
DA:1613,0
DA:1615,0
DA:1618,4
DA:1619,0
DA:1620,0
DA:1623,4
DA:1625,0
DA:1626,0
DA:1627,0
DA:1636,4
DA:1637,0
DA:1638,0
DA:1639,0
DA:1640,0
DA:1642,0
DA:1643,0
DA:1644,0
DA:1645,0
DA:1646,0
DA:1647,0
DA:1648,0
DA:1649,0
DA:1650,0
DA:1651,0
DA:1652,0
DA:1653,0
DA:1655,0
DA:1659,4
DA:1660,0
DA:1661,0
DA:1662,0
DA:1663,0
DA:1664,0
DA:1666,0
DA:1667,0
DA:1669,0
DA:1670,0
DA:1671,0
DA:1672,0
DA:1673,0
DA:1674,0
DA:1675,0
DA:1676,0
DA:1677,0
DA:1680,4
DA:1681,0
DA:1682,0
DA:1683,0
DA:1684,0
DA:1685,0
DA:1686,0
DA:1687,0
DA:1695,0
DA:1708,4
DA:1709,0
DA:1710,0
DA:1711,0
DA:1712,0
DA:1713,0
DA:1715,0
DA:1716,0
DA:1717,0
DA:1718,0
DA:1719,0
DA:1720,0
DA:1722,0
DA:1725,4
DA:1726,0
DA:1727,0
DA:1728,0
DA:1729,0
DA:1730,0
DA:1732,0
DA:1733,0
DA:1734,0
DA:1735,0
DA:1736,0
DA:1737,0
DA:1738,0
DA:1742,4
DA:1743,0
DA:1744,0
DA:1745,0
DA:1746,0
DA:1747,0
DA:1749,0
DA:1750,0
DA:1751,0
DA:1752,0
DA:1753,0
DA:1754,0
DA:1755,0
DA:1757,4
DA:1758,4
DA:1759,4
DA:1760,4
DA:1761,4
DA:1762,4
DA:1763,4
DA:1764,4
DA:1766,4
DA:1768,0
DA:1769,0
DA:1770,0
DA:1771,0
DA:1777,0
DA:1778,0
DA:1779,0
DA:1782,0
DA:1783,0
DA:1784,0
DA:1785,0
DA:1786,0
DA:1787,0
DA:1791,0
DA:1792,0
DA:1795,4
DA:1796,0
DA:1797,0
DA:1798,0
DA:1799,0
DA:1800,0
DA:1801,0
DA:1802,0
DA:1803,0
DA:1804,0
DA:1806,0
DA:1807,0
DA:1810,0
DA:1813,0
DA:1814,0
DA:1815,0
DA:1816,0
DA:1818,0
DA:1822,4
DA:1823,0
DA:1824,0
DA:1825,0
DA:1826,0
DA:1827,0
DA:1829,0
DA:1830,0
DA:1831,0
DA:1834,4
DA:1835,0
DA:1836,0
DA:1838,0
DA:1839,0
DA:1840,0
DA:1841,0
DA:1842,0
DA:1843,0
DA:1844,0
DA:1845,0
DA:1846,0
DA:1848,0
DA:1849,0
DA:1850,0
DA:1852,0
DA:1853,0
DA:1854,0
DA:1855,0
DA:1856,0
DA:1857,0
DA:1860,0
DA:1861,0
DA:1862,0
DA:1863,0
DA:1864,0
DA:1865,0
DA:1867,0
DA:1868,0
DA:1876,0
DA:1877,0
DA:1878,0
DA:1879,0
DA:1880,0
DA:1881,0
DA:1882,0
DA:1883,0
DA:1885,0
DA:1887,0
DA:1890,4
DA:1891,0
DA:1892,0
DA:1894,0
DA:1895,0
DA:1896,0
DA:1897,0
DA:1898,0
DA:1900,0
DA:1901,0
DA:1902,0
DA:1903,0
DA:1904,0
DA:1905,0
DA:1906,0
DA:1907,0
DA:1909,0
DA:1910,0
DA:1911,0
DA:1912,0
DA:1913,0
DA:1916,0
DA:1917,0
DA:1919,0
DA:1922,0
DA:1924,0
DA:1925,0
DA:1926,0
DA:1927,0
DA:1928,0
DA:1931,4
DA:1932,0
DA:1933,0
DA:1934,0
DA:1938,4
DA:1939,0
DA:1940,0
DA:1941,0
DA:1942,0
DA:1944,4
DA:1946,4
DA:1947,0
DA:1948,0
DA:1949,0
DA:1951,0
DA:1952,0
DA:1953,0
DA:1954,0
DA:1955,0
DA:1956,0
DA:1958,0
DA:1959,0
DA:1960,0
DA:1961,0
DA:1962,0
DA:1963,0
DA:1964,0
DA:1965,0
DA:1966,0
DA:1968,0
DA:1969,0
DA:1974,4
DA:1975,0
DA:1986,0
DA:1987,0
DA:1988,0
DA:1989,0
DA:1990,0
DA:1991,0
DA:1992,0
DA:1993,0
DA:1994,0
DA:1995,0
DA:1997,0
DA:1998,0
DA:1999,0
DA:2000,0
DA:2001,0
DA:2003,0
DA:2004,0
DA:2023,0
DA:2024,0
DA:2025,0
DA:2026,0
DA:2027,0
DA:2028,0
DA:2030,4
DA:2032,4
DA:2033,0
DA:2034,0
DA:2035,0
DA:2039,4
DA:2040,0
DA:2041,0
DA:2042,0
DA:2043,0
DA:2044,0
DA:2048,4
DA:2049,0
DA:2050,0
DA:2051,0
DA:2052,0
DA:2053,0
DA:2057,4
DA:2058,0
DA:2059,0
DA:2060,0
DA:2061,0
DA:2064,4
DA:2065,0
DA:2066,0
DA:2067,0
DA:2069,0
DA:2070,0
DA:2071,0
DA:2074,0
DA:2075,0
DA:2076,0
DA:2079,0
DA:2080,0
DA:2081,0
DA:2082,0
DA:2083,0
DA:2084,0
DA:2085,0
DA:2086,0
DA:2087,0
DA:2088,0
DA:2092,0
DA:2095,4
DA:2097,0
DA:2098,0
DA:2099,0
DA:2100,0
DA:2101,0
DA:2112,0
DA:2113,0
DA:2114,0
DA:2115,0
DA:2116,0
DA:2119,4
DA:2121,0
DA:2122,0
DA:2123,0
DA:2124,0
DA:2127,4
DA:2129,0
DA:2130,0
DA:2131,0
DA:2132,0
DA:2134,0
DA:2135,0
DA:2136,0
DA:2140,0
DA:2147,0
DA:2148,0
DA:2149,0
DA:2150,0
DA:2151,0
DA:2152,0
DA:2153,0
DA:2154,0
DA:2155,0
DA:2156,0
DA:2161,0
DA:2162,0
DA:2163,0
DA:2164,0
DA:2165,0
DA:2166,0
DA:2167,0
DA:2173,0
DA:2174,0
DA:2175,0
DA:2176,0
DA:2177,0
DA:2180,4
DA:2182,0
DA:2183,0
DA:2184,0
DA:2186,0
DA:2187,0
DA:2188,0
DA:2189,0
DA:2190,0
DA:2191,0
DA:2193,0
DA:2194,0
DA:2195,0
DA:2196,0
DA:2197,0
DA:2198,0
DA:2199,0
DA:2201,0
DA:2202,0
DA:2210,0
DA:2213,0
DA:2216,4
DA:2218,0
DA:2219,0
DA:2220,0
DA:2222,0
DA:2223,0
DA:2224,0
DA:2225,0
DA:2227,0
DA:2230,0
DA:2237,0
DA:2238,0
DA:2239,0
DA:2240,0
DA:2241,0
DA:2242,0
DA:2243,0
DA:2244,0
DA:2245,0
DA:2246,0
DA:2247,0
DA:2255,0
DA:2256,0
DA:2257,0
DA:2258,0
DA:2259,0
DA:2269,0
DA:2270,0
DA:2271,0
DA:2272,0
DA:2273,0
DA:2274,0
DA:2275,0
DA:2276,0
DA:2277,0
DA:2288,0
DA:2289,0
DA:2292,4
DA:2293,0
DA:2294,0
DA:2295,0
DA:2296,0
DA:2297,0
DA:2299,0
DA:2300,0
DA:2308,0
DA:2309,0
DA:2310,0
DA:2311,0
DA:2312,0
DA:2315,4
DA:2317,0
DA:2318,0
DA:2319,0
DA:2321,0
DA:2322,0
DA:2323,0
DA:2326,0
DA:2327,0
DA:2328,0
DA:2331,0
DA:2332,0
DA:2333,0
DA:2334,0
DA:2335,0
DA:2336,0
DA:2337,0
DA:2338,0
DA:2343,0
DA:2346,4
DA:2348,0
DA:2349,0
DA:2350,0
DA:2351,0
DA:2354,4
DA:2355,4
DA:2357,0
DA:2358,0
DA:2359,0
DA:2361,0
DA:2362,0
DA:2363,0
DA:2364,0
DA:2365,0
DA:2367,0
DA:2368,0
DA:2375,0
DA:2381,0
DA:2385,4
DA:2388,0
DA:2389,0
DA:2390,0
DA:2391,0
DA:2392,0
DA:2393,0
DA:2397,0
DA:2400,4
DA:2403,0
DA:2404,0
DA:2405,0
DA:2406,0
DA:2407,0
DA:2409,0
DA:2411,0
DA:2412,0
DA:2413,0
DA:2414,0
DA:2415,0
DA:2418,0
DA:2419,0
DA:2420,0
DA:2421,0
DA:2434,4
DA:2435,0
DA:2437,0
DA:2439,0
DA:2440,0
DA:2441,0
DA:2442,0
DA:2443,0
DA:2444,0
DA:2445,0
DA:2446,0
DA:2449,0
DA:2450,0
DA:2451,0
DA:2452,0
DA:2453,0
DA:2454,0
DA:2458,0
DA:2459,0
DA:2460,0
DA:2461,0
DA:2462,0
DA:2463,0
DA:2464,0
DA:2468,0
DA:2474,4
DA:2475,0
DA:2478,0
DA:2479,0
DA:2480,0
DA:2481,0
DA:2482,0
DA:2484,0
DA:2485,0
DA:2486,0
DA:2487,0
DA:2488,0
DA:2489,0
DA:2490,0
DA:2491,0
DA:2493,0
DA:2494,0
DA:2495,0
DA:2496,0
DA:2497,0
DA:2500,0
DA:2501,0
DA:2502,0
DA:2503,0
DA:2504,0
DA:2505,0
DA:2506,0
DA:2509,0
DA:2510,0
DA:2511,0
DA:2513,0
DA:2514,0
DA:2515,0
DA:2516,0
DA:2517,0
DA:2518,0
DA:2521,0
DA:2531,4
DA:2532,0
DA:2533,0
DA:2534,0
DA:2535,0
DA:2536,0
DA:2537,0
DA:2538,0
DA:2539,0
DA:2541,0
DA:2542,0
DA:2544,0
DA:2555,0
DA:2556,0
DA:2557,0
DA:2558,0
DA:2559,0
DA:2562,4
DA:2563,0
DA:2565,0
DA:2566,0
DA:2567,0
DA:2568,0
DA:2570,0
DA:2571,0
DA:2573,0
DA:2580,0
DA:2590,4
DA:2592,0
DA:2593,0
DA:2594,0
DA:2596,0
DA:2597,0
DA:2598,0
DA:2600,0
DA:2601,0
DA:2602,0
DA:2603,0
DA:2604,0
DA:2606,0
DA:2607,0
DA:2609,0
DA:2610,0
DA:2611,0
DA:2614,0
DA:2615,0
DA:2617,0
DA:2618,0
DA:2619,0
DA:2620,0
DA:2622,0
DA:2625,0
DA:2626,0
DA:2627,0
DA:2630,0
DA:2631,0
DA:2632,0
DA:2633,0
DA:2634,0
DA:2635,0
DA:2642,0
DA:2643,0
DA:2644,0
DA:2645,0
DA:2648,0
DA:2652,0
DA:2662,0
DA:2664,0
DA:2667,0
DA:2674,0
DA:2678,4
DA:2679,0
DA:2680,0
DA:2681,0
DA:2682,0
DA:2684,0
DA:2686,0
DA:2687,0
DA:2689,0
DA:2690,0
DA:2692,0
DA:2693,0
DA:2696,0
DA:2698,0
DA:2699,0
DA:2700,0
DA:2701,0
DA:2702,0
DA:2704,0
DA:2706,0
DA:2709,0
DA:2710,0
DA:2711,0
DA:2712,0
DA:2713,0
DA:2714,0
DA:2716,0
DA:2719,4
LF:1665
LH:159
BRDA:12,0,0,1
BRDA:12,0,1,0
BRDA:24,1,0,0
BRDA:24,1,1,0
BRDA:36,2,0,0
BRDA:36,2,1,0
BRDA:48,3,0,0
BRDA:48,3,1,0
BRDA:58,4,0,0
BRDA:58,4,1,0
BRDA:58,5,0,0
BRDA:58,5,1,0
BRDA:58,5,2,0
BRDA:72,6,0,0
BRDA:72,6,1,0
BRDA:72,7,0,0
BRDA:72,7,1,0
BRDA:72,7,2,0
BRDA:86,8,0,0
BRDA:86,8,1,0
BRDA:86,9,0,0
BRDA:86,9,1,0
BRDA:86,9,2,0
BRDA:100,10,0,0
BRDA:100,10,1,0
BRDA:100,11,0,0
BRDA:100,11,1,0
BRDA:100,11,2,0
BRDA:114,12,0,0
BRDA:114,12,1,0
BRDA:114,13,0,0
BRDA:114,13,1,0
BRDA:114,13,2,0
BRDA:128,14,0,0
BRDA:128,14,1,0
BRDA:128,15,0,0
BRDA:128,15,1,0
BRDA:128,15,2,0
BRDA:142,16,0,0
BRDA:142,16,1,0
BRDA:142,17,0,0
BRDA:142,17,1,0
BRDA:142,17,2,0
BRDA:156,18,0,0
BRDA:156,18,1,0
BRDA:156,19,0,0
BRDA:156,19,1,0
BRDA:156,19,2,0
BRDA:170,20,0,0
BRDA:170,20,1,0
BRDA:170,21,0,0
BRDA:170,21,1,0
BRDA:170,21,2,0
BRDA:184,22,0,0
BRDA:184,22,1,0
BRDA:184,23,0,0
BRDA:184,23,1,0
BRDA:184,23,2,0
BRDA:198,24,0,0
BRDA:198,24,1,0
BRDA:198,25,0,0
BRDA:198,25,1,0
BRDA:198,25,2,0
BRDA:212,26,0,0
BRDA:212,26,1,0
BRDA:212,27,0,0
BRDA:212,27,1,0
BRDA:212,27,2,0
BRDA:226,28,0,0
BRDA:226,28,1,0
BRDA:226,29,0,0
BRDA:226,29,1,0
BRDA:226,29,2,0
BRDA:240,30,0,0
BRDA:240,30,1,0
BRDA:240,31,0,0
BRDA:240,31,1,0
BRDA:240,31,2,0
BRDA:254,32,0,0
BRDA:254,32,1,0
BRDA:254,33,0,0
BRDA:254,33,1,0
BRDA:254,33,2,0
BRDA:269,34,0,0
BRDA:269,34,1,0
BRDA:269,35,0,0
BRDA:269,35,1,0
BRDA:269,35,2,0
BRDA:283,36,0,0
BRDA:283,36,1,0
BRDA:283,37,0,0
BRDA:283,37,1,0
BRDA:283,37,2,0
BRDA:297,38,0,0
BRDA:297,38,1,0
BRDA:297,39,0,0
BRDA:297,39,1,0
BRDA:297,39,2,0
BRDA:311,40,0,0
BRDA:311,40,1,0
BRDA:311,41,0,0
BRDA:311,41,1,0
BRDA:311,41,2,0
BRDA:325,42,0,0
BRDA:325,42,1,0
BRDA:325,43,0,0
BRDA:325,43,1,0
BRDA:325,43,2,0
BRDA:339,44,0,0
BRDA:339,44,1,0
BRDA:339,45,0,0
BRDA:339,45,1,0
BRDA:339,45,2,0
BRDA:353,46,0,0
BRDA:353,46,1,0
BRDA:353,47,0,0
BRDA:353,47,1,0
BRDA:353,47,2,0
BRDA:367,48,0,0
BRDA:367,48,1,0
BRDA:367,49,0,0
BRDA:367,49,1,0
BRDA:367,49,2,0
BRDA:381,50,0,0
BRDA:381,50,1,0
BRDA:381,51,0,0
BRDA:381,51,1,0
BRDA:381,51,2,0
BRDA:395,52,0,0
BRDA:395,52,1,0
BRDA:395,53,0,0
BRDA:395,53,1,0
BRDA:395,53,2,0
BRDA:409,54,0,0
BRDA:409,54,1,0
BRDA:409,55,0,0
BRDA:409,55,1,0
BRDA:409,55,2,0
BRDA:423,56,0,0
BRDA:423,56,1,0
BRDA:423,57,0,0
BRDA:423,57,1,0
BRDA:423,57,2,0
BRDA:437,58,0,0
BRDA:437,58,1,0
BRDA:437,59,0,0
BRDA:437,59,1,0
BRDA:437,59,2,0
BRDA:452,60,0,0
BRDA:452,60,1,0
BRDA:452,61,0,0
BRDA:452,61,1,0
BRDA:452,61,2,0
BRDA:466,62,0,0
BRDA:466,62,1,0
BRDA:466,63,0,0
BRDA:466,63,1,0
BRDA:466,63,2,0
BRDA:480,64,0,0
BRDA:480,64,1,0
BRDA:480,65,0,0
BRDA:480,65,1,0
BRDA:480,65,2,0
BRDA:495,66,0,0
BRDA:495,66,1,0
BRDA:495,67,0,0
BRDA:495,67,1,0
BRDA:495,67,2,0
BRDA:504,68,0,0
BRDA:504,68,1,0
BRDA:516,69,0,0
BRDA:516,69,1,0
BRDA:516,70,0,0
BRDA:516,70,1,0
BRDA:516,70,2,0
BRDA:525,71,0,0
BRDA:525,71,1,0
BRDA:537,72,0,0
BRDA:537,72,1,0
BRDA:537,73,0,0
BRDA:537,73,1,0
BRDA:537,73,2,0
BRDA:546,74,0,0
BRDA:546,74,1,0
BRDA:558,75,0,0
BRDA:558,75,1,0
BRDA:558,76,0,0
BRDA:558,76,1,0
BRDA:558,76,2,0
BRDA:567,77,0,0
BRDA:567,77,1,0
BRDA:579,78,0,0
BRDA:579,78,1,0
BRDA:579,79,0,0
BRDA:579,79,1,0
BRDA:579,79,2,0
BRDA:588,80,0,0
BRDA:588,80,1,0
BRDA:600,81,0,0
BRDA:600,81,1,0
BRDA:600,82,0,0
BRDA:600,82,1,0
BRDA:600,82,2,0
BRDA:609,83,0,0
BRDA:609,83,1,0
BRDA:621,84,0,0
BRDA:621,84,1,0
BRDA:621,85,0,0
BRDA:621,85,1,0
BRDA:621,85,2,0
BRDA:630,86,0,0
BRDA:630,86,1,0
BRDA:642,87,0,0
BRDA:642,87,1,0
BRDA:642,88,0,0
BRDA:642,88,1,0
BRDA:642,88,2,0
BRDA:651,89,0,0
BRDA:651,89,1,0
BRDA:662,90,0,0
BRDA:662,90,1,0
BRDA:662,91,0,0
BRDA:662,91,1,0
BRDA:662,91,2,0
BRDA:676,92,0,0
BRDA:676,92,1,0
BRDA:676,93,0,0
BRDA:676,93,1,0
BRDA:676,93,2,0
BRDA:690,94,0,0
BRDA:690,94,1,0
BRDA:690,95,0,0
BRDA:690,95,1,0
BRDA:690,95,2,0
BRDA:694,96,0,0
BRDA:694,96,1,0
BRDA:694,97,0,0
BRDA:694,97,1,0
BRDA:701,98,0,0
BRDA:701,98,1,0
BRDA:713,99,0,0
BRDA:713,99,1,0
BRDA:713,100,0,0
BRDA:713,100,1,0
BRDA:713,100,2,0
BRDA:727,101,0,0
BRDA:727,101,1,0
BRDA:727,102,0,0
BRDA:727,102,1,0
BRDA:727,102,2,0
BRDA:742,103,0,0
BRDA:742,103,1,0
BRDA:742,104,0,0
BRDA:742,104,1,0
BRDA:742,104,2,0
BRDA:756,105,0,0
BRDA:756,105,1,0
BRDA:756,106,0,0
BRDA:756,106,1,0
BRDA:756,106,2,0
BRDA:770,107,0,0
BRDA:770,107,1,0
BRDA:770,108,0,0
BRDA:770,108,1,0
BRDA:770,108,2,0
BRDA:784,109,0,0
BRDA:784,109,1,0
BRDA:784,110,0,0
BRDA:784,110,1,0
BRDA:784,110,2,0
BRDA:788,111,0,0
BRDA:788,111,1,0
BRDA:793,112,0,0
BRDA:793,112,1,0
BRDA:810,113,0,0
BRDA:810,113,1,0
BRDA:810,114,0,0
BRDA:810,114,1,0
BRDA:828,115,0,0
BRDA:828,115,1,0
BRDA:828,116,0,0
BRDA:828,116,1,0
BRDA:828,116,2,0
BRDA:835,117,0,0
BRDA:835,117,1,0
BRDA:850,118,0,0
BRDA:850,118,1,0
BRDA:850,119,0,0
BRDA:850,119,1,0
BRDA:851,120,0,0
BRDA:851,120,1,0
BRDA:851,121,0,0
BRDA:851,121,1,0
BRDA:868,122,0,0
BRDA:868,122,1,0
BRDA:868,123,0,0
BRDA:868,123,1,0
BRDA:868,123,2,0
BRDA:884,124,0,0
BRDA:884,124,1,0
BRDA:884,125,0,0
BRDA:884,125,1,0
BRDA:884,125,2,0
BRDA:893,126,0,0
BRDA:893,126,1,0
BRDA:904,127,0,0
BRDA:904,127,1,0
BRDA:904,128,0,0
BRDA:904,128,1,0
BRDA:904,128,2,0
BRDA:919,129,0,0
BRDA:919,129,1,0
BRDA:919,130,0,0
BRDA:919,130,1,0
BRDA:919,130,2,0
BRDA:931,131,0,0
BRDA:931,131,1,0
BRDA:943,132,0,0
BRDA:943,132,1,0
BRDA:943,133,0,0
BRDA:943,133,1,0
BRDA:943,133,2,0
BRDA:957,134,0,0
BRDA:957,134,1,0
BRDA:957,135,0,0
BRDA:957,135,1,0
BRDA:957,135,2,0
BRDA:971,136,0,0
BRDA:971,136,1,0
BRDA:971,137,0,0
BRDA:971,137,1,0
BRDA:971,137,2,0
BRDA:977,138,0,0
BRDA:977,138,1,0
BRDA:977,139,0,0
BRDA:977,139,1,0
BRDA:979,140,0,0
BRDA:979,140,1,0
BRDA:980,141,0,0
BRDA:980,141,1,0
BRDA:982,142,0,0
BRDA:982,142,1,0
BRDA:983,143,0,0
BRDA:983,143,1,0
BRDA:985,144,0,0
BRDA:985,144,1,0
BRDA:987,145,0,0
BRDA:987,145,1,0
BRDA:989,146,0,0
BRDA:989,146,1,0
BRDA:1008,147,0,0
BRDA:1008,147,1,0
BRDA:1008,148,0,0
BRDA:1008,148,1,0
BRDA:1008,148,2,0
BRDA:1012,149,0,0
BRDA:1012,149,1,0
BRDA:1013,150,0,0
BRDA:1013,150,1,0
BRDA:1024,151,0,0
BRDA:1024,151,1,0
BRDA:1024,152,0,0
BRDA:1024,152,1,0
BRDA:1024,152,2,0
BRDA:1034,153,0,0
BRDA:1034,153,1,0
BRDA:1045,154,0,0
BRDA:1045,154,1,0
BRDA:1045,155,0,0
BRDA:1045,155,1,0
BRDA:1045,155,2,0
BRDA:1060,156,0,0
BRDA:1060,156,1,0
BRDA:1060,157,0,0
BRDA:1060,157,1,0
BRDA:1060,157,2,0
BRDA:1075,158,0,0
BRDA:1075,158,1,0
BRDA:1084,159,0,0
BRDA:1084,159,1,0
BRDA:1084,160,0,0
BRDA:1084,160,1,0
BRDA:1084,160,2,0
BRDA:1098,161,0,0
BRDA:1098,161,1,0
BRDA:1098,162,0,0
BRDA:1098,162,1,0
BRDA:1098,162,2,0
BRDA:1116,163,0,0
BRDA:1116,163,1,0
BRDA:1116,164,0,0
BRDA:1116,164,1,0
BRDA:1116,164,2,0
BRDA:1133,165,0,0
BRDA:1133,165,1,0
BRDA:1134,166,0,0
BRDA:1134,166,1,0
BRDA:1136,167,0,0
BRDA:1136,167,1,0
BRDA:1136,168,0,0
BRDA:1136,168,1,0
BRDA:1136,168,2,0
BRDA:1140,169,0,0
BRDA:1140,169,1,0
BRDA:1141,170,0,0
BRDA:1141,170,1,0
BRDA:1143,171,0,0
BRDA:1143,171,1,0
BRDA:1143,172,0,0
BRDA:1143,172,1,0
BRDA:1146,173,0,0
BRDA:1146,173,1,0
BRDA:1156,174,0,0
BRDA:1156,174,1,0
BRDA:1172,175,0,0
BRDA:1172,175,1,0
BRDA:1173,176,0,0
BRDA:1173,176,1,0
BRDA:1175,177,0,0
BRDA:1175,177,1,0
BRDA:1175,178,0,0
BRDA:1175,178,1,0
BRDA:1181,179,0,0
BRDA:1181,179,1,0
BRDA:1181,180,0,0
BRDA:1181,180,1,0
BRDA:1181,180,2,0
BRDA:1181,180,3,0
BRDA:1183,181,0,0
BRDA:1183,181,1,0
BRDA:1187,182,0,0
BRDA:1187,182,1,0
BRDA:1188,183,0,0
BRDA:1188,183,1,0
BRDA:1193,184,0,0
BRDA:1193,184,1,0
BRDA:1193,185,0,0
BRDA:1193,185,1,0
BRDA:1193,185,2,0
BRDA:1193,185,3,0
BRDA:1193,185,4,0
BRDA:1197,186,0,0
BRDA:1197,186,1,0
BRDA:1201,187,0,0
BRDA:1201,187,1,0
BRDA:1208,188,0,0
BRDA:1208,188,1,0
BRDA:1208,189,0,0
BRDA:1208,189,1,0
BRDA:1214,190,0,0
BRDA:1214,190,1,0
BRDA:1216,191,0,0
BRDA:1216,191,1,0
BRDA:1216,192,0,0
BRDA:1216,192,1,0
BRDA:1221,193,0,0
BRDA:1221,193,1,0
BRDA:1241,194,0,0
BRDA:1241,194,1,0
BRDA:1241,195,0,0
BRDA:1241,195,1,0
BRDA:1246,196,0,0
BRDA:1246,196,1,0
BRDA:1247,197,0,0
BRDA:1247,197,1,0
BRDA:1248,198,0,0
BRDA:1248,198,1,0
BRDA:1271,199,0,0
BRDA:1271,199,1,0
BRDA:1272,200,0,0
BRDA:1272,200,1,0
BRDA:1274,201,0,0
BRDA:1274,201,1,0
BRDA:1274,202,0,0
BRDA:1274,202,1,0
BRDA:1280,203,0,0
BRDA:1280,203,1,0
BRDA:1280,204,0,0
BRDA:1280,204,1,0
BRDA:1280,204,2,0
BRDA:1280,204,3,0
BRDA:1282,205,0,0
BRDA:1282,205,1,0
BRDA:1286,206,0,0
BRDA:1286,206,1,0
BRDA:1287,207,0,0
BRDA:1287,207,1,0
BRDA:1292,208,0,0
BRDA:1292,208,1,0
BRDA:1292,209,0,0
BRDA:1292,209,1,0
BRDA:1292,209,2,0
BRDA:1292,209,3,0
BRDA:1292,209,4,0
BRDA:1296,210,0,0
BRDA:1296,210,1,0
BRDA:1300,211,0,0
BRDA:1300,211,1,0
BRDA:1307,212,0,0
BRDA:1307,212,1,0
BRDA:1307,213,0,0
BRDA:1307,213,1,0
BRDA:1313,214,0,0
BRDA:1313,214,1,0
BRDA:1315,215,0,0
BRDA:1315,215,1,0
BRDA:1315,216,0,0
BRDA:1315,216,1,0
BRDA:1320,217,0,0
BRDA:1320,217,1,0
BRDA:1340,218,0,0
BRDA:1340,218,1,0
BRDA:1340,219,0,0
BRDA:1340,219,1,0
BRDA:1345,220,0,0
BRDA:1345,220,1,0
BRDA:1346,221,0,0
BRDA:1346,221,1,0
BRDA:1347,222,0,0
BRDA:1347,222,1,0
BRDA:1375,223,0,0
BRDA:1375,223,1,0
BRDA:1376,224,0,0
BRDA:1376,224,1,0
BRDA:1378,225,0,0
BRDA:1378,225,1,0
BRDA:1378,226,0,0
BRDA:1378,226,1,0
BRDA:1384,227,0,0
BRDA:1384,227,1,0
BRDA:1384,228,0,0
BRDA:1384,228,1,0
BRDA:1384,228,2,0
BRDA:1384,228,3,0
BRDA:1386,229,0,0
BRDA:1386,229,1,0
BRDA:1390,230,0,0
BRDA:1390,230,1,0
BRDA:1391,231,0,0
BRDA:1391,231,1,0
BRDA:1396,232,0,0
BRDA:1396,232,1,0
BRDA:1396,233,0,0
BRDA:1396,233,1,0
BRDA:1396,233,2,0
BRDA:1396,233,3,0
BRDA:1396,233,4,0
BRDA:1400,234,0,0
BRDA:1400,234,1,0
BRDA:1404,235,0,0
BRDA:1404,235,1,0
BRDA:1411,236,0,0
BRDA:1411,236,1,0
BRDA:1411,237,0,0
BRDA:1411,237,1,0
BRDA:1417,238,0,0
BRDA:1417,238,1,0
BRDA:1419,239,0,0
BRDA:1419,239,1,0
BRDA:1419,240,0,0
BRDA:1419,240,1,0
BRDA:1424,241,0,0
BRDA:1424,241,1,0
BRDA:1444,242,0,0
BRDA:1444,242,1,0
BRDA:1444,243,0,0
BRDA:1444,243,1,0
BRDA:1449,244,0,0
BRDA:1449,244,1,0
BRDA:1450,245,0,0
BRDA:1450,245,1,0
BRDA:1451,246,0,0
BRDA:1451,246,1,0
BRDA:1473,247,0,0
BRDA:1473,247,1,0
BRDA:1474,248,0,0
BRDA:1474,248,1,0
BRDA:1475,249,0,0
BRDA:1475,249,1,0
BRDA:1476,250,0,0
BRDA:1476,250,1,0
BRDA:1479,251,0,0
BRDA:1479,251,1,0
BRDA:1483,252,0,0
BRDA:1483,252,1,0
BRDA:1488,253,0,0
BRDA:1488,253,1,0
BRDA:1504,254,0,0
BRDA:1504,254,1,0
BRDA:1505,255,0,0
BRDA:1505,255,1,0
BRDA:1506,256,0,0
BRDA:1506,256,1,0
BRDA:1508,257,0,0
BRDA:1508,257,1,0
BRDA:1512,258,0,0
BRDA:1512,258,1,0
BRDA:1513,259,0,0
BRDA:1513,259,1,0
BRDA:1514,260,0,0
BRDA:1514,260,1,0
BRDA:1515,261,0,0
BRDA:1515,261,1,0
BRDA:1517,262,0,0
BRDA:1517,262,1,0
BRDA:1533,263,0,0
BRDA:1533,263,1,0
BRDA:1533,264,0,0
BRDA:1533,264,1,0
BRDA:1533,264,2,0
BRDA:1550,265,0,0
BRDA:1550,265,1,0
BRDA:1550,266,0,0
BRDA:1550,266,1,0
BRDA:1557,267,0,0
BRDA:1557,267,1,0
BRDA:1558,268,0,0
BRDA:1558,268,1,0
BRDA:1565,269,0,0
BRDA:1565,269,1,0
BRDA:1566,270,0,0
BRDA:1566,270,1,0
BRDA:1567,271,0,0
BRDA:1567,271,1,0
BRDA:1586,272,0,0
BRDA:1586,272,1,0
BRDA:1589,273,0,0
BRDA:1589,273,1,0
BRDA:1589,274,0,0
BRDA:1589,274,1,0
BRDA:1590,275,0,0
BRDA:1590,275,1,0
BRDA:1590,276,0,0
BRDA:1590,276,1,0
BRDA:1626,277,0,0
BRDA:1626,277,1,0
BRDA:1639,278,0,0
BRDA:1639,278,1,0
BRDA:1646,279,0,0
BRDA:1646,279,1,0
BRDA:1647,280,0,0
BRDA:1647,280,1,0
BRDA:1648,281,0,0
BRDA:1648,281,1,0
BRDA:1649,282,0,0
BRDA:1649,282,1,0
BRDA:1651,283,0,0
BRDA:1651,283,1,0
BRDA:1652,284,0,0
BRDA:1652,284,1,0
BRDA:1653,285,0,0
BRDA:1653,285,1,0
BRDA:1663,286,0,0
BRDA:1663,286,1,0
BRDA:1666,287,0,0
BRDA:1666,287,1,0
BRDA:1666,288,0,0
BRDA:1666,288,1,0
BRDA:1670,289,0,0
BRDA:1670,289,1,0
BRDA:1672,290,0,0
BRDA:1672,290,1,0
BRDA:1673,291,0,0
BRDA:1673,291,1,0
BRDA:1674,292,0,0
BRDA:1674,292,1,0
BRDA:1712,293,0,0
BRDA:1712,293,1,0
BRDA:1712,294,0,0
BRDA:1712,294,1,0
BRDA:1712,294,2,0
BRDA:1715,295,0,0
BRDA:1715,295,1,0
BRDA:1717,296,0,0
BRDA:1717,296,1,0
BRDA:1729,297,0,0
BRDA:1729,297,1,0
BRDA:1729,298,0,0
BRDA:1729,298,1,0
BRDA:1729,298,2,0
BRDA:1735,299,0,0
BRDA:1735,299,1,0
BRDA:1746,300,0,0
BRDA:1746,300,1,0
BRDA:1746,301,0,0
BRDA:1746,301,1,0
BRDA:1746,301,2,0
BRDA:1752,302,0,0
BRDA:1752,302,1,0
BRDA:1772,303,0,0
BRDA:1772,303,1,0
BRDA:1773,304,0,0
BRDA:1773,304,1,0
BRDA:1774,305,0,0
BRDA:1774,305,1,0
BRDA:1774,306,0,0
BRDA:1774,306,1,0
BRDA:1784,307,0,0
BRDA:1784,307,1,0
BRDA:1785,308,0,0
BRDA:1785,308,1,0
BRDA:1785,309,0,0
BRDA:1785,309,1,0
BRDA:1787,310,0,0
BRDA:1787,310,1,0
BRDA:1791,311,0,0
BRDA:1791,311,1,0
BRDA:1800,312,0,0
BRDA:1800,312,1,0
BRDA:1800,313,0,0
BRDA:1800,313,1,0
BRDA:1802,314,0,0
BRDA:1802,314,1,0
BRDA:1803,315,0,0
BRDA:1803,315,1,0
BRDA:1804,316,0,0
BRDA:1804,316,1,0
BRDA:1804,317,0,0
BRDA:1804,317,1,0
BRDA:1813,318,0,0
BRDA:1813,318,1,0
BRDA:1826,319,0,0
BRDA:1826,319,1,0
BRDA:1826,320,0,0
BRDA:1826,320,1,0
BRDA:1826,320,2,0
BRDA:1840,321,0,0
BRDA:1840,321,1,0
BRDA:1840,322,0,0
BRDA:1840,322,1,0
BRDA:1844,323,0,0
BRDA:1844,323,1,0
BRDA:1844,323,2,0
BRDA:1845,324,0,0
BRDA:1845,324,1,0
BRDA:1845,324,2,0
BRDA:1846,325,0,0
BRDA:1846,325,1,0
BRDA:1852,326,0,0
BRDA:1852,326,1,0
BRDA:1852,327,0,0
BRDA:1852,327,1,0
BRDA:1861,328,0,0
BRDA:1861,328,1,0
BRDA:1862,329,0,0
BRDA:1862,329,1,0
BRDA:1863,330,0,0
BRDA:1863,330,1,0
BRDA:1895,331,0,0
BRDA:1895,331,1,0
BRDA:1895,332,0,0
BRDA:1895,332,1,0
BRDA:1900,333,0,0
BRDA:1900,333,1,0
BRDA:1900,334,0,0
BRDA:1900,334,1,0
BRDA:1900,334,2,0
BRDA:1901,335,0,0
BRDA:1901,335,1,0
BRDA:1901,335,2,0
BRDA:1903,336,0,0
BRDA:1903,336,1,0
BRDA:1904,337,0,0
BRDA:1904,337,1,0
BRDA:1905,338,0,0
BRDA:1905,338,1,0
BRDA:1941,339,0,0
BRDA:1941,339,1,0
BRDA:1949,340,0,0
BRDA:1949,340,1,0
BRDA:1955,341,0,0
BRDA:1955,341,1,0
BRDA:1959,342,0,0
BRDA:1959,342,1,0
BRDA:1959,343,0,0
BRDA:1959,343,1,0
BRDA:1963,344,0,0
BRDA:1963,344,1,0
BRDA:1988,345,0,0
BRDA:1988,345,1,0
BRDA:1989,346,0,0
BRDA:1989,346,1,0
BRDA:1990,347,0,0
BRDA:1990,347,1,0
BRDA:1991,348,0,0
BRDA:1991,348,1,0
BRDA:1992,349,0,0
BRDA:1992,349,1,0
BRDA:1992,350,0,0
BRDA:1992,350,1,0
BRDA:1994,351,0,0
BRDA:1994,351,1,0
BRDA:1995,352,0,0
BRDA:1995,352,1,0
BRDA:1997,353,0,0
BRDA:1997,353,1,0
BRDA:1997,354,0,0
BRDA:1997,354,1,0
BRDA:1997,354,2,0
BRDA:1998,355,0,0
BRDA:1998,355,1,0
BRDA:1999,356,0,0
BRDA:1999,356,1,0
BRDA:2000,357,0,0
BRDA:2000,357,1,0
BRDA:2001,358,0,0
BRDA:2001,358,1,0
BRDA:2020,359,0,0
BRDA:2020,359,1,0
BRDA:2021,360,0,0
BRDA:2021,360,1,0
BRDA:2052,361,0,0
BRDA:2052,361,1,0
BRDA:2060,362,0,0
BRDA:2060,362,1,0
BRDA:2082,363,0,0
BRDA:2082,363,1,0
BRDA:2084,364,0,0
BRDA:2084,364,1,0
BRDA:2085,365,0,0
BRDA:2085,365,1,0
BRDA:2086,366,0,0
BRDA:2086,366,1,0
BRDA:2086,367,0,0
BRDA:2086,367,1,0
BRDA:2086,367,2,0
BRDA:2086,367,3,0
BRDA:2088,368,0,0
BRDA:2088,368,1,0
BRDA:2102,369,0,0
BRDA:2102,369,1,0
BRDA:2103,370,0,0
BRDA:2103,370,1,0
BRDA:2104,371,0,0
BRDA:2104,371,1,0
BRDA:2105,372,0,0
BRDA:2105,372,1,0
BRDA:2106,373,0,0
BRDA:2106,373,1,0
BRDA:2107,374,0,0
BRDA:2107,374,1,0
BRDA:2122,375,0,0
BRDA:2122,375,1,0
BRDA:2141,376,0,0
BRDA:2141,376,1,0
BRDA:2142,377,0,0
BRDA:2142,377,1,0
BRDA:2143,378,0,0
BRDA:2143,378,1,0
BRDA:2151,379,0,0
BRDA:2151,379,1,0
BRDA:2152,380,0,0
BRDA:2152,380,1,0
BRDA:2153,381,0,0
BRDA:2153,381,1,0
BRDA:2153,382,0,0
BRDA:2153,382,1,0
BRDA:2155,383,0,0
BRDA:2155,383,1,0
BRDA:2156,384,0,0
BRDA:2156,384,1,0
BRDA:2165,385,0,0
BRDA:2165,385,1,0
BRDA:2168,386,0,0
BRDA:2168,386,1,0
BRDA:2183,387,0,0
BRDA:2183,387,1,0
BRDA:2183,388,0,0
BRDA:2183,388,1,0
BRDA:2184,389,0,0
BRDA:2184,389,1,0
BRDA:2187,390,0,0
BRDA:2187,390,1,0
BRDA:2188,391,0,0
BRDA:2188,391,1,0
BRDA:2189,392,0,0
BRDA:2189,392,1,0
BRDA:2189,393,0,0
BRDA:2189,393,1,0
BRDA:2196,394,0,0
BRDA:2196,394,1,0
BRDA:2231,395,0,0
BRDA:2231,395,1,0
BRDA:2232,396,0,0
BRDA:2232,396,1,0
BRDA:2233,397,0,0
BRDA:2233,397,1,0
BRDA:2241,398,0,0
BRDA:2241,398,1,0
BRDA:2242,399,0,0
BRDA:2242,399,1,0
BRDA:2243,400,0,0
BRDA:2243,400,1,0
BRDA:2243,401,0,0
BRDA:2243,401,1,0
BRDA:2246,402,0,0
BRDA:2246,402,1,0
BRDA:2246,403,0,0
BRDA:2246,403,1,0
BRDA:2247,404,0,0
BRDA:2247,404,1,0
BRDA:2262,405,0,0
BRDA:2262,405,1,0
BRDA:2263,406,0,0
BRDA:2263,406,1,0
BRDA:2272,407,0,0
BRDA:2272,407,1,0
BRDA:2273,408,0,0
BRDA:2273,408,1,0
BRDA:2274,409,0,0
BRDA:2274,409,1,0
BRDA:2274,410,0,0
BRDA:2274,410,1,0
BRDA:2275,411,0,0
BRDA:2275,411,1,0
BRDA:2295,412,0,0
BRDA:2295,412,1,0
BRDA:2305,413,0,0
BRDA:2305,413,1,0
BRDA:2305,414,0,0
BRDA:2305,414,1,0
BRDA:2305,414,2,0
BRDA:2332,415,0,0
BRDA:2332,415,1,0
BRDA:2333,416,0,0
BRDA:2333,416,1,0
BRDA:2333,417,0,0
BRDA:2333,417,1,0
BRDA:2336,418,0,0
BRDA:2336,418,1,0
BRDA:2338,419,0,0
BRDA:2338,419,1,0
BRDA:2349,420,0,0
BRDA:2349,420,1,0
BRDA:2358,421,0,0
BRDA:2358,421,1,0
BRDA:2362,422,0,0
BRDA:2362,422,1,0
BRDA:2375,423,0,0
BRDA:2375,423,1,0
BRDA:2391,424,0,0
BRDA:2391,424,1,0
BRDA:2393,425,0,0
BRDA:2393,425,1,0
BRDA:2404,426,0,0
BRDA:2404,426,1,0
BRDA:2405,427,0,0
BRDA:2405,427,1,0
BRDA:2406,428,0,0
BRDA:2406,428,1,0
BRDA:2407,429,0,0
BRDA:2407,429,1,0
BRDA:2413,430,0,0
BRDA:2413,430,1,0
BRDA:2413,431,0,0
BRDA:2413,431,1,0
BRDA:2414,432,0,0
BRDA:2414,432,1,0
BRDA:2441,433,0,0
BRDA:2441,433,1,0
BRDA:2442,434,0,0
BRDA:2442,434,1,0
BRDA:2442,435,0,0
BRDA:2442,435,1,0
BRDA:2442,436,0,0
BRDA:2442,436,1,0
BRDA:2442,437,0,0
BRDA:2442,437,1,0
BRDA:2443,438,0,0
BRDA:2443,438,1,0
BRDA:2444,439,0,0
BRDA:2444,439,1,0
BRDA:2445,440,0,0
BRDA:2445,440,1,0
BRDA:2451,441,0,0
BRDA:2451,441,1,0
BRDA:2452,442,0,0
BRDA:2452,442,1,0
BRDA:2452,443,0,0
BRDA:2452,443,1,0
BRDA:2461,444,0,0
BRDA:2461,444,1,0
BRDA:2461,445,0,0
BRDA:2461,445,1,0
BRDA:2462,446,0,0
BRDA:2462,446,1,0
BRDA:2462,447,0,0
BRDA:2462,447,1,0
BRDA:2462,447,2,0
BRDA:2479,448,0,0
BRDA:2479,448,1,0
BRDA:2480,449,0,0
BRDA:2480,449,1,0
BRDA:2481,450,0,0
BRDA:2481,450,1,0
BRDA:2487,451,0,0
BRDA:2487,451,1,0
BRDA:2488,452,0,0
BRDA:2488,452,1,0
BRDA:2491,453,0,0
BRDA:2491,453,1,0
BRDA:2493,454,0,0
BRDA:2493,454,1,0
BRDA:2493,455,0,0
BRDA:2493,455,1,0
BRDA:2494,456,0,0
BRDA:2494,456,1,0
BRDA:2502,457,0,0
BRDA:2502,457,1,0
BRDA:2503,458,0,0
BRDA:2503,458,1,0
BRDA:2504,459,0,0
BRDA:2504,459,1,0
BRDA:2505,460,0,0
BRDA:2505,460,1,0
BRDA:2506,461,0,0
BRDA:2506,461,1,0
BRDA:2514,462,0,0
BRDA:2514,462,1,0
BRDA:2517,463,0,0
BRDA:2517,463,1,0
BRDA:2517,464,0,0
BRDA:2517,464,1,0
BRDA:2517,464,2,0
BRDA:2517,464,3,0
BRDA:2518,465,0,0
BRDA:2518,465,1,0
BRDA:2535,466,0,0
BRDA:2535,466,1,0
BRDA:2536,467,0,0
BRDA:2536,467,1,0
BRDA:2537,468,0,0
BRDA:2537,468,1,0
BRDA:2538,469,0,0
BRDA:2538,469,1,0
BRDA:2566,470,0,0
BRDA:2566,470,1,0
BRDA:2567,471,0,0
BRDA:2567,471,1,0
BRDA:2568,472,0,0
BRDA:2568,472,1,0
BRDA:2570,473,0,0
BRDA:2570,473,1,0
BRDA:2593,474,0,0
BRDA:2593,474,1,0
BRDA:2593,475,0,0
BRDA:2593,475,1,0
BRDA:2593,475,2,0
BRDA:2593,475,3,0
BRDA:2602,476,0,0
BRDA:2602,476,1,0
BRDA:2604,477,0,0
BRDA:2604,477,1,0
BRDA:2607,478,0,0
BRDA:2607,478,1,0
BRDA:2610,479,0,0
BRDA:2610,479,1,0
BRDA:2614,480,0,0
BRDA:2614,480,1,0
BRDA:2614,481,0,0
BRDA:2614,481,1,0
BRDA:2614,481,2,0
BRDA:2617,482,0,0
BRDA:2617,482,1,0
BRDA:2619,483,0,0
BRDA:2619,483,1,0
BRDA:2620,484,0,0
BRDA:2620,484,1,0
BRDA:2620,485,0,0
BRDA:2620,485,1,0
BRDA:2622,486,0,0
BRDA:2622,486,1,0
BRDA:2638,487,0,0
BRDA:2638,487,1,0
BRDA:2642,488,0,0
BRDA:2642,488,1,0
BRDA:2643,489,0,0
BRDA:2643,489,1,0
BRDA:2644,490,0,0
BRDA:2644,490,1,0
BRDA:2654,491,0,0
BRDA:2654,491,1,0
BRDA:2656,492,0,0
BRDA:2656,492,1,0
BRDA:2657,493,0,0
BRDA:2657,493,1,0
BRDA:2680,494,0,0
BRDA:2680,494,1,0
BRDA:2684,495,0,0
BRDA:2684,495,1,0
BRDA:2686,496,0,0
BRDA:2686,496,1,0
BRDA:2689,497,0,0
BRDA:2689,497,1,0
BRDA:2692,498,0,0
BRDA:2692,498,1,0
BRDA:2704,499,0,0
BRDA:2704,499,1,0
BRDA:2704,499,2,0
BRDA:2704,500,0,0
BRDA:2704,500,1,0
BRDA:2709,501,0,0
BRDA:2709,501,1,0
BRF:1103
BRH:1
end_of_record
TN:
SF:backend/routes/aiFollowup.js
FN:7,(anonymous_0)
FNF:1
FNH:0
FNDA:0,(anonymous_0)
DA:2,4
DA:3,4
DA:4,4
DA:5,4
DA:7,4
DA:8,0
DA:9,0
DA:10,0
DA:11,0
DA:12,0
DA:13,0
DA:14,0
DA:16,0
DA:17,0
DA:21,4
LF:15
LH:6
BRDA:9,0,0,0
BRDA:9,0,1,0
BRDA:9,0,2,0
BRDA:10,1,0,0
BRDA:10,1,1,0
BRDA:12,2,0,0
BRDA:12,2,1,0
BRDA:12,3,0,0
BRDA:12,3,1,0
BRF:9
BRH:0
end_of_record
TN:
SF:backend/routes/aiRoutes.js
FN:17,(anonymous_0)
FN:37,(anonymous_1)
FN:51,(anonymous_2)
FN:61,(anonymous_3)
FN:94,(anonymous_4)
FN:109,(anonymous_5)
FN:131,(anonymous_6)
FN:138,(anonymous_7)
FNF:8
FNH:4
FNDA:0,(anonymous_0)
FNDA:1,(anonymous_1)
FNDA:3,(anonymous_2)
FNDA:0,(anonymous_3)
FNDA:1,(anonymous_4)
FNDA:1,(anonymous_5)
FNDA:0,(anonymous_6)
FNDA:0,(anonymous_7)
DA:2,4
DA:4,4
DA:5,4
DA:6,4
DA:7,4
DA:9,4
DA:11,4
DA:14,4
DA:16,4
DA:17,0
DA:26,0
DA:27,0
DA:32,4
DA:33,4
DA:34,4
DA:37,4
DA:38,1
DA:39,1
DA:40,1
DA:41,1
DA:42,1
DA:45,1
DA:47,1
DA:50,1
DA:51,3
DA:54,1
DA:56,1
DA:58,1
DA:59,1
DA:60,1
DA:61,0
DA:62,0
DA:63,0
DA:66,0
DA:73,0
DA:74,0
DA:75,0
DA:77,0
DA:82,0
DA:83,0
DA:85,1
DA:86,1
DA:87,1
DA:89,1
DA:94,4
DA:95,1
DA:96,1
DA:99,1
DA:100,1
DA:102,0
DA:103,0
DA:104,0
DA:109,4
DA:110,1
DA:111,1
DA:112,1
DA:113,1
DA:118,1
DA:119,1
DA:120,1
DA:122,0
DA:123,0
DA:124,0
DA:128,4
DA:131,4
DA:132,0
DA:133,0
DA:136,0
DA:137,0
DA:138,0
DA:139,0
DA:140,0
DA:141,0
DA:143,0
DA:145,0
DA:149,4
LF:76
LH:47
BRDA:14,0,0,4
BRDA:14,0,1,0
BRDA:39,1,0,0
BRDA:39,1,1,1
BRDA:45,2,0,1
BRDA:45,2,1,0
BRDA:45,2,2,0
BRDA:50,3,0,1
BRDA:50,3,1,0
BRDA:61,4,0,0
BRDA:61,4,1,0
BRDA:74,5,0,0
BRDA:74,5,1,0
BRDA:111,6,0,0
BRDA:111,6,1,1
BRDA:111,7,0,1
BRDA:111,7,1,1
BRDA:118,8,0,0
BRDA:118,8,1,1
BRDA:136,9,0,0
BRDA:136,9,1,0
BRF:21
BRH:8
end_of_record
TN:
SF:backend/routes/aiSecurityAnalysisRoutes.js
FN:9,(anonymous_0)
FN:19,(anonymous_1)
FNF:2
FNH:0
FNDA:0,(anonymous_0)
FNDA:0,(anonymous_1)
DA:1,4
DA:2,4
DA:3,4
DA:4,4
DA:5,4
DA:6,4
DA:9,4
DA:10,0
DA:11,0
DA:12,0
DA:13,0
DA:16,0
DA:19,0
DA:22,0
DA:23,0
DA:24,0
DA:32,0
DA:33,0
DA:35,0
DA:39,4
LF:20
LH:8
BRF:0
BRH:0
end_of_record
TN:
SF:backend/routes/analyticsRoutes.js
FN:12,getMonthlyTrends
FN:28,(anonymous_1)
FN:58,(anonymous_2)
FN:79,(anonymous_3)
FN:103,(anonymous_4)
FN:117,(anonymous_5)
FN:131,(anonymous_6)
FN:136,(anonymous_7)
FN:148,(anonymous_8)
FN:159,(anonymous_9)
FN:162,(anonymous_10)
FN:166,(anonymous_11)
FN:166,(anonymous_12)
FN:168,(anonymous_13)
FN:172,(anonymous_14)
FN:173,(anonymous_15)
FN:174,(anonymous_16)
FN:178,(anonymous_17)
FN:181,(anonymous_18)
FN:182,(anonymous_19)
FNF:20
FNH:0
FNDA:0,getMonthlyTrends
FNDA:0,(anonymous_1)
FNDA:0,(anonymous_2)
FNDA:0,(anonymous_3)
FNDA:0,(anonymous_4)
FNDA:0,(anonymous_5)
FNDA:0,(anonymous_6)
FNDA:0,(anonymous_7)
FNDA:0,(anonymous_8)
FNDA:0,(anonymous_9)
FNDA:0,(anonymous_10)
FNDA:0,(anonymous_11)
FNDA:0,(anonymous_12)
FNDA:0,(anonymous_13)
FNDA:0,(anonymous_14)
FNDA:0,(anonymous_15)
FNDA:0,(anonymous_16)
FNDA:0,(anonymous_17)
FNDA:0,(anonymous_18)
FNDA:0,(anonymous_19)
DA:1,4
DA:2,4
DA:3,4
DA:4,4
DA:5,4
DA:6,4
DA:7,4
DA:8,4
DA:9,4
DA:13,0
DA:14,0
DA:15,0
DA:16,0
DA:17,0
DA:18,0
DA:19,0
DA:24,0
DA:28,4
DA:29,0
DA:30,0
DA:31,0
DA:33,0
DA:34,0
DA:35,0
DA:36,0
DA:37,0
DA:39,0
DA:40,0
DA:41,0
DA:42,0
DA:53,0
DA:58,4
DA:59,0
DA:60,0
DA:61,0
DA:63,0
DA:64,0
DA:65,0
DA:66,0
DA:67,0
DA:68,0
DA:70,0
DA:71,0
DA:72,0
DA:74,0
DA:79,4
DA:80,0
DA:81,0
DA:82,0
DA:84,0
DA:85,0
DA:86,0
DA:87,0
DA:88,0
DA:89,0
DA:91,0
DA:92,0
DA:93,0
DA:95,0
DA:96,0
DA:97,0
DA:98,0
DA:99,0
DA:100,0
DA:101,0
DA:102,0
DA:103,0
DA:104,0
DA:105,0
DA:106,0
DA:107,0
DA:108,0
DA:110,0
DA:112,0
DA:117,4
DA:118,0
DA:119,0
DA:120,0
DA:121,0
DA:122,0
DA:123,0
DA:124,0
DA:126,0
DA:127,0
DA:128,0
DA:130,0
DA:131,0
DA:132,0
DA:133,0
DA:135,0
DA:136,0
DA:137,0
DA:138,0
DA:141,0
DA:143,0
DA:148,4
DA:149,0
DA:150,0
DA:151,0
DA:154,0
DA:155,0
DA:156,0
DA:157,0
DA:158,0
DA:159,0
DA:161,0
DA:162,0
DA:163,0
DA:164,0
DA:166,0
DA:168,0
DA:169,0
DA:170,0
DA:172,0
DA:173,0
DA:174,0
DA:175,0
DA:178,0
DA:180,0
DA:181,0
DA:182,0
DA:183,0
DA:185,0
DA:189,4
LF:124
LH:15
BRDA:12,0,0,0
BRDA:30,1,0,0
BRDA:30,1,1,0
BRDA:30,2,0,0
BRDA:30,2,1,0
BRDA:60,3,0,0
BRDA:60,3,1,0
BRDA:60,4,0,0
BRDA:60,4,1,0
BRDA:81,5,0,0
BRDA:81,5,1,0
BRDA:81,6,0,0
BRDA:81,6,1,0
BRDA:86,7,0,0
BRDA:86,7,1,0
BRDA:86,8,0,0
BRDA:86,8,1,0
BRDA:88,9,0,0
BRDA:88,9,1,0
BRDA:89,10,0,0
BRDA:89,10,1,0
BRDA:91,11,0,0
BRDA:91,11,1,0
BRDA:92,12,0,0
BRDA:92,12,1,0
BRDA:104,13,0,0
BRDA:104,13,1,0
BRDA:104,14,0,0
BRDA:104,14,1,0
BRDA:105,15,0,0
BRDA:105,15,1,0
BRDA:105,16,0,0
BRDA:105,16,1,0
BRDA:121,17,0,0
BRDA:121,17,1,0
BRDA:121,18,0,0
BRDA:121,18,1,0
BRDA:123,19,0,0
BRDA:123,19,1,0
BRDA:124,20,0,0
BRDA:124,20,1,0
BRDA:126,21,0,0
BRDA:126,21,1,0
BRDA:127,22,0,0
BRDA:127,22,1,0
BRDA:132,23,0,0
BRDA:132,23,1,0
BRDA:137,24,0,0
BRDA:137,24,1,0
BRDA:138,25,0,0
BRDA:138,25,1,0
BRDA:150,26,0,0
BRDA:150,26,1,0
BRDA:150,27,0,0
BRDA:150,27,1,0
BRDA:157,28,0,0
BRDA:157,28,1,0
BRDA:181,29,0,0
BRDA:181,29,1,0
BRF:59
BRH:0
end_of_record
TN:
SF:backend/routes/apiKeyRoutes.js
FN:8,(anonymous_0)
FN:17,(anonymous_1)
FN:30,(anonymous_2)
FNF:3
FNH:0
FNDA:0,(anonymous_0)
FNDA:0,(anonymous_1)
FNDA:0,(anonymous_2)
DA:1,4
DA:2,4
DA:3,4
DA:4,4
DA:5,4
DA:8,4
DA:9,0
DA:13,0
DA:17,4
DA:18,0
DA:19,0
DA:20,0
DA:22,0
DA:23,0
DA:24,0
DA:25,0
DA:26,0
DA:30,4
DA:31,0
DA:32,0
DA:33,0
DA:34,0
DA:35,0
DA:36,0
DA:37,0
DA:40,4
LF:26
LH:9
BRDA:20,0,0,0
BRDA:20,0,1,0
BRDA:24,1,0,0
BRDA:24,1,1,0
BRDA:33,2,0,0
BRDA:33,2,1,0
BRF:6
BRH:0
end_of_record
TN:
SF:backend/routes/auditLogViewRoutes.js
FN:8,(anonymous_0)
FN:13,(anonymous_1)
FNF:2
FNH:0
FNDA:0,(anonymous_0)
FNDA:0,(anonymous_1)
DA:1,4
DA:2,4
DA:3,4
DA:4,4
DA:5,4
DA:8,4
DA:9,0
DA:10,0
DA:11,0
DA:12,0
DA:13,0
DA:14,0
DA:16,0
DA:19,4
LF:14
LH:7
BRDA:9,0,0,0
BRDA:9,0,1,0
BRDA:11,1,0,0
BRDA:11,1,1,0
BRF:4
BRH:0
end_of_record
TN:
SF:backend/routes/auditRoutes.js
FN:7,(anonymous_0)
FNF:1
FNH:0
FNDA:0,(anonymous_0)
DA:1,4
DA:2,4
DA:3,4
DA:4,4
DA:7,4
DA:8,0
DA:9,0
DA:12,4
LF:8
LH:6
BRF:0
BRH:0
end_of_record
TN:
SF:backend/routes/biAlertsActivateVariantRoutes.js
FN:7,(anonymous_0)
FNF:1
FNH:0
FNDA:0,(anonymous_0)
DA:1,4
DA:2,4
DA:3,4
DA:4,4
DA:7,4
DA:8,0
DA:9,0
DA:10,0
DA:11,0
DA:12,0
DA:13,0
DA:14,0
DA:15,0
DA:16,0
DA:22,0
DA:24,0
DA:28,4
LF:17
LH:6
BRDA:9,0,0,0
BRDA:9,0,1,0
BRDA:9,1,0,0
BRDA:9,1,1,0
BRDA:12,2,0,0
BRDA:12,2,1,0
BRF:6
BRH:0
end_of_record
TN:
SF:backend/routes/biAlertsAiSuggestRoutes.js
FN:7,(anonymous_0)
FN:13,(anonymous_1)
FNF:2
FNH:0
FNDA:0,(anonymous_0)
FNDA:0,(anonymous_1)
DA:1,4
DA:2,4
DA:3,4
DA:4,4
DA:7,4
DA:8,0
DA:9,0
DA:10,0
DA:11,0
DA:12,0
DA:13,0
DA:14,0
DA:15,0
DA:23,0
DA:24,0
DA:26,0
DA:30,4
LF:17
LH:6
BRDA:9,0,0,0
BRDA:9,0,1,0
BRDA:9,1,0,0
BRDA:9,1,1,0
BRDA:12,2,0,0
BRDA:12,2,1,0
BRDA:13,3,0,0
BRDA:13,3,1,0
BRF:8
BRH:0
end_of_record
TN:
SF:backend/routes/biAlertsRoutes.js
FN:6,(anonymous_0)
FNF:1
FNH:0
FNDA:0,(anonymous_0)
DA:1,4
DA:2,4
DA:3,4
DA:6,4
DA:7,0
DA:8,0
DA:12,0
DA:14,0
DA:18,4
LF:9
LH:5
BRF:0
BRH:0
end_of_record
TN:
SF:backend/routes/biDocsRoutes.js
FN:6,(anonymous_0)
FNF:1
FNH:0
FNDA:0,(anonymous_0)
DA:2,4
DA:3,4
DA:6,4
DA:7,0
DA:92,0
DA:125,4
LF:6
LH:4
BRF:0
BRH:0
end_of_record
TN:
SF:backend/routes/biNextBestActionRoutes.js
FN:6,(anonymous_0)
FNF:1
FNH:0
FNDA:0,(anonymous_0)
DA:1,4
DA:2,4
DA:3,4
DA:6,4
DA:7,0
DA:8,0
DA:9,0
DA:10,0
DA:11,0
DA:12,0
DA:20,0
DA:21,0
DA:23,0
DA:27,4
LF:14
LH:5
BRDA:8,0,0,0
BRDA:8,0,1,0
BRDA:8,1,0,0
BRDA:8,1,1,0
BRDA:8,1,2,0
BRDA:10,2,0,0
BRDA:10,2,1,0
BRF:7
BRH:0
end_of_record
TN:
SF:backend/routes/biRoutes.js
FN:7,(anonymous_0)
FN:18,(anonymous_1)
FN:31,(anonymous_2)
FN:130,(anonymous_3)
FN:174,(anonymous_4)
FN:212,(anonymous_5)
FN:227,(anonymous_6)
FN:244,hasPermission
FN:247,requireApiKey
FN:253,(anonymous_9)
FN:258,(anonymous_10)
FNF:11
FNH:0
FNDA:0,(anonymous_0)
FNDA:0,(anonymous_1)
FNDA:0,(anonymous_2)
FNDA:0,(anonymous_3)
FNDA:0,(anonymous_4)
FNDA:0,(anonymous_5)
FNDA:0,(anonymous_6)
FNDA:0,hasPermission
FNDA:0,requireApiKey
FNDA:0,(anonymous_9)
FNDA:0,(anonymous_10)
DA:1,4
DA:2,4
DA:3,4
DA:4,4
DA:7,4
DA:8,0
DA:9,0
DA:10,0
DA:11,0
DA:12,0
DA:13,0
DA:14,0
DA:15,0
DA:17,0
DA:18,0
DA:24,0
DA:27,4
DA:28,4
DA:29,4
DA:31,4
DA:32,0
DA:33,0
DA:34,0
DA:35,0
DA:37,0
DA:38,0
DA:40,0
DA:41,0
DA:44,0
DA:45,0
DA:47,0
DA:48,0
DA:49,0
DA:50,0
DA:51,0
DA:53,0
DA:58,0
DA:59,0
DA:60,0
DA:61,0
DA:62,0
DA:63,0
DA:64,0
DA:65,0
DA:66,0
DA:69,0
DA:70,0
DA:71,0
DA:72,0
DA:79,0
DA:81,0
DA:83,0
DA:85,0
DA:90,0
DA:92,0
DA:96,0
DA:97,0
DA:108,0
DA:109,0
DA:110,0
DA:111,0
DA:112,0
DA:113,0
DA:114,0
DA:115,0
DA:116,0
DA:117,0
DA:118,0
DA:119,0
DA:120,0
DA:121,0
DA:122,0
DA:123,0
DA:125,0
DA:127,4
DA:128,4
DA:130,4
DA:131,0
DA:132,0
DA:133,0
DA:134,0
DA:136,0
DA:137,0
DA:139,0
DA:140,0
DA:143,0
DA:144,0
DA:156,0
DA:157,0
DA:158,0
DA:159,0
DA:160,0
DA:162,0
DA:163,0
DA:164,0
DA:165,0
DA:166,0
DA:167,0
DA:168,0
DA:169,0
DA:171,0
DA:174,4
DA:175,0
DA:176,0
DA:177,0
DA:178,0
DA:180,0
DA:181,0
DA:183,0
DA:184,0
DA:187,0
DA:188,0
DA:198,0
DA:199,0
DA:200,0
DA:201,0
DA:202,0
DA:203,0
DA:204,0
DA:205,0
DA:207,0
DA:212,4
DA:213,0
DA:214,0
DA:215,0
DA:219,0
DA:220,0
DA:222,0
DA:227,4
DA:228,0
DA:229,0
DA:230,0
DA:231,0
DA:232,0
DA:233,0
DA:234,0
DA:235,0
DA:236,0
DA:237,0
DA:239,0
DA:245,0
DA:248,0
DA:249,0
DA:250,0
DA:251,0
DA:252,0
DA:253,0
DA:254,0
DA:258,4
DA:260,0
DA:261,0
DA:262,0
DA:264,0
DA:265,0
DA:267,0
DA:268,0
DA:271,0
DA:272,0
DA:284,0
DA:285,0
DA:286,0
DA:287,0
DA:288,0
DA:290,0
DA:291,0
DA:292,0
DA:293,0
DA:294,0
DA:295,0
DA:296,0
DA:297,0
DA:299,0
DA:302,4
LF:173
LH:17
BRDA:11,0,0,0
BRDA:11,0,1,0
BRDA:12,1,0,0
BRDA:12,1,1,0
BRDA:12,2,0,0
BRDA:12,2,1,0
BRDA:14,3,0,0
BRDA:14,3,1,0
BRDA:15,4,0,0
BRDA:15,4,1,0
BRDA:32,5,0,0
BRDA:32,5,1,0
BRDA:32,5,2,0
BRDA:34,6,0,0
BRDA:34,6,1,0
BRDA:37,7,0,0
BRDA:37,7,1,0
BRDA:37,8,0,0
BRDA:37,8,1,0
BRDA:40,9,0,0
BRDA:40,9,1,0
BRDA:40,10,0,0
BRDA:40,10,1,0
BRDA:40,10,2,0
BRDA:44,11,0,0
BRDA:44,11,1,0
BRDA:44,12,0,0
BRDA:44,12,1,0
BRDA:44,12,2,0
BRDA:48,13,0,0
BRDA:48,13,1,0
BRDA:49,14,0,0
BRDA:49,14,1,0
BRDA:49,15,0,0
BRDA:49,15,1,0
BRDA:50,16,0,0
BRDA:50,16,1,0
BRDA:51,17,0,0
BRDA:51,17,1,0
BRDA:53,18,0,0
BRDA:53,18,1,0
BRDA:58,19,0,0
BRDA:58,19,1,0
BRDA:63,20,0,0
BRDA:63,20,1,0
BRDA:65,21,0,0
BRDA:65,21,1,0
BRDA:71,22,0,0
BRDA:71,22,1,0
BRDA:81,23,0,0
BRDA:81,23,1,0
BRDA:109,24,0,0
BRDA:109,24,1,0
BRDA:110,25,0,0
BRDA:110,25,1,0
BRDA:111,26,0,0
BRDA:111,26,1,0
BRDA:112,27,0,0
BRDA:112,27,1,0
BRDA:112,28,0,0
BRDA:112,28,1,0
BRDA:113,29,0,0
BRDA:113,29,1,0
BRDA:114,30,0,0
BRDA:114,30,1,0
BRDA:115,31,0,0
BRDA:115,31,1,0
BRDA:117,32,0,0
BRDA:117,32,1,0
BRDA:131,33,0,0
BRDA:131,33,1,0
BRDA:131,33,2,0
BRDA:133,34,0,0
BRDA:133,34,1,0
BRDA:136,35,0,0
BRDA:136,35,1,0
BRDA:136,36,0,0
BRDA:136,36,1,0
BRDA:139,37,0,0
BRDA:139,37,1,0
BRDA:139,38,0,0
BRDA:139,38,1,0
BRDA:139,38,2,0
BRDA:157,39,0,0
BRDA:157,39,1,0
BRDA:157,40,0,0
BRDA:157,40,1,0
BRDA:159,41,0,0
BRDA:159,41,1,0
BRDA:160,42,0,0
BRDA:160,42,1,0
BRDA:163,43,0,0
BRDA:163,43,1,0
BRDA:175,44,0,0
BRDA:175,44,1,0
BRDA:175,44,2,0
BRDA:177,45,0,0
BRDA:177,45,1,0
BRDA:180,46,0,0
BRDA:180,46,1,0
BRDA:180,47,0,0
BRDA:180,47,1,0
BRDA:183,48,0,0
BRDA:183,48,1,0
BRDA:183,49,0,0
BRDA:183,49,1,0
BRDA:183,49,2,0
BRDA:199,50,0,0
BRDA:199,50,1,0
BRDA:213,51,0,0
BRDA:213,51,1,0
BRDA:213,51,2,0
BRDA:228,52,0,0
BRDA:228,52,1,0
BRDA:228,52,2,0
BRDA:232,53,0,0
BRDA:232,53,1,0
BRDA:233,54,0,0
BRDA:233,54,1,0
BRDA:234,55,0,0
BRDA:234,55,1,0
BRDA:235,56,0,0
BRDA:235,56,1,0
BRDA:245,57,0,0
BRDA:245,57,1,0
BRDA:248,58,0,0
BRDA:248,58,1,0
BRDA:249,59,0,0
BRDA:249,59,1,0
BRDA:251,60,0,0
BRDA:251,60,1,0
BRDA:251,61,0,0
BRDA:251,61,1,0
BRDA:261,62,0,0
BRDA:261,62,1,0
BRDA:264,63,0,0
BRDA:264,63,1,0
BRDA:264,64,0,0
BRDA:264,64,1,0
BRDA:267,65,0,0
BRDA:267,65,1,0
BRDA:267,66,0,0
BRDA:267,66,1,0
BRDA:267,66,2,0
BRDA:285,67,0,0
BRDA:285,67,1,0
BRDA:285,68,0,0
BRDA:285,68,1,0
BRDA:287,69,0,0
BRDA:287,69,1,0
BRDA:288,70,0,0
BRDA:288,70,1,0
BRDA:291,71,0,0
BRDA:291,71,1,0
BRF:154
BRH:0
end_of_record
TN:
SF:backend/routes/biVariantTrendPredictionRoutes.js
FN:7,(anonymous_0)
FNF:1
FNH:0
FNDA:0,(anonymous_0)
DA:1,4
DA:2,4
DA:3,4
DA:4,4
DA:7,4
DA:8,0
DA:9,0
DA:10,0
DA:12,0
DA:13,0
DA:14,0
DA:22,0
DA:23,0
DA:25,0
DA:29,4
LF:15
LH:6
BRDA:9,0,0,0
BRDA:9,0,1,0
BRDA:9,1,0,0
BRDA:9,1,1,0
BRF:4
BRH:0
end_of_record
TN:
SF:backend/routes/bikeRoutes.js
FN:15,(anonymous_0)
FN:18,(anonymous_1)
FN:26,(anonymous_2)
FN:36,(anonymous_3)
FN:62,(anonymous_4)
FN:74,(anonymous_5)
FN:100,(anonymous_6)
FN:110,(anonymous_7)
FN:180,(anonymous_8)
FN:202,(anonymous_9)
FN:220,(anonymous_10)
FN:238,(anonymous_11)
FN:255,(anonymous_12)
FNF:13
FNH:0
FNDA:0,(anonymous_0)
FNDA:0,(anonymous_1)
FNDA:0,(anonymous_2)
FNDA:0,(anonymous_3)
FNDA:0,(anonymous_4)
FNDA:0,(anonymous_5)
FNDA:0,(anonymous_6)
FNDA:0,(anonymous_7)
FNDA:0,(anonymous_8)
FNDA:0,(anonymous_9)
FNDA:0,(anonymous_10)
FNDA:0,(anonymous_11)
FNDA:0,(anonymous_12)
DA:1,4
DA:2,4
DA:3,4
DA:4,4
DA:5,4
DA:6,4
DA:7,4
DA:8,4
DA:9,4
DA:10,4
DA:11,4
DA:12,4
DA:14,4
DA:16,0
DA:19,0
DA:20,0
DA:23,4
DA:26,4
DA:27,0
DA:28,0
DA:29,0
DA:31,0
DA:36,4
DA:37,0
DA:38,0
DA:39,0
DA:40,0
DA:42,0
DA:54,0
DA:55,0
DA:57,0
DA:62,4
DA:63,0
DA:64,0
DA:66,0
DA:67,0
DA:69,0
DA:74,4
DA:75,0
DA:76,0
DA:77,0
DA:78,0
DA:80,0
DA:81,0
DA:82,0
DA:90,0
DA:91,0
DA:92,0
DA:93,0
DA:95,0
DA:100,4
DA:101,0
DA:102,0
DA:103,0
DA:104,0
DA:106,0
DA:107,0
DA:109,0
DA:110,0
DA:111,0
DA:113,0
DA:114,0
DA:115,0
DA:116,0
DA:118,0
DA:119,0
DA:120,0
DA:121,0
DA:122,0
DA:123,0
DA:124,0
DA:127,0
DA:128,0
DA:129,0
DA:130,0
DA:131,0
DA:133,0
DA:135,0
DA:136,0
DA:139,0
DA:140,0
DA:141,0
DA:142,0
DA:147,0
DA:153,0
DA:157,0
DA:158,0
DA:159,0
DA:160,0
DA:166,0
DA:173,0
DA:175,0
DA:180,4
DA:181,0
DA:182,0
DA:183,0
DA:184,0
DA:186,0
DA:187,0
DA:189,0
DA:191,0
DA:195,0
DA:197,0
DA:202,4
DA:203,0
DA:204,0
DA:205,0
DA:206,0
DA:208,0
DA:209,0
DA:210,0
DA:211,0
DA:212,0
DA:213,0
DA:215,0
DA:220,4
DA:221,0
DA:222,0
DA:223,0
DA:224,0
DA:225,0
DA:226,0
DA:227,0
DA:229,0
DA:230,0
DA:231,0
DA:233,0
DA:238,4
DA:239,0
DA:240,0
DA:241,0
DA:242,0
DA:243,0
DA:244,0
DA:246,0
DA:247,0
DA:248,0
DA:250,0
DA:255,4
DA:256,0
DA:257,0
DA:258,0
DA:259,0
DA:260,0
DA:261,0
DA:263,0
DA:264,0
DA:265,0
DA:266,0
DA:267,0
DA:268,0
DA:270,0
DA:274,4
LF:153
LH:25
BRDA:39,0,0,0
BRDA:39,0,1,0
BRDA:39,1,0,0
BRDA:39,1,1,0
BRDA:39,1,2,0
BRDA:66,2,0,0
BRDA:66,2,1,0
BRDA:77,3,0,0
BRDA:77,3,1,0
BRDA:77,4,0,0
BRDA:77,4,1,0
BRDA:81,5,0,0
BRDA:81,5,1,0
BRDA:104,6,0,0
BRDA:104,6,1,0
BRDA:106,7,0,0
BRDA:106,7,1,0
BRDA:106,8,0,0
BRDA:106,8,1,0
BRDA:106,8,2,0
BRDA:111,9,0,0
BRDA:111,9,1,0
BRDA:118,10,0,0
BRDA:118,10,1,0
BRDA:118,11,0,0
BRDA:118,11,1,0
BRDA:120,12,0,0
BRDA:120,12,1,0
BRDA:127,13,0,0
BRDA:127,13,1,0
BRDA:127,14,0,0
BRDA:127,14,1,0
BRDA:135,15,0,0
BRDA:135,15,1,0
BRDA:139,16,0,0
BRDA:139,16,1,0
BRDA:141,17,0,0
BRDA:141,17,1,0
BRDA:157,18,0,0
BRDA:157,18,1,0
BRDA:159,19,0,0
BRDA:159,19,1,0
BRDA:184,20,0,0
BRDA:184,20,1,0
BRDA:186,21,0,0
BRDA:186,21,1,0
BRDA:186,22,0,0
BRDA:186,22,1,0
BRDA:205,23,0,0
BRDA:205,23,1,0
BRDA:205,24,0,0
BRDA:205,24,1,0
BRDA:205,24,2,0
BRDA:209,25,0,0
BRDA:209,25,1,0
BRDA:224,26,0,0
BRDA:224,26,1,0
BRDA:226,27,0,0
BRDA:226,27,1,0
BRDA:226,28,0,0
BRDA:226,28,1,0
BRDA:226,28,2,0
BRDA:241,29,0,0
BRDA:241,29,1,0
BRDA:243,30,0,0
BRDA:243,30,1,0
BRDA:243,31,0,0
BRDA:243,31,1,0
BRDA:243,31,2,0
BRDA:259,32,0,0
BRDA:259,32,1,0
BRDA:260,33,0,0
BRDA:260,33,1,0
BRDA:260,34,0,0
BRDA:260,34,1,0
BRDA:263,35,0,0
BRDA:263,35,1,0
BRDA:265,36,0,0
BRDA:265,36,1,0
BRF:79
BRH:0
end_of_record
TN:
SF:backend/routes/chatRoutes.js
FN:10,(anonymous_0)
FN:21,(anonymous_1)
FNF:2
FNH:0
FNDA:0,(anonymous_0)
FNDA:0,(anonymous_1)
DA:1,4
DA:2,4
DA:3,4
DA:4,4
DA:5,4
DA:6,4
DA:7,4
DA:10,4
DA:11,0
DA:12,0
DA:13,0
DA:14,0
DA:16,0
DA:21,4
DA:22,0
DA:23,0
DA:24,0
DA:25,0
DA:26,0
DA:27,0
DA:28,0
DA:30,0
DA:31,0
DA:32,0
DA:33,0
DA:39,0
DA:42,0
DA:43,0
DA:44,0
DA:45,0
DA:51,0
DA:54,0
DA:56,0
DA:57,0
DA:61,4
LF:35
LH:10
BRDA:25,0,0,0
BRDA:25,0,1,0
BRDA:28,1,0,0
BRDA:28,1,1,0
BRDA:30,2,0,0
BRDA:30,2,1,0
BRDA:30,3,0,0
BRDA:30,3,1,0
BRDA:32,4,0,0
BRDA:32,4,1,0
BRDA:32,5,0,0
BRDA:32,5,1,0
BRDA:42,6,0,0
BRDA:42,6,1,0
BRDA:42,7,0,0
BRDA:42,7,1,0
BRDA:44,8,0,0
BRDA:44,8,1,0
BRDA:44,9,0,0
BRDA:44,9,1,0
BRDA:56,10,0,0
BRDA:56,10,1,0
BRF:22
BRH:0
end_of_record
TN:
SF:backend/routes/clickRoutes.js
FN:9,(anonymous_0)
FNF:1
FNH:0
FNDA:0,(anonymous_0)
DA:1,4
DA:2,4
DA:3,4
DA:4,4
DA:7,4
DA:8,4
DA:9,4
DA:10,0
DA:11,0
DA:12,0
DA:14,0
DA:20,0
DA:21,0
DA:22,0
DA:28,0
DA:32,0
DA:33,0
DA:43,0
DA:45,0
DA:48,4
LF:20
LH:8
BRDA:12,0,0,0
BRDA:12,0,1,0
BRDA:12,1,0,0
BRDA:12,1,1,0
BRDA:16,2,0,0
BRDA:16,2,1,0
BRDA:20,3,0,0
BRDA:20,3,1,0
BRDA:36,4,0,0
BRDA:36,4,1,0
BRDA:37,5,0,0
BRDA:37,5,1,0
BRDA:38,6,0,0
BRDA:38,6,1,0
BRF:14
BRH:0
end_of_record
TN:
SF:backend/routes/exportRoutes.js
FN:9,(anonymous_0)
FN:13,(anonymous_1)
FN:14,(anonymous_2)
FNF:3
FNH:0
FNDA:0,(anonymous_0)
FNDA:0,(anonymous_1)
FNDA:0,(anonymous_2)
DA:1,4
DA:2,4
DA:3,4
DA:4,4
DA:5,4
DA:6,4
DA:9,4
DA:10,0
DA:11,0
DA:12,0
DA:13,0
DA:14,0
DA:15,0
DA:18,0
DA:19,0
DA:20,0
DA:21,0
DA:22,0
DA:24,0
DA:28,4
LF:20
LH:8
BRDA:14,0,0,0
BRDA:14,0,1,0
BRDA:15,1,0,0
BRDA:15,1,1,0
BRDA:15,2,0,0
BRDA:15,2,1,0
BRF:6
BRH:0
end_of_record
TN:
SF:backend/routes/feedbackRoutes.js
FN:8,(anonymous_0)
FN:20,(anonymous_1)
FNF:2
FNH:0
FNDA:0,(anonymous_0)
FNDA:0,(anonymous_1)
DA:1,4
DA:2,4
DA:3,4
DA:4,4
DA:5,4
DA:8,4
DA:9,0
DA:10,0
DA:11,0
DA:13,0
DA:19,0
DA:20,0
DA:21,0
DA:22,0
DA:26,0
DA:28,0
DA:34,0
DA:37,0
DA:40,4
LF:19
LH:7
BRDA:10,0,0,0
BRDA:10,0,1,0
BRDA:15,1,0,0
BRDA:15,1,1,0
BRDA:21,2,0,0
BRDA:21,2,1,0
BRF:6
BRH:0
end_of_record
TN:
SF:backend/routes/followupAutomationAiRoutes.js
FN:6,(anonymous_0)
FNF:1
FNH:0
FNDA:0,(anonymous_0)
DA:1,4
DA:2,4
DA:3,4
DA:6,4
DA:7,0
DA:8,0
DA:9,0
DA:10,0
DA:11,0
DA:12,0
DA:13,0
DA:18,0
DA:19,0
DA:21,0
DA:25,4
LF:15
LH:5
BRDA:8,0,0,0
BRDA:8,0,1,0
BRDA:11,1,0,0
BRDA:11,1,1,0
BRF:4
BRH:0
end_of_record
TN:
SF:backend/routes/followupAutomationRoutes.js
FN:6,(anonymous_0)
FN:10,(anonymous_1)
FN:19,(anonymous_2)
FN:25,(anonymous_3)
FN:32,(anonymous_4)
FN:38,(anonymous_5)
FNF:6
FNH:0
FNDA:0,(anonymous_0)
FNDA:0,(anonymous_1)
FNDA:0,(anonymous_2)
FNDA:0,(anonymous_3)
FNDA:0,(anonymous_4)
FNDA:0,(anonymous_5)
DA:1,4
DA:2,4
DA:3,4
DA:4,4
DA:6,4
DA:7,0
DA:8,0
DA:9,0
DA:10,0
DA:11,0
DA:12,0
DA:13,0
DA:14,0
DA:15,0
DA:19,4
DA:20,0
DA:21,0
DA:25,4
DA:26,0
DA:27,0
DA:28,0
DA:32,4
DA:33,0
DA:34,0
DA:38,4
DA:39,0
DA:40,0
DA:43,4
LF:28
LH:10
BRDA:9,0,0,0
BRDA:9,0,1,0
BRDA:9,1,0,0
BRDA:9,1,1,0
BRDA:11,2,0,0
BRDA:11,2,1,0
BRF:6
BRH:0
end_of_record
TN:
SF:backend/routes/followupEffectivenessRoutes.js
FN:7,(anonymous_0)
FN:18,(anonymous_1)
FN:21,(anonymous_2)
FNF:3
FNH:0
FNDA:0,(anonymous_0)
FNDA:0,(anonymous_1)
FNDA:0,(anonymous_2)
DA:1,4
DA:2,4
DA:3,4
DA:4,4
DA:7,4
DA:8,0
DA:9,0
DA:10,0
DA:11,0
DA:12,0
DA:13,0
DA:14,0
DA:17,0
DA:18,0
DA:20,0
DA:21,0
DA:22,0
DA:24,0
DA:25,0
DA:26,0
DA:35,0
DA:39,4
LF:22
LH:6
BRDA:9,0,0,0
BRDA:11,1,0,0
BRDA:11,1,1,0
BRDA:11,2,0,0
BRDA:11,2,1,0
BRDA:13,3,0,0
BRDA:13,3,1,0
BRDA:14,4,0,0
BRDA:14,4,1,0
BRDA:30,5,0,0
BRDA:30,5,1,0
BRDA:31,6,0,0
BRDA:31,6,1,0
BRF:13
BRH:0
end_of_record
TN:
SF:backend/routes/followupHistoryExport.js
FN:8,(anonymous_0)
FN:20,(anonymous_1)
FN:22,(anonymous_2)
FN:23,(anonymous_3)
FNF:4
FNH:0
FNDA:0,(anonymous_0)
FNDA:0,(anonymous_1)
FNDA:0,(anonymous_2)
FNDA:0,(anonymous_3)
DA:1,4
DA:2,4
DA:3,4
DA:4,4
DA:5,4
DA:8,4
DA:9,0
DA:10,0
DA:11,0
DA:12,0
DA:13,0
DA:14,0
DA:15,0
DA:16,0
DA:18,0
DA:20,0
DA:21,0
DA:22,0
DA:23,0
DA:28,0
DA:29,0
DA:30,0
DA:31,0
DA:32,0
DA:33,0
DA:34,0
DA:36,0
DA:38,0
DA:42,4
LF:29
LH:7
BRDA:12,0,0,0
BRDA:12,0,1,0
BRDA:13,1,0,0
BRDA:13,1,1,0
BRDA:13,2,0,0
BRDA:13,2,1,0
BRDA:15,3,0,0
BRDA:15,3,1,0
BRDA:16,4,0,0
BRDA:16,4,1,0
BRDA:28,5,0,0
BRDA:28,5,1,0
BRF:12
BRH:0
end_of_record
TN:
SF:backend/routes/followupMetrics.js
FN:6,(anonymous_0)
FN:11,(anonymous_1)
FN:36,(anonymous_2)
FNF:3
FNH:0
FNDA:0,(anonymous_0)
FNDA:0,(anonymous_1)
FNDA:0,(anonymous_2)
DA:1,4
DA:2,4
DA:3,4
DA:4,4
DA:6,4
DA:7,0
DA:8,0
DA:10,0
DA:11,0
DA:12,0
DA:13,0
DA:23,0
DA:24,0
DA:25,0
DA:26,0
DA:27,0
DA:29,0
DA:33,4
DA:36,4
DA:37,0
DA:38,0
DA:39,0
DA:40,0
DA:41,0
DA:42,0
DA:43,0
DA:44,0
DA:46,0
DA:50,4
LF:29
LH:8
BRDA:12,0,0,0
BRDA:12,0,1,0
BRDA:16,1,0,0
BRDA:16,1,1,0
BRDA:17,2,0,0
BRDA:17,2,1,0
BRDA:18,3,0,0
BRDA:18,3,1,0
BRDA:39,4,0,0
BRDA:39,4,1,0
BRDA:41,5,0,0
BRDA:41,5,1,0
BRDA:42,6,0,0
BRDA:42,6,1,0
BRDA:43,7,0,0
BRDA:43,7,1,0
BRF:16
BRH:0
end_of_record
TN:
SF:backend/routes/followupPredictBestVariant.js
FN:8,(anonymous_0)
FN:13,(anonymous_1)
FNF:2
FNH:0
FNDA:0,(anonymous_0)
FNDA:0,(anonymous_1)
DA:1,4
DA:2,4
DA:3,4
DA:4,4
DA:5,4
DA:8,4
DA:9,0
DA:10,0
DA:11,0
DA:13,0
DA:14,0
DA:15,0
DA:16,0
DA:17,0
DA:18,0
DA:19,0
DA:20,0
DA:23,0
DA:24,0
DA:25,0
DA:26,0
DA:28,0
DA:29,0
DA:30,0
DA:31,0
DA:32,0
DA:37,0
DA:38,0
DA:40,0
DA:44,4
LF:30
LH:7
BRDA:10,0,0,0
BRDA:10,0,1,0
BRDA:11,1,0,0
BRDA:11,1,1,0
BRDA:11,2,0,0
BRDA:11,2,1,0
BRDA:17,3,0,0
BRDA:17,3,1,0
BRDA:18,4,0,0
BRDA:18,4,1,0
BRDA:20,5,0,0
BRDA:20,5,1,0
BRDA:20,6,0,0
BRDA:20,6,1,0
BRF:14
BRH:0
end_of_record
TN:
SF:backend/routes/gamificationRoutes.js
FN:8,(anonymous_0)
FN:14,(anonymous_1)
FN:28,(anonymous_2)
FNF:3
FNH:0
FNDA:0,(anonymous_0)
FNDA:0,(anonymous_1)
FNDA:0,(anonymous_2)
DA:1,4
DA:2,4
DA:3,4
DA:4,4
DA:5,4
DA:8,4
DA:9,0
DA:10,0
DA:14,4
DA:15,0
DA:16,0
DA:17,0
DA:19,0
DA:24,0
DA:28,4
DA:29,0
DA:30,0
DA:33,4
LF:18
LH:9
BRDA:17,0,0,0
BRDA:17,0,1,0
BRDA:17,1,0,0
BRDA:17,1,1,0
BRF:4
BRH:0
end_of_record
TN:
SF:backend/routes/gdprAdminRoutes.js
FN:11,(anonymous_0)
FN:19,(anonymous_1)
FN:20,(anonymous_2)
FN:25,(anonymous_3)
FNF:4
FNH:0
FNDA:0,(anonymous_0)
FNDA:0,(anonymous_1)
FNDA:0,(anonymous_2)
FNDA:0,(anonymous_3)
DA:1,4
DA:2,4
DA:3,4
DA:4,4
DA:5,4
DA:6,4
DA:7,4
DA:8,4
DA:11,4
DA:12,0
DA:14,0
DA:15,0
DA:16,0
DA:17,0
DA:18,0
DA:19,0
DA:20,0
DA:21,0
DA:25,4
DA:26,0
DA:27,0
DA:28,0
DA:29,0
DA:30,0
DA:31,0
DA:32,0
DA:33,0
DA:34,0
DA:37,4
LF:29
LH:11
BRDA:12,0,0,0
BRDA:12,0,1,0
BRDA:17,1,0,0
BRDA:17,1,1,0
BRDA:20,2,0,0
BRDA:20,2,1,0
BRDA:26,3,0,0
BRDA:26,3,1,0
BRDA:28,4,0,0
BRDA:28,4,1,0
BRF:10
BRH:0
end_of_record
TN:
SF:backend/routes/gdprRoutes.js
FN:12,(anonymous_0)
FN:23,(anonymous_1)
FNF:2
FNH:0
FNDA:0,(anonymous_0)
FNDA:0,(anonymous_1)
DA:1,4
DA:2,4
DA:3,4
DA:4,4
DA:5,4
DA:6,4
DA:7,4
DA:8,4
DA:9,4
DA:12,4
DA:13,0
DA:14,0
DA:15,0
DA:16,0
DA:17,0
DA:18,0
DA:19,0
DA:23,4
DA:24,0
DA:26,0
DA:27,0
DA:28,0
DA:34,0
DA:37,4
LF:24
LH:12
BRF:0
BRH:0
end_of_record
TN:
SF:backend/routes/healthRoutes.js
FN:6,(anonymous_0)
FNF:1
FNH:1
FNDA:1,(anonymous_0)
DA:1,5
DA:2,5
DA:3,5
DA:6,5
DA:7,1
DA:8,1
DA:15,5
LF:7
LH:7
BRDA:10,0,0,0
BRDA:10,0,1,1
BRF:2
BRH:1
end_of_record
TN:
SF:backend/routes/intakeRoutes.js
FN:8,(anonymous_0)
FNF:1
FNH:0
FNDA:0,(anonymous_0)
DA:1,4
DA:2,4
DA:3,4
DA:4,4
DA:5,4
DA:8,4
DA:9,0
DA:10,0
DA:11,0
DA:12,0
DA:16,0
DA:18,0
DA:23,0
DA:24,0
DA:25,0
DA:27,0
DA:28,0
DA:32,4
LF:18
LH:7
BRDA:11,0,0,0
BRDA:11,0,1,0
BRDA:11,1,0,0
BRDA:11,1,1,0
BRDA:11,1,2,0
BRDA:16,2,0,0
BRDA:16,2,1,0
BRDA:23,3,0,0
BRDA:23,3,1,0
BRDA:24,4,0,0
BRDA:24,4,1,0
BRDA:27,5,0,0
BRDA:27,5,1,0
BRF:13
BRH:0
end_of_record
TN:
SF:backend/routes/integrationsRoutes.js
FN:6,(anonymous_0)
FNF:1
FNH:0
FNDA:0,(anonymous_0)
DA:1,4
DA:2,4
DA:3,4
DA:6,4
DA:7,0
DA:8,0
DA:10,0
DA:11,0
DA:19,0
DA:23,4
LF:10
LH:5
BRDA:10,0,0,0
BRDA:10,0,1,0
BRDA:10,1,0,0
BRDA:10,1,1,0
BRF:4
BRH:0
end_of_record
TN:
SF:backend/routes/logUnauthorizedRoutes.js
FN:9,(anonymous_0)
FN:46,(anonymous_1)
FNF:2
FNH:0
FNDA:0,(anonymous_0)
FNDA:0,(anonymous_1)
DA:1,4
DA:2,4
DA:3,4
DA:4,4
DA:5,4
DA:6,4
DA:9,4
DA:10,0
DA:11,0
DA:17,0
DA:26,0
DA:27,0
DA:32,0
DA:33,0
DA:40,0
DA:43,0
DA:46,0
DA:47,0
DA:48,0
DA:50,0
DA:53,4
LF:21
LH:8
BRDA:13,0,0,0
BRDA:13,0,1,0
BRDA:15,1,0,0
BRDA:15,1,1,0
BRDA:19,2,0,0
BRDA:19,2,1,0
BRDA:20,3,0,0
BRDA:20,3,1,0
BRDA:22,4,0,0
BRDA:22,4,1,0
BRDA:32,5,0,0
BRDA:32,5,1,0
BRDA:34,6,0,0
BRDA:34,6,1,0
BRDA:48,7,0,0
[...]
FN:8,(anonymous_0)
FN:16,(anonymous_1)
FNF:2
FNH:0
FNDA:0,(anonymous_0)
FNDA:0,(anonymous_1)
DA:1,4
DA:2,4
DA:3,4
DA:4,4
DA:5,4
DA:8,4
DA:9,0
DA:10,0
DA:11,0
DA:12,0
DA:16,4
DA:17,0
DA:18,0
DA:19,0
DA:20,0
DA:21,0
DA:24,4
LF:17
LH:8
BRDA:10,0,0,0
BRDA:10,0,1,0
BRDA:18,1,0,0
BRDA:18,1,1,0
BRF:4
BRH:0
end_of_record
TN:
SF:backend/routes/reportSettingRoutes.js
FN:7,(anonymous_0)
FN:13,(anonymous_1)
FN:21,(anonymous_2)
FN:38,(anonymous_3)
FNF:4
FNH:0
FNDA:0,(anonymous_0)
FNDA:0,(anonymous_1)
FNDA:0,(anonymous_2)
FNDA:0,(anonymous_3)
DA:1,4
DA:2,4
DA:3,4
DA:4,4
DA:7,4
DA:8,0
DA:9,0
DA:13,4
DA:14,0
DA:15,0
DA:16,0
DA:17,0
DA:21,4
DA:22,0
DA:23,0
DA:24,0
DA:25,0
DA:26,0
DA:27,0
DA:28,0
DA:29,0
DA:30,0
DA:31,0
DA:32,0
DA:33,0
DA:34,0
DA:38,4
DA:39,0
DA:40,0
DA:43,4
LF:30
LH:9
BRDA:24,0,0,0
BRDA:24,0,1,0
BRDA:25,1,0,0
BRDA:25,1,1,0
BRDA:26,2,0,0
BRDA:26,2,1,0
BRDA:27,3,0,0
BRDA:27,3,1,0
BRDA:28,4,0,0
BRDA:28,4,1,0
BRDA:29,5,0,0
BRDA:29,5,1,0
BRDA:30,6,0,0
BRDA:30,6,1,0
BRDA:31,7,0,0
BRDA:31,7,1,0
BRDA:32,8,0,0
BRDA:32,8,1,0
BRF:18
BRH:0
end_of_record
TN:
SF:backend/routes/securityAuditRoutes.js
FN:8,(anonymous_0)
FN:18,(anonymous_1)
FN:19,(anonymous_2)
FN:25,(anonymous_3)
FN:26,(anonymous_4)
FN:32,(anonymous_5)
FN:34,(anonymous_6)
FN:39,(anonymous_7)
FN:40,(anonymous_8)
FN:50,(anonymous_9)
FN:51,(anonymous_10)
FN:57,(anonymous_11)
FNF:12
FNH:0
FNDA:0,(anonymous_0)
FNDA:0,(anonymous_1)
FNDA:0,(anonymous_2)
FNDA:0,(anonymous_3)
FNDA:0,(anonymous_4)
FNDA:0,(anonymous_5)
FNDA:0,(anonymous_6)
FNDA:0,(anonymous_7)
FNDA:0,(anonymous_8)
FNDA:0,(anonymous_9)
FNDA:0,(anonymous_10)
FNDA:0,(anonymous_11)
DA:1,4
DA:2,4
DA:3,4
DA:4,4
DA:5,4
DA:8,4
DA:10,0
DA:11,0
DA:12,0
DA:14,0
DA:17,0
DA:18,0
DA:19,0
DA:25,0
DA:26,0
DA:32,0
DA:33,0
DA:34,0
DA:35,0
DA:36,0
DA:37,0
DA:39,0
DA:40,0
DA:41,0
DA:42,0
DA:50,0
DA:51,0
DA:57,0
DA:58,0
DA:59,0
DA:66,0
DA:69,4
LF:32
LH:7
BRDA:18,0,0,0
BRDA:18,0,1,0
BRDA:18,0,2,0
BRDA:25,1,0,0
BRDA:25,1,1,0
BRDA:32,2,0,0
BRDA:32,2,1,0
BRDA:35,3,0,0
BRDA:35,3,1,0
BRDA:36,4,0,0
BRDA:36,4,1,0
BRDA:41,5,0,0
BRDA:41,5,1,0
BRDA:50,6,0,0
BRDA:50,6,1,0
BRDA:58,7,0,0
BRDA:58,7,1,0
BRF:17
BRH:0
end_of_record
TN:
SF:backend/routes/segmentFollowup.js
FN:6,(anonymous_0)
FN:38,(anonymous_1)
FN:57,(anonymous_2)
FNF:3
FNH:0
FNDA:0,(anonymous_0)
FNDA:0,(anonymous_1)
FNDA:0,(anonymous_2)
DA:1,4
DA:2,4
DA:3,4
DA:6,4
DA:7,0
DA:8,0
DA:9,0
DA:10,0
DA:11,0
DA:12,0
DA:14,0
DA:25,0
DA:27,0
DA:28,0
DA:29,0
DA:30,0
DA:31,0
DA:34,0
DA:35,0
DA:38,0
DA:43,0
DA:44,0
DA:45,0
DA:46,0
DA:47,0
DA:48,0
DA:50,0
DA:55,4
DA:57,4
DA:58,0
DA:59,0
DA:60,0
DA:61,0
DA:62,0
DA:63,0
DA:65,0
DA:75,0
DA:77,0
DA:78,0
DA:79,0
DA:80,0
DA:81,0
DA:84,0
DA:85,0
DA:93,0
DA:94,0
DA:95,0
DA:96,0
DA:97,0
DA:98,0
DA:100,0
LF:51
LH:6
BRDA:11,0,0,0
BRDA:11,0,1,0
BRDA:11,1,0,0
BRDA:11,1,1,0
BRDA:11,1,2,0
BRDA:11,1,3,0
BRDA:21,2,0,0
BRDA:21,2,1,0
BRDA:27,3,0,0
BRDA:27,3,1,0
BRDA:27,4,0,0
BRDA:27,4,1,0
BRDA:41,5,0,0
BRDA:41,5,1,0
BRDA:62,6,0,0
BRDA:62,6,1,0
BRDA:62,7,0,0
BRDA:62,7,1,0
BRDA:72,8,0,0
BRDA:72,8,1,0
BRDA:77,9,0,0
BRDA:77,9,1,0
BRDA:77,10,0,0
BRDA:77,10,1,0
BRDA:91,11,0,0
BRDA:91,11,1,0
BRF:26
BRH:0
end_of_record
TN:
SF:backend/routes/stravaRoutes.js
FN:13,(anonymous_0)
FN:19,(anonymous_1)
FN:40,(anonymous_2)
FNF:3
FNH:0
FNDA:0,(anonymous_0)
FNDA:0,(anonymous_1)
FNDA:0,(anonymous_2)
DA:2,4
DA:3,4
DA:4,4
DA:5,4
DA:6,4
DA:8,4
DA:9,4
DA:10,4
DA:13,4
DA:14,0
DA:15,0
DA:19,4
DA:20,0
DA:21,0
DA:22,0
DA:32,0
DA:33,0
DA:36,0
DA:40,4
DA:43,0
DA:44,0
DA:45,0
DA:48,0
DA:49,0
DA:52,4
LF:25
LH:12
BRDA:10,0,0,4
BRDA:10,0,1,4
BRDA:21,1,0,0
BRDA:21,1,1,0
BRDA:33,2,0,0
BRDA:33,2,1,0
BRDA:44,3,0,0
BRDA:44,3,1,0
BRF:8
BRH:2
end_of_record
TN:
SF:backend/routes/supportRoutes.js
FN:8,(anonymous_0)
FN:20,(anonymous_1)
FNF:2
FNH:0
FNDA:0,(anonymous_0)
FNDA:0,(anonymous_1)
DA:1,4
DA:2,4
DA:3,4
DA:4,4
DA:5,4
DA:8,4
DA:9,0
DA:10,0
DA:11,0
DA:12,0
DA:13,0
DA:14,0
DA:19,4
DA:20,4
DA:21,0
DA:22,0
DA:23,0
DA:25,0
DA:26,0
DA:27,0
DA:28,0
DA:30,0
DA:31,0
DA:32,0
DA:39,0
DA:42,0
DA:45,4
LF:27
LH:9
BRDA:10,0,0,0
BRDA:10,0,1,0
BRDA:13,1,0,0
BRDA:13,1,1,0
BRDA:22,2,0,0
BRDA:22,2,1,0
BRDA:28,3,0,0
BRDA:28,3,1,0
BRDA:30,4,0,0
BRDA:30,4,1,0
BRDA:30,5,0,0
BRDA:30,5,1,0
BRF:12
BRH:0
end_of_record
TN:
SF:backend/routes/twofaRoutes.js
FN:11,(anonymous_0)
FN:21,(anonymous_1)
FN:44,(anonymous_2)
FNF:3
FNH:3
FNDA:5,(anonymous_0)
FNDA:6,(anonymous_1)
FNDA:1,(anonymous_2)
DA:1,4
DA:2,4
DA:3,4
DA:4,4
DA:5,4
DA:6,4
DA:7,4
DA:8,4
DA:11,4
DA:12,5
DA:13,5
DA:14,5
DA:15,5
DA:16,5
DA:17,5
DA:21,4
DA:22,6
DA:23,6
DA:24,6
DA:25,4
DA:30,4
DA:31,3
DA:32,3
DA:33,3
DA:34,3
DA:35,3
DA:37,1
DA:38,1
DA:39,1
DA:44,4
DA:45,1
DA:46,1
DA:47,1
DA:48,1
DA:51,4
LF:35
LH:35
BRDA:16,0,0,5
BRDA:16,0,1,5
BRDA:24,1,0,1
BRDA:24,1,1,4
BRDA:30,2,0,3
BRDA:30,2,1,1
BRDA:34,3,0,3
BRDA:34,3,1,0
BRDA:38,4,0,1
BRDA:38,4,1,0
BRDA:47,5,0,1
BRDA:47,5,1,1
BRF:12
BRH:10
end_of_record
TN:
SF:backend/routes/userRoutes.js
FN:16,(anonymous_0)
FN:25,(anonymous_1)
FN:37,(anonymous_2)
FNF:3
FNH:2
FNDA:0,(anonymous_0)
FNDA:1,(anonymous_1)
FNDA:1,(anonymous_2)
DA:1,4
DA:2,4
DA:3,4
DA:4,4
DA:5,4
DA:6,4
DA:7,4
DA:10,4
DA:12,4
DA:14,4
DA:16,4
DA:17,0
DA:18,0
DA:19,0
DA:21,0
DA:25,4
DA:26,1
DA:27,1
DA:28,1
DA:29,1
DA:31,0
DA:35,4
DA:37,4
DA:38,1
DA:40,1
DA:45,1
DA:47,0
DA:51,4
LF:28
LH:22
BRDA:28,0,0,0
BRDA:28,0,1,1
BRF:2
BRH:1
end_of_record
TN:
SF:backend/routes/webhookRoutes.js
FN:9,(anonymous_0)
FN:22,(anonymous_1)
FN:31,(anonymous_2)
FN:37,(anonymous_3)
FN:51,(anonymous_4)
FN:64,(anonymous_5)
FNF:6
FNH:0
FNDA:0,(anonymous_0)
FNDA:0,(anonymous_1)
FNDA:0,(anonymous_2)
FNDA:0,(anonymous_3)
FNDA:0,(anonymous_4)
FNDA:0,(anonymous_5)
DA:1,4
DA:2,4
DA:3,4
DA:4,4
DA:5,4
DA:6,4
DA:9,4
DA:10,0
DA:11,0
DA:12,0
DA:13,0
DA:14,0
DA:15,0
DA:17,0
DA:22,4
DA:23,0
DA:27,0
DA:31,4
DA:32,0
DA:33,0
DA:37,4
DA:38,0
DA:39,0
DA:42,0
DA:47,0
DA:51,4
DA:52,0
DA:53,0
DA:54,0
DA:60,0
DA:64,4
DA:65,0
DA:66,0
DA:67,0
DA:72,0
DA:75,4
LF:36
LH:13
BRDA:11,0,0,0
BRDA:11,0,1,0
BRDA:12,1,0,0
BRDA:12,1,1,0
BRDA:53,2,0,0
BRDA:53,2,1,0
BRF:6
BRH:0
end_of_record
TN:
SF:backend/scripts/ai-governance-report.js
FN:8,generateGovernanceReport
FN:24,(anonymous_1)
FN:25,(anonymous_2)
FN:28,percentChange
FN:45,(anonymous_4)
FN:47,(anonymous_5)
FN:56,(anonymous_6)
FN:58,(anonymous_7)
FN:66,(anonymous_8)
FN:68,(anonymous_9)
FN:78,(anonymous_10)
FN:107,(anonymous_11)
FNF:12
FNH:0
FNDA:0,generateGovernanceReport
FNDA:0,(anonymous_1)
FNDA:0,(anonymous_2)
FNDA:0,percentChange
FNDA:0,(anonymous_4)
FNDA:0,(anonymous_5)
FNDA:0,(anonymous_6)
FNDA:0,(anonymous_7)
FNDA:0,(anonymous_8)
FNDA:0,(anonymous_9)
FNDA:0,(anonymous_10)
FNDA:0,(anonymous_11)
DA:4,4
DA:5,4
DA:6,4
DA:9,0
DA:10,0
DA:11,0
DA:14,0
DA:15,0
DA:17,0
DA:18,0
DA:20,0
DA:21,0
DA:24,0
DA:25,0
DA:29,0
DA:30,0
DA:32,0
DA:40,0
DA:41,0
DA:42,0
DA:44,0
DA:45,0
DA:47,0
DA:50,0
DA:51,0
DA:52,0
DA:53,0
DA:55,0
DA:56,0
DA:58,0
DA:60,0
DA:61,0
DA:62,0
DA:63,0
DA:65,0
DA:66,0
DA:68,0
DA:71,0
DA:72,0
DA:73,0
DA:75,0
DA:76,0
DA:78,0
DA:79,0
DA:81,0
DA:82,0
DA:85,0
DA:105,4
DA:107,0
DA:108,0
DA:109,0
DA:110,0
DA:114,4
LF:53
LH:5
BRDA:29,0,0,0
BRDA:29,0,1,0
BRDA:29,1,0,0
BRDA:29,1,1,0
BRDA:42,2,0,0
BRDA:42,2,1,0
BRDA:52,3,0,0
BRDA:52,3,1,0
BRDA:53,4,0,0
BRDA:53,4,1,0
BRDA:62,5,0,0
BRDA:62,5,1,0
BRDA:63,6,0,0
BRDA:63,6,1,0
BRDA:72,7,0,0
BRDA:72,7,1,0
BRDA:72,8,0,0
BRDA:72,8,1,0
BRDA:75,9,0,0
BRDA:75,9,1,0
BRDA:75,10,0,0
BRDA:75,10,1,0
BRDA:78,11,0,0
BRDA:78,11,1,0
BRDA:78,12,0,0
BRDA:78,12,1,0
BRDA:81,13,0,0
BRDA:81,13,1,0
BRDA:105,14,0,0
BRDA:105,14,1,4
BRF:30
BRH:1
end_of_record
TN:
SF:backend/scripts/ai_change_impact_simulation.js
FN:12,getLatestReport
FN:15,(anonymous_1)
FN:25,getRecentChanges
FN:34,generateChangeImpactSimulation
FN:55,main
FN:66,(anonymous_5)
FNF:6
FNH:5
FNDA:3,getLatestReport
FNDA:24,(anonymous_1)
FNDA:1,getRecentChanges
FNDA:1,generateChangeImpactSimulation
FNDA:1,main
FNDA:0,(anonymous_5)
DA:3,1
DA:4,1
DA:5,1
DA:6,1
DA:8,1
DA:9,1
DA:10,1
DA:13,3
DA:14,3
DA:15,24
DA:17,3
DA:18,1
DA:20,0
DA:21,0
DA:27,1
DA:35,1
DA:38,1
DA:39,0
DA:41,1
DA:42,1
DA:43,0
DA:48,0
DA:50,1
DA:51,1
DA:56,1
DA:57,1
DA:58,1
DA:59,1
DA:60,1
DA:61,1
DA:62,1
DA:65,1
DA:66,0
DA:69,1
LF:34
LH:28
BRDA:15,0,0,24
BRDA:15,0,1,1
BRDA:17,1,0,2
BRDA:17,1,1,1
BRDA:38,2,0,0
BRDA:38,2,1,1
BRDA:38,3,0,1
BRDA:38,3,1,0
BRDA:38,3,2,0
BRDA:38,3,3,0
BRDA:65,4,0,0
BRDA:65,4,1,1
BRF:12
BRH:7
end_of_record
TN:
SF:backend/scripts/ai_innovation_adoption_trends.js
FN:12,getLatestReport
FN:15,(anonymous_1)
FN:25,getUsageStats
FN:36,generateAdoptionTrendsReport
FN:57,main
FN:67,(anonymous_5)
FNF:6
FNH:5
FNDA:2,getLatestReport
FNDA:16,(anonymous_1)
FNDA:1,getUsageStats
FNDA:1,generateAdoptionTrendsReport
FNDA:1,main
FNDA:0,(anonymous_5)
DA:3,1
DA:4,1
DA:5,1
DA:6,1
DA:8,1
DA:9,1
DA:10,1
DA:13,2
DA:14,2
DA:15,16
DA:17,2
DA:18,1
DA:20,0
DA:21,0
DA:27,1
DA:37,1
DA:40,1
DA:41,0
DA:43,1
DA:44,1
DA:45,0
DA:50,0
DA:52,1
DA:53,1
DA:58,1
DA:59,1
DA:60,1
DA:61,1
DA:62,1
DA:63,1
DA:66,1
DA:67,0
DA:70,1
LF:33
LH:27
BRDA:15,0,0,16
BRDA:15,0,1,1
BRDA:17,1,0,1
BRDA:17,1,1,1
BRDA:40,2,0,0
BRDA:40,2,1,1
BRDA:40,3,0,1
BRDA:40,3,1,1
BRDA:40,3,2,0
BRDA:40,3,3,0
BRDA:66,4,0,0
BRDA:66,4,1,1
BRF:12
BRH:8
end_of_record
TN:
SF:backend/scripts/ai_predict_process_weaknesses.js
FN:12,getLatestReport
FN:15,(anonymous_1)
FN:25,generateWeaknessPrediction
FN:46,main
FN:56,(anonymous_4)
FNF:5
FNH:4
FNDA:3,getLatestReport
FNDA:24,(anonymous_1)
FNDA:1,generateWeaknessPrediction
FNDA:1,main
FNDA:0,(anonymous_4)
DA:3,1
DA:4,1
DA:5,1
DA:6,1
DA:8,1
DA:9,1
DA:10,1
DA:13,3
DA:14,3
DA:15,24
DA:17,3
DA:18,1
DA:20,0
DA:21,0
DA:26,1
DA:29,1
DA:30,0
DA:32,1
DA:33,1
DA:34,0
DA:39,0
DA:41,1
DA:42,1
DA:47,1
DA:48,1
DA:49,1
DA:50,1
DA:51,1
DA:52,1
DA:55,1
DA:56,0
DA:59,1
LF:32
LH:26
BRDA:15,0,0,24
BRDA:15,0,1,1
BRDA:17,1,0,2
BRDA:17,1,1,1
BRDA:29,2,0,0
BRDA:29,2,1,1
BRDA:29,3,0,1
BRDA:29,3,1,1
BRDA:29,3,2,1
BRDA:55,4,0,0
BRDA:55,4,1,1
BRF:11
BRH:9
end_of_record
TN:
SF:backend/scripts/ai_sentiment_feedback_analysis.js
FN:12,getLatestReport
FN:15,(anonymous_1)
FN:25,generateSentimentAnalysis
FN:46,main
FN:55,(anonymous_4)
FNF:5
FNH:4
FNDA:2,getLatestReport
FNDA:16,(anonymous_1)
FNDA:1,generateSentimentAnalysis
FNDA:1,main
FNDA:0,(anonymous_4)
DA:3,1
DA:4,1
DA:5,1
DA:6,1
DA:8,1
DA:9,1
DA:10,1
DA:13,2
DA:14,2
DA:15,16
DA:17,2
DA:18,1
DA:20,0
DA:21,0
DA:26,1
DA:29,1
DA:30,0
DA:32,1
DA:33,1
DA:34,0
DA:39,0
DA:41,1
DA:42,1
DA:47,1
DA:48,1
DA:49,1
DA:50,1
DA:51,1
DA:54,1
DA:55,0
DA:58,1
LF:31
LH:25
BRDA:15,0,0,16
BRDA:15,0,1,1
BRDA:17,1,0,1
BRDA:17,1,1,1
BRDA:29,2,0,0
BRDA:29,2,1,1
BRDA:29,3,0,1
BRDA:29,3,1,0
BRDA:54,4,0,0
BRDA:54,4,1,1
BRF:10
BRH:7
end_of_record
TN:
SF:backend/scripts/runWebhooksCron.js
FN:9,fetchExportData
FN:54,deliverWebhook
FN:84,runWebhooksCron
FNF:3
FNH:0
FNDA:0,fetchExportData
FNDA:0,deliverWebhook
FNDA:0,runWebhooksCron
DA:1,4
DA:2,4
DA:3,4
DA:4,4
DA:5,4
DA:6,4
DA:7,4
DA:10,0
DA:12,0
DA:13,0
DA:14,0
DA:15,0
DA:16,0
DA:18,0
DA:20,0
DA:21,0
DA:22,0
DA:23,0
DA:24,0
DA:26,0
DA:28,0
DA:29,0
DA:30,0
DA:31,0
DA:32,0
DA:34,0
DA:36,0
DA:38,0
DA:39,0
DA:40,0
DA:41,0
DA:42,0
DA:43,0
DA:44,0
DA:45,0
DA:47,0
DA:48,0
DA:51,0
DA:55,0
DA:56,0
DA:57,0
DA:58,0
DA:59,0
DA:60,0
DA:61,0
DA:62,0
DA:63,0
DA:64,0
DA:65,0
DA:71,0
DA:72,0
DA:73,0
DA:74,0
DA:75,0
DA:76,0
DA:84,4
DA:85,0
DA:86,0
DA:87,0
DA:89,0
DA:90,0
DA:91,0
DA:92,0
DA:93,0
DA:94,0
DA:95,0
DA:96,0
DA:97,0
DA:98,0
DA:100,0
DA:101,0
LF:71
LH:8
BRDA:10,0,0,0
BRDA:10,0,1,0
BRDA:12,1,0,0
BRDA:12,1,1,0
BRDA:13,2,0,0
BRDA:13,2,1,0
BRDA:14,3,0,0
BRDA:14,3,1,0
BRDA:20,4,0,0
BRDA:20,4,1,0
BRDA:21,5,0,0
BRDA:21,5,1,0
BRDA:22,6,0,0
BRDA:22,6,1,0
BRDA:28,7,0,0
BRDA:28,7,1,0
BRDA:29,8,0,0
BRDA:29,8,1,0
BRDA:30,9,0,0
BRDA:30,9,1,0
BRDA:36,10,0,0
BRDA:36,10,1,0
BRDA:39,11,0,0
BRDA:39,11,1,0
BRDA:40,12,0,0
BRDA:40,12,1,0
BRDA:41,13,0,0
BRDA:41,13,1,0
BRDA:42,14,0,0
BRDA:42,14,1,0
BRDA:43,15,0,0
BRDA:43,15,1,0
BRDA:44,16,0,0
BRDA:44,16,1,0
BRDA:57,17,0,0
BRDA:57,17,1,0
BRDA:58,18,0,0
BRDA:58,18,1,0
BRDA:73,19,0,0
BRDA:73,19,1,0
BRDA:90,20,0,0
BRDA:90,20,1,0
BRDA:91,21,0,0
BRDA:91,21,1,0
BRDA:93,22,0,0
BRDA:93,22,1,0
BRDA:95,23,0,0
BRDA:95,23,1,0
BRDA:97,24,0,0
BRDA:97,24,1,0
BRDA:97,25,0,0
BRDA:97,25,1,0
BRDA:100,26,0,0
BRDA:100,26,1,0
BRF:54
BRH:0
end_of_record
TN:
SF:backend/services/adminService.js
FN:1,checkPermission
FN:7,generateChangeImpactReport
FN:14,generateProcessWeaknessReport
FN:21,generateSentimentFeedbackReport
FN:28,generateInnovationAdoptionReport
FNF:5
FNH:5
FNDA:13,checkPermission
FNDA:4,generateChangeImpactReport
FNDA:3,generateProcessWeaknessReport
FNDA:3,generateSentimentFeedbackReport
FNDA:3,generateInnovationAdoptionReport
DA:2,13
DA:3,5
DA:8,4
DA:9,2
DA:10,2
DA:11,2
DA:15,3
DA:16,2
DA:17,2
DA:18,2
DA:22,3
DA:23,2
DA:24,2
DA:25,2
DA:29,3
DA:30,2
DA:31,2
DA:32,2
DA:35,5
LF:19
LH:19
BRDA:2,0,0,5
BRDA:2,0,1,8
BRDA:2,1,0,13
BRDA:2,1,1,13
BRDA:2,1,2,13
BRF:5
BRH:5
end_of_record
TN:
SF:backend/services/userService.js
FN:8,registerUser
FN:17,loginUser
FN:41,login2FA
FN:61,changeUserRole
FNF:4
FNH:4
FNDA:22,registerUser
FNDA:23,loginUser
FNDA:3,login2FA
FNDA:6,changeUserRole
DA:1,5
DA:2,5
DA:3,5
DA:4,5
DA:5,5
DA:6,5
DA:9,22
DA:10,22
DA:11,20
DA:12,19
DA:13,19
DA:14,19
DA:18,23
DA:19,23
DA:20,23
DA:21,1
DA:22,1
DA:24,22
DA:25,22
DA:26,2
DA:27,2
DA:29,20
DA:30,1
DA:32,19
DA:33,2
DA:35,17
DA:36,17
DA:37,17
DA:38,17
DA:42,3
DA:43,3
DA:44,2
DA:45,2
DA:46,2
DA:47,2
DA:52,2
DA:53,0
DA:54,0
DA:56,2
DA:57,2
DA:58,2
DA:62,6
DA:63,4
DA:64,3
DA:65,3
DA:66,2
DA:67,2
DA:68,2
DA:69,2
DA:70,2
DA:71,2
DA:74,5
LF:52
LH:50
BRDA:10,0,0,2
BRDA:10,0,1,20
BRDA:18,1,0,0
BRDA:18,1,1,23
BRDA:18,2,0,23
BRDA:18,2,1,23
BRDA:20,3,0,1
BRDA:20,3,1,22
BRDA:25,4,0,2
BRDA:25,4,1,20
BRDA:29,5,0,1
BRDA:29,5,1,19
BRDA:29,6,0,20
BRDA:29,6,1,19
BRDA:29,6,2,1
BRDA:32,7,0,2
BRDA:32,7,1,17
BRDA:35,8,0,17
BRDA:35,8,1,1
BRDA:43,9,0,1
BRDA:43,9,1,2
BRDA:45,10,0,0
BRDA:45,10,1,2
BRDA:46,11,0,0
BRDA:46,11,1,2
BRDA:46,12,0,2
BRDA:46,12,1,2
BRDA:52,13,0,0
BRDA:52,13,1,2
BRDA:56,14,0,2
BRDA:56,14,1,0
BRDA:62,15,0,2
BRDA:62,15,1,4
BRDA:63,16,0,1
BRDA:63,16,1,3
BRDA:65,17,0,1
BRDA:65,17,1,2
BRF:37
BRH:32
end_of_record
TN:
SF:backend/utils/chartImage.js
FN:12,generateCtrTrendChart
FN:17,(anonymous_1)
FN:20,(anonymous_2)
FNF:3
FNH:0
FNDA:0,generateCtrTrendChart
FNDA:0,(anonymous_1)
FNDA:0,(anonymous_2)
DA:1,4
DA:3,4
DA:4,4
DA:5,4
DA:13,0
DA:14,0
DA:17,0
DA:20,0
DA:36,0
DA:39,4
LF:10
LH:5
BRF:0
BRH:0
end_of_record
TN:
SF:backend/utils/chartImageHeatmap.js
FN:12,generateSegmentHeatmap
FN:14,(anonymous_1)
FN:15,(anonymous_2)
FN:15,(anonymous_3)
FN:17,(anonymous_4)
FN:17,(anonymous_5)
FN:18,(anonymous_6)
FN:27,(anonymous_7)
FN:28,(anonymous_8)
FN:32,(anonymous_9)
FN:33,(anonymous_10)
FN:43,(anonymous_11)
FN:44,(anonymous_12)
FNF:13
FNH:0
FNDA:0,generateSegmentHeatmap
FNDA:0,(anonymous_1)
FNDA:0,(anonymous_2)
FNDA:0,(anonymous_3)
FNDA:0,(anonymous_4)
FNDA:0,(anonymous_5)
FNDA:0,(anonymous_6)
FNDA:0,(anonymous_7)
FNDA:0,(anonymous_8)
FNDA:0,(anonymous_9)
FNDA:0,(anonymous_10)
FNDA:0,(anonymous_11)
FNDA:0,(anonymous_12)
DA:1,4
DA:3,4
DA:4,4
DA:5,4
DA:14,0
DA:15,0
DA:17,0
DA:18,0
DA:19,0
DA:21,0
DA:22,0
DA:27,0
DA:29,0
DA:30,0
DA:32,0
DA:33,0
DA:43,0
DA:44,0
DA:55,0
DA:57,0
DA:60,4
LF:21
LH:5
BRDA:18,0,0,0
BRDA:18,0,1,0
BRDA:19,1,0,0
BRDA:19,1,1,0
BRDA:30,2,0,0
BRDA:30,2,1,0
BRDA:32,3,0,0
BRDA:32,3,1,0
BRDA:33,4,0,0
BRDA:33,4,1,0
BRDA:55,5,0,0
BRDA:55,5,1,0
BRF:12
BRH:0
end_of_record
TN:
SF:backend/utils/csvReport.js
FN:13,generateDashboardCsv
FN:23,(anonymous_1)
FN:30,(anonymous_2)
FN:37,(anonymous_3)
FNF:4
FNH:0
FNDA:0,generateDashboardCsv
FNDA:0,(anonymous_1)
FNDA:0,(anonymous_2)
FNDA:0,(anonymous_3)
DA:2,4
DA:14,0
DA:16,0
DA:17,0
DA:18,0
DA:19,0
DA:22,0
DA:23,0
DA:24,0
DA:28,0
DA:29,0
DA:30,0
DA:31,0
DA:35,0
DA:36,0
DA:37,0
DA:38,0
DA:41,0
DA:42,0
DA:45,4
LF:20
LH:2
BRDA:18,0,0,0
BRDA:18,0,1,0
BRDA:22,1,0,0
BRDA:22,1,1,0
BRDA:22,2,0,0
BRDA:22,2,1,0
BRDA:28,3,0,0
BRDA:28,3,1,0
BRDA:28,4,0,0
BRDA:28,4,1,0
BRDA:35,5,0,0
BRDA:35,5,1,0
BRDA:35,6,0,0
BRDA:35,6,1,0
BRF:14
BRH:0
end_of_record
TN:
SF:backend/utils/escalationState.js
FN:4,setLastEscalation
FN:8,getLastEscalation
FNF:2
FNH:0
FNDA:0,setLastEscalation
FNDA:0,getLastEscalation
DA:2,4
DA:5,0
DA:9,0
DA:12,4
LF:4
LH:2
BRF:0
BRH:0
end_of_record
TN:
SF:backend/utils/faq.js
FNF:0
FNH:0
LF:0
LH:0
BRF:0
BRH:0
end_of_record
TN:
SF:backend/utils/notificationUtils.js
FN:15,sendPushNotification
FN:31,sendUserNotification
FN:36,sendAdminNotification
FNF:3
FNH:3
FNDA:2,sendPushNotification
FNDA:1,sendUserNotification
FNDA:2,sendAdminNotification
DA:8,7
DA:9,7
DA:10,7
DA:11,7
DA:12,7
DA:16,2
DA:17,2
DA:18,2
DA:21,2
DA:23,0
DA:24,0
DA:25,0
DA:32,1
DA:37,2
DA:38,2
DA:39,1
DA:40,1
DA:42,1
DA:43,1
DA:47,7
LF:20
LH:17
BRDA:17,0,0,0
BRDA:17,0,1,2
BRDA:17,1,0,2
BRDA:17,1,1,2
BRDA:17,1,2,2
BRDA:21,2,0,2
BRDA:21,2,1,0
BRDA:23,3,0,0
BRDA:23,3,1,0
BRDA:24,4,0,0
BRDA:24,4,1,0
BRDA:31,5,0,1
BRDA:39,6,0,1
BRDA:39,6,1,0
BRF:14
BRH:7
end_of_record
TN:
SF:backend/utils/openai.js
FN:2,generateFollowupSummary
FN:30,generateFollowupMessage
FNF:2
FNH:0
FNDA:0,generateFollowupSummary
FNDA:0,generateFollowupMessage
DA:3,0
DA:4,0
DA:8,0
DA:22,0
DA:25,4
DA:27,4
DA:28,4
DA:31,0
DA:32,0
DA:33,0
DA:47,0
DA:50,4
LF:12
LH:4
BRDA:3,0,0,0
BRDA:3,0,1,0
BRDA:31,1,0,0
BRDA:31,1,1,0
BRF:4
BRH:0
end_of_record
TN:
SF:backend/utils/pdfReport.js
FN:29,generateDashboardPdf
FN:60,(anonymous_1)
FNF:2
FNH:0
FNDA:0,generateDashboardPdf
FNDA:0,(anonymous_1)
DA:1,4
DA:2,4
DA:30,0
DA:31,0
DA:32,0
DA:33,0
DA:34,0
DA:35,0
DA:36,0
DA:37,0
DA:38,0
DA:39,0
DA:40,0
DA:41,0
DA:42,0
DA:43,0
DA:44,0
DA:45,0
DA:46,0
DA:47,0
DA:49,0
DA:50,0
DA:51,0
DA:52,0
DA:53,0
DA:54,0
DA:55,0
DA:56,0
DA:57,0
DA:58,0
DA:59,0
DA:60,0
DA:61,0
DA:62,0
DA:65,0
DA:67,0
DA:68,0
DA:69,0
DA:70,0
DA:71,0
DA:72,0
DA:73,0
DA:74,0
DA:78,0
DA:79,0
DA:80,0
DA:81,0
DA:82,0
DA:83,0
DA:84,0
DA:85,0
DA:88,0
DA:91,4
LF:53
LH:3
BRDA:38,0,0,0
BRDA:38,0,1,0
BRDA:57,1,0,0
BRDA:57,1,1,0
BRDA:57,2,0,0
BRDA:57,2,1,0
BRDA:67,3,0,0
BRDA:67,3,1,0
BRDA:69,4,0,0
BRDA:69,4,1,0
BRDA:78,5,0,0
BRDA:78,5,1,0
BRDA:80,6,0,0
BRDA:80,6,1,0
BRF:14
BRH:0
end_of_record
TN:
SF:backend/utils/posthog.js
FN:4,(anonymous_0)
FN:11,captureEvent
FNF:2
FNH:2
FNDA:45,(anonymous_0)
FNDA:45,captureEvent
DA:2,4
DA:4,4
DA:6,0
DA:7,0
DA:12,45
DA:19,4
LF:6
LH:4
BRDA:2,0,0,4
BRDA:2,0,1,0
BRDA:7,1,0,0
BRDA:7,1,1,0
BRDA:11,2,0,0
BRF:5
BRH:1
end_of_record
TN:
SF:backend/utils/pushUtils.js
FN:13,sendPushNotification
FNF:1
FNH:1
FNDA:4,sendPushNotification
DA:1,5
DA:2,5
DA:3,5
DA:4,5
DA:14,4
DA:15,4
DA:16,2
DA:21,2
DA:22,2
DA:23,2
DA:24,1
DA:26,1
DA:28,1
DA:30,1
DA:31,1
DA:40,5
LF:16
LH:16
BRDA:15,0,0,2
BRDA:15,0,1,2
BRDA:15,1,0,4
BRDA:15,1,1,3
BRDA:15,1,2,2
BRDA:24,2,0,1
BRDA:24,2,1,0
BRDA:26,3,0,1
BRDA:26,3,1,0
BRDA:28,4,0,1
BRDA:28,4,1,0
BRF:11
BRH:8
end_of_record
TN:
SF:backend/utils/sendEmail.js
FN:21,sendEmail
FNF:1
FNH:0
FNDA:0,sendEmail
DA:1,6
DA:3,6
DA:22,0
DA:31,6
LF:4
LH:3
BRDA:4,0,0,6
BRDA:4,0,1,6
BRDA:5,1,0,6
BRDA:5,1,1,6
BRDA:7,2,0,6
BRDA:7,2,1,6
BRDA:8,3,0,6
BRDA:8,3,1,6
BRF:8
BRH:8
end_of_record
TN:
SF:backend/utils/slackNotifier.js
FN:7,sendSlackNotification
FNF:1
FNH:0
FNDA:0,sendSlackNotification
DA:4,4
DA:5,4
DA:8,0
DA:9,0
DA:10,0
DA:20,4
LF:6
LH:3
BRDA:8,0,0,0
BRDA:8,0,1,0
BRF:2
BRH:0
end_of_record
TN:
SF:backend/utils/xlsxReport.js
FN:13,generateDashboardXlsx
FN:45,(anonymous_1)
FN:59,(anonymous_2)
FN:73,(anonymous_3)
FNF:4
FNH:0
FNDA:0,generateDashboardXlsx
FNDA:0,(anonymous_1)
FNDA:0,(anonymous_2)
FNDA:0,(anonymous_3)
DA:2,4
DA:14,0
DA:15,0
DA:16,0
DA:17,0
DA:18,0
DA:19,0
DA:20,0
DA:21,0
DA:22,0
DA:23,0
DA:24,0
DA:25,0
DA:26,0
DA:27,0
DA:29,0
DA:30,0
DA:31,0
DA:32,0
DA:33,0
DA:34,0
DA:35,0
DA:36,0
DA:37,0
DA:38,0
DA:39,0
DA:40,0
DA:41,0
DA:42,0
DA:43,0
DA:44,0
DA:45,0
DA:46,0
DA:47,0
DA:49,0
DA:52,0
DA:53,0
DA:54,0
DA:55,0
DA:56,0
DA:57,0
DA:58,0
DA:59,0
DA:60,0
DA:61,0
DA:63,0
DA:66,0
DA:67,0
DA:68,0
DA:69,0
DA:70,0
DA:71,0
DA:72,0
DA:73,0
DA:74,0
DA:75,0
DA:78,0
DA:79,0
DA:82,4
LF:59
LH:2
BRDA:22,0,0,0
BRDA:22,0,1,0
BRDA:38,1,0,0
BRDA:38,1,1,0
BRDA:38,2,0,0
BRDA:38,2,1,0
BRDA:52,3,0,0
BRDA:52,3,1,0
BRDA:52,4,0,0
BRDA:52,4,1,0
BRDA:66,5,0,0
BRDA:66,5,1,0
BRDA:66,6,0,0
BRDA:66,6,1,0
BRF:14
BRH:0
end_of_record
